
[2017-04-30 09:55:36.154][00003AF0][000035E0][Info] > SQLSatellite_LaunchSatellite, dllmain.cpp, 291
[2017-04-30 09:55:36.155][00003AF0][000035E0][Perf] Session(4D9473BD-C226-47C7-AAD2-E4FFCA244843) [SqlSatellite] created.
[2017-04-30 09:55:36.155][00003AF0][000035E0][Info] Session(4D9473BD-C226-47C7-AAD2-E4FFCA244843) CleanupOnExit=1, Settings.JobCleanupOnExit=1
[2017-04-30 09:55:36.155][00003AF0][000035E0][Info] Session 4D9473BD-C226-47C7-AAD2-E4FFCA244843 assigned to MSSQLSERVER01 user
[2017-04-30 09:55:36.156][00003AF0][000035E0][Info] ProcessPool(MSSQLSERVER01-ss-2) with minimum processes 5 created
[2017-04-30 09:55:36.156][00003AF0][000035E0][Info] ProcessPool(MSSQLSERVER01-ss-2) started GrowAsyncWorker() thread 10148 [000027A4].
[2017-04-30 09:55:36.159][00003AF0][000035E0][Info] WorkingDirectory(C:\PROGRA~1\MICROS~3\MSSQL1~1.MSS\MSSQL\EXTENS~1\MSSQLSERVER01\CFD54BCE-DF37-4CDB-A95B-06AB8801776A) created (1)
[2017-04-30 09:55:36.159][00003AF0][000027A4][Info] WorkingDirectory(C:\PROGRA~1\MICROS~3\MSSQL1~1.MSS\MSSQL\EXTENS~1\MSSQLSERVER01\6FF40B3D-0D6E-49CD-B86F-4C67B854F4CB) created (1)
[2017-04-30 09:55:36.163][00003AF0][000027A4][Info] CreateProces(C:\Program Files\Microsoft SQL Server\MSSQL13.MSSQLSERVER\R_SERVICES\bin\x64\rterm.exe  --slave --no-restore --no-save -e "library(RevoScaleR); sessionDirectory <- 'C:\\PROGRA~1\\MICROS~3\\MSSQL1~1.MSS\\MSSQL\\EXTENS~1\\MSSQLSERVER01\\6FF40B3D-0D6E-49CD-B86F-4C67B854F4CB';sessionId <- '6FF40B3D-0D6E-49CD-B86F-4C67B854F4CB';scriptFile <- file.path(sessionDirectory, paste(sessionId, '.R', sep=''));rxIgnoreCallResult <- .Call('RxSqlSessionStart', list(sessionDirectory=sessionDirectory, sessionId=sessionId, waitTime=-1));source(scriptFile)") completed with (00000000) for user (MSSQLSERVER01, (null)) with current directory C:\PROGRA~1\MICROS~3\MSSQL1~1.MSS\MSSQL\EXTENS~1\MSSQLSERVER01\6FF40B3D-0D6E-49CD-B86F-4C67B854F4CB [redirected:(C:\PROGRA~1\MICROS~3\MSSQL1~1.MSS\MSSQL\EXTENS~1\MSSQLSERVER01\6FF40B3D-0D6E-49CD-B86F-4C67B854F4CB\stdout.0.txt, C:\PROGRA~1\MICROS~3\MSSQL1~1.MSS\MSSQL\EXTENS~1\MSSQLSERVER01\6FF40B3D-0D6E-49CD-B86F-4C67B854F4CB\stderr.0.txt)]
[2017-04-30 09:55:36.163][00003AF0][000035E0][Info] CreateProces(C:\Program Files\Microsoft SQL Server\MSSQL13.MSSQLSERVER\R_SERVICES\bin\x64\rterm.exe  --slave --no-restore --no-save -e "library(RevoScaleR); sessionDirectory <- 'C:\\PROGRA~1\\MICROS~3\\MSSQL1~1.MSS\\MSSQL\\EXTENS~1\\MSSQLSERVER01\\CFD54BCE-DF37-4CDB-A95B-06AB8801776A';sessionId <- 'CFD54BCE-DF37-4CDB-A95B-06AB8801776A';scriptFile <- file.path(sessionDirectory, paste(sessionId, '.R', sep=''));rxIgnoreCallResult <- .Call('RxSqlSessionStart', list(sessionDirectory=sessionDirectory, sessionId=sessionId, waitTime=-1));source(scriptFile)") completed with (00000000) for user (MSSQLSERVER01, (null)) with current directory C:\PROGRA~1\MICROS~3\MSSQL1~1.MSS\MSSQL\EXTENS~1\MSSQLSERVER01\CFD54BCE-DF37-4CDB-A95B-06AB8801776A [redirected:(C:\PROGRA~1\MICROS~3\MSSQL1~1.MSS\MSSQL\EXTENS~1\MSSQLSERVER01\CFD54BCE-DF37-4CDB-A95B-06AB8801776A\stdout.0.txt, C:\PROGRA~1\MICROS~3\MSSQL1~1.MSS\MSSQL\EXTENS~1\MSSQLSERVER01\CFD54BCE-DF37-4CDB-A95B-06AB8801776A\stderr.0.txt)]
[2017-04-30 09:55:36.163][00003AF0][000027A4][Info] Job PooledProcess-6FF40B3D-0D6E-49CD-B86F-4C67B854F4CB(00000854) configured with killOnClose=1, memoryLimit=0, silentBreakAway=0
[2017-04-30 09:55:36.163][00003AF0][000035E0][Info] Job PooledProcess-CFD54BCE-DF37-4CDB-A95B-06AB8801776A(00000838) configured with killOnClose=1, memoryLimit=0, silentBreakAway=0
[2017-04-30 09:55:36.163][00003AF0][000027A4][Info] Assigning PooledProcess(0000086C, 00000864, 6FF40B3D-0D6E-49CD-B86F-4C67B854F4CB, C:\Program Files\Microsoft SQL Server\MSSQL13.MSSQLSERVER\R_SERVICES\bin\x64\rterm.exe) to Job PooledProcess-6FF40B3D-0D6E-49CD-B86F-4C67B854F4CB(00000854)
[2017-04-30 09:55:36.163][00003AF0][000035E0][Info] Assigning PooledProcess(00000850, 0000084C, CFD54BCE-DF37-4CDB-A95B-06AB8801776A, C:\Program Files\Microsoft SQL Server\MSSQL13.MSSQLSERVER\R_SERVICES\bin\x64\rterm.exe) to Job PooledProcess-CFD54BCE-DF37-4CDB-A95B-06AB8801776A(00000838)
[2017-04-30 09:55:36.163][00003AF0][000027A4][Info] Resume(PooledProcess(0000086C, 00000864, 6FF40B3D-0D6E-49CD-B86F-4C67B854F4CB, C:\Program Files\Microsoft SQL Server\MSSQL13.MSSQLSERVER\R_SERVICES\bin\x64\rterm.exe))
[2017-04-30 09:55:36.163][00003AF0][000035E0][Info] Resume(PooledProcess(00000850, 0000084C, CFD54BCE-DF37-4CDB-A95B-06AB8801776A, C:\Program Files\Microsoft SQL Server\MSSQL13.MSSQLSERVER\R_SERVICES\bin\x64\rterm.exe))
[2017-04-30 09:55:36.165][00003AF0][000027A4][Info] WorkingDirectory(C:\PROGRA~1\MICROS~3\MSSQL1~1.MSS\MSSQL\EXTENS~1\MSSQLSERVER01\C7786194-CAEA-4165-8814-C60FD67E8A38) created (1)
[2017-04-30 09:55:36.165][00003AF0][000035E0][Info] WorkingDirectory(C:\PROGRA~1\MICROS~3\MSSQL1~1.MSS\MSSQL\EXTENS~1\MSSQLSERVER01\0FF23A3B-ADF2-48A7-B664-EBBB15CC8CB9) created (1)
[2017-04-30 09:55:36.168][00003AF0][000035E0][Info] CreateProces(C:\Program Files\Microsoft SQL Server\MSSQL13.MSSQLSERVER\R_SERVICES\bin\x64\rterm.exe  --slave --no-restore --no-save -e "library(RevoScaleR); sessionDirectory <- 'C:\\PROGRA~1\\MICROS~3\\MSSQL1~1.MSS\\MSSQL\\EXTENS~1\\MSSQLSERVER01\\0FF23A3B-ADF2-48A7-B664-EBBB15CC8CB9';sessionId <- '0FF23A3B-ADF2-48A7-B664-EBBB15CC8CB9';scriptFile <- file.path(sessionDirectory, paste(sessionId, '.R', sep=''));rxIgnoreCallResult <- .Call('RxSqlSessionStart', list(sessionDirectory=sessionDirectory, sessionId=sessionId, waitTime=-1));source(scriptFile)") completed with (00000000) for user (MSSQLSERVER01, (null)) with current directory C:\PROGRA~1\MICROS~3\MSSQL1~1.MSS\MSSQL\EXTENS~1\MSSQLSERVER01\0FF23A3B-ADF2-48A7-B664-EBBB15CC8CB9 [redirected:(C:\PROGRA~1\MICROS~3\MSSQL1~1.MSS\MSSQL\EXTENS~1\MSSQLSERVER01\0FF23A3B-ADF2-48A7-B664-EBBB15CC8CB9\stdout.0.txt, C:\PROGRA~1\MICROS~3\MSSQL1~1.MSS\MSSQL\EXTENS~1\MSSQLSERVER01\0FF23A3B-ADF2-48A7-B664-EBBB15CC8CB9\stderr.0.txt)]
[2017-04-30 09:55:36.168][00003AF0][000027A4][Info] CreateProces(C:\Program Files\Microsoft SQL Server\MSSQL13.MSSQLSERVER\R_SERVICES\bin\x64\rterm.exe  --slave --no-restore --no-save -e "library(RevoScaleR); sessionDirectory <- 'C:\\PROGRA~1\\MICROS~3\\MSSQL1~1.MSS\\MSSQL\\EXTENS~1\\MSSQLSERVER01\\C7786194-CAEA-4165-8814-C60FD67E8A38';sessionId <- 'C7786194-CAEA-4165-8814-C60FD67E8A38';scriptFile <- file.path(sessionDirectory, paste(sessionId, '.R', sep=''));rxIgnoreCallResult <- .Call('RxSqlSessionStart', list(sessionDirectory=sessionDirectory, sessionId=sessionId, waitTime=-1));source(scriptFile)") completed with (00000000) for user (MSSQLSERVER01, (null)) with current directory C:\PROGRA~1\MICROS~3\MSSQL1~1.MSS\MSSQL\EXTENS~1\MSSQLSERVER01\C7786194-CAEA-4165-8814-C60FD67E8A38 [redirected:(C:\PROGRA~1\MICROS~3\MSSQL1~1.MSS\MSSQL\EXTENS~1\MSSQLSERVER01\C7786194-CAEA-4165-8814-C60FD67E8A38\stdout.0.txt, C:\PROGRA~1\MICROS~3\MSSQL1~1.MSS\MSSQL\EXTENS~1\MSSQLSERVER01\C7786194-CAEA-4165-8814-C60FD67E8A38\stderr.0.txt)]
[2017-04-30 09:55:36.168][00003AF0][000035E0][Info] Job PooledProcess-0FF23A3B-ADF2-48A7-B664-EBBB15CC8CB9(00000880) configured with killOnClose=1, memoryLimit=0, silentBreakAway=0
[2017-04-30 09:55:36.168][00003AF0][000027A4][Info] Job PooledProcess-C7786194-CAEA-4165-8814-C60FD67E8A38(0000088C) configured with killOnClose=1, memoryLimit=0, silentBreakAway=0
[2017-04-30 09:55:36.168][00003AF0][000027A4][Info] Assigning PooledProcess(000008B0, 000008AC, C7786194-CAEA-4165-8814-C60FD67E8A38, C:\Program Files\Microsoft SQL Server\MSSQL13.MSSQLSERVER\R_SERVICES\bin\x64\rterm.exe) to Job PooledProcess-C7786194-CAEA-4165-8814-C60FD67E8A38(0000088C)
[2017-04-30 09:55:36.168][00003AF0][000035E0][Info] Assigning PooledProcess(0000089C, 00000898, 0FF23A3B-ADF2-48A7-B664-EBBB15CC8CB9, C:\Program Files\Microsoft SQL Server\MSSQL13.MSSQLSERVER\R_SERVICES\bin\x64\rterm.exe) to Job PooledProcess-0FF23A3B-ADF2-48A7-B664-EBBB15CC8CB9(00000880)
[2017-04-30 09:55:36.168][00003AF0][000027A4][Info] Resume(PooledProcess(000008B0, 000008AC, C7786194-CAEA-4165-8814-C60FD67E8A38, C:\Program Files\Microsoft SQL Server\MSSQL13.MSSQLSERVER\R_SERVICES\bin\x64\rterm.exe))
[2017-04-30 09:55:36.168][00003AF0][000035E0][Info] Resume(PooledProcess(0000089C, 00000898, 0FF23A3B-ADF2-48A7-B664-EBBB15CC8CB9, C:\Program Files\Microsoft SQL Server\MSSQL13.MSSQLSERVER\R_SERVICES\bin\x64\rterm.exe))
[2017-04-30 09:55:36.170][00003AF0][000027A4][Info] WorkingDirectory(C:\PROGRA~1\MICROS~3\MSSQL1~1.MSS\MSSQL\EXTENS~1\MSSQLSERVER01\F612540B-2401-4B79-8416-54C30CC9453B) created (1)
[2017-04-30 09:55:36.170][00003AF0][000035E0][Info] WorkingDirectory(C:\PROGRA~1\MICROS~3\MSSQL1~1.MSS\MSSQL\EXTENS~1\MSSQLSERVER01\48E5B15F-06E7-4710-B6C2-65535E9CEFDB) created (1)
[2017-04-30 09:55:36.172][00003AF0][000027A4][Info] CreateProces(C:\Program Files\Microsoft SQL Server\MSSQL13.MSSQLSERVER\R_SERVICES\bin\x64\rterm.exe  --slave --no-restore --no-save -e "library(RevoScaleR); sessionDirectory <- 'C:\\PROGRA~1\\MICROS~3\\MSSQL1~1.MSS\\MSSQL\\EXTENS~1\\MSSQLSERVER01\\F612540B-2401-4B79-8416-54C30CC9453B';sessionId <- 'F612540B-2401-4B79-8416-54C30CC9453B';scriptFile <- file.path(sessionDirectory, paste(sessionId, '.R', sep=''));rxIgnoreCallResult <- .Call('RxSqlSessionStart', list(sessionDirectory=sessionDirectory, sessionId=sessionId, waitTime=-1));source(scriptFile)") completed with (00000000) for user (MSSQLSERVER01, (null)) with current directory C:\PROGRA~1\MICROS~3\MSSQL1~1.MSS\MSSQL\EXTENS~1\MSSQLSERVER01\F612540B-2401-4B79-8416-54C30CC9453B [redirected:(C:\PROGRA~1\MICROS~3\MSSQL1~1.MSS\MSSQL\EXTENS~1\MSSQLSERVER01\F612540B-2401-4B79-8416-54C30CC9453B\stdout.0.txt, C:\PROGRA~1\MICROS~3\MSSQL1~1.MSS\MSSQL\EXTENS~1\MSSQLSERVER01\F612540B-2401-4B79-8416-54C30CC9453B\stderr.0.txt)]
[2017-04-30 09:55:36.173][00003AF0][000035E0][Info] CreateProces(C:\Program Files\Microsoft SQL Server\MSSQL13.MSSQLSERVER\R_SERVICES\bin\x64\rterm.exe  --slave --no-restore --no-save -e "library(RevoScaleR); sessionDirectory <- 'C:\\PROGRA~1\\MICROS~3\\MSSQL1~1.MSS\\MSSQL\\EXTENS~1\\MSSQLSERVER01\\48E5B15F-06E7-4710-B6C2-65535E9CEFDB';sessionId <- '48E5B15F-06E7-4710-B6C2-65535E9CEFDB';scriptFile <- file.path(sessionDirectory, paste(sessionId, '.R', sep=''));rxIgnoreCallResult <- .Call('RxSqlSessionStart', list(sessionDirectory=sessionDirectory, sessionId=sessionId, waitTime=-1));source(scriptFile)") completed with (00000000) for user (MSSQLSERVER01, (null)) with current directory C:\PROGRA~1\MICROS~3\MSSQL1~1.MSS\MSSQL\EXTENS~1\MSSQLSERVER01\48E5B15F-06E7-4710-B6C2-65535E9CEFDB [redirected:(C:\PROGRA~1\MICROS~3\MSSQL1~1.MSS\MSSQL\EXTENS~1\MSSQLSERVER01\48E5B15F-06E7-4710-B6C2-65535E9CEFDB\stdout.0.txt, C:\PROGRA~1\MICROS~3\MSSQL1~1.MSS\MSSQL\EXTENS~1\MSSQLSERVER01\48E5B15F-06E7-4710-B6C2-65535E9CEFDB\stderr.0.txt)]
[2017-04-30 09:55:36.173][00003AF0][000027A4][Info] Job PooledProcess-F612540B-2401-4B79-8416-54C30CC9453B(000008A4) configured with killOnClose=1, memoryLimit=0, silentBreakAway=0
[2017-04-30 09:55:36.173][00003AF0][000035E0][Info] Job PooledProcess-48E5B15F-06E7-4710-B6C2-65535E9CEFDB(000008A0) configured with killOnClose=1, memoryLimit=0, silentBreakAway=0
[2017-04-30 09:55:36.173][00003AF0][000027A4][Info] Assigning PooledProcess(000008B8, 00000894, F612540B-2401-4B79-8416-54C30CC9453B, C:\Program Files\Microsoft SQL Server\MSSQL13.MSSQLSERVER\R_SERVICES\bin\x64\rterm.exe) to Job PooledProcess-F612540B-2401-4B79-8416-54C30CC9453B(000008A4)
[2017-04-30 09:55:36.173][00003AF0][000035E0][Info] Assigning PooledProcess(000008C8, 000008BC, 48E5B15F-06E7-4710-B6C2-65535E9CEFDB, C:\Program Files\Microsoft SQL Server\MSSQL13.MSSQLSERVER\R_SERVICES\bin\x64\rterm.exe) to Job PooledProcess-48E5B15F-06E7-4710-B6C2-65535E9CEFDB(000008A0)
[2017-04-30 09:55:36.173][00003AF0][000027A4][Info] Resume(PooledProcess(000008B8, 00000894, F612540B-2401-4B79-8416-54C30CC9453B, C:\Program Files\Microsoft SQL Server\MSSQL13.MSSQLSERVER\R_SERVICES\bin\x64\rterm.exe))
[2017-04-30 09:55:36.173][00003AF0][000035E0][Info] Resume(PooledProcess(000008C8, 000008BC, 48E5B15F-06E7-4710-B6C2-65535E9CEFDB, C:\Program Files\Microsoft SQL Server\MSSQL13.MSSQLSERVER\R_SERVICES\bin\x64\rterm.exe))
[2017-04-30 09:55:36.177][00003AF0][000035E0][Info] WorkingDirectory(C:\PROGRA~1\MICROS~3\MSSQL1~1.MSS\MSSQL\EXTENS~1\MSSQLSERVER01\0068A063-52A5-4FA6-9840-E22D994EC229) created (1)
[2017-04-30 09:55:36.177][00003AF0][000027A4][Info] WorkingDirectory(C:\PROGRA~1\MICROS~3\MSSQL1~1.MSS\MSSQL\EXTENS~1\MSSQLSERVER01\5652DF9A-4D73-46D6-94AF-A6E8E73DD3C0) created (1)
[2017-04-30 09:55:36.179][00003AF0][000035E0][Info] CreateProces(C:\Program Files\Microsoft SQL Server\MSSQL13.MSSQLSERVER\R_SERVICES\bin\x64\rterm.exe  --slave --no-restore --no-save -e "library(RevoScaleR); sessionDirectory <- 'C:\\PROGRA~1\\MICROS~3\\MSSQL1~1.MSS\\MSSQL\\EXTENS~1\\MSSQLSERVER01\\0068A063-52A5-4FA6-9840-E22D994EC229';sessionId <- '0068A063-52A5-4FA6-9840-E22D994EC229';scriptFile <- file.path(sessionDirectory, paste(sessionId, '.R', sep=''));rxIgnoreCallResult <- .Call('RxSqlSessionStart', list(sessionDirectory=sessionDirectory, sessionId=sessionId, waitTime=-1));source(scriptFile)") completed with (00000000) for user (MSSQLSERVER01, (null)) with current directory C:\PROGRA~1\MICROS~3\MSSQL1~1.MSS\MSSQL\EXTENS~1\MSSQLSERVER01\0068A063-52A5-4FA6-9840-E22D994EC229 [redirected:(C:\PROGRA~1\MICROS~3\MSSQL1~1.MSS\MSSQL\EXTENS~1\MSSQLSERVER01\0068A063-52A5-4FA6-9840-E22D994EC229\stdout.0.txt, C:\PROGRA~1\MICROS~3\MSSQL1~1.MSS\MSSQL\EXTENS~1\MSSQLSERVER01\0068A063-52A5-4FA6-9840-E22D994EC229\stderr.0.txt)]
[2017-04-30 09:55:36.180][00003AF0][000027A4][Info] CreateProces(C:\Program Files\Microsoft SQL Server\MSSQL13.MSSQLSERVER\R_SERVICES\bin\x64\rterm.exe  --slave --no-restore --no-save -e "library(RevoScaleR); sessionDirectory <- 'C:\\PROGRA~1\\MICROS~3\\MSSQL1~1.MSS\\MSSQL\\EXTENS~1\\MSSQLSERVER01\\5652DF9A-4D73-46D6-94AF-A6E8E73DD3C0';sessionId <- '5652DF9A-4D73-46D6-94AF-A6E8E73DD3C0';scriptFile <- file.path(sessionDirectory, paste(sessionId, '.R', sep=''));rxIgnoreCallResult <- .Call('RxSqlSessionStart', list(sessionDirectory=sessionDirectory, sessionId=sessionId, waitTime=-1));source(scriptFile)") completed with (00000000) for user (MSSQLSERVER01, (null)) with current directory C:\PROGRA~1\MICROS~3\MSSQL1~1.MSS\MSSQL\EXTENS~1\MSSQLSERVER01\5652DF9A-4D73-46D6-94AF-A6E8E73DD3C0 [redirected:(C:\PROGRA~1\MICROS~3\MSSQL1~1.MSS\MSSQL\EXTENS~1\MSSQLSERVER01\5652DF9A-4D73-46D6-94AF-A6E8E73DD3C0\stdout.0.txt, C:\PROGRA~1\MICROS~3\MSSQL1~1.MSS\MSSQL\EXTENS~1\MSSQLSERVER01\5652DF9A-4D73-46D6-94AF-A6E8E73DD3C0\stderr.0.txt)]
[2017-04-30 09:55:36.180][00003AF0][000027A4][Info] Job PooledProcess-5652DF9A-4D73-46D6-94AF-A6E8E73DD3C0(000008D8) configured with killOnClose=1, memoryLimit=0, silentBreakAway=0
[2017-04-30 09:55:36.180][00003AF0][000035E0][Info] Job PooledProcess-0068A063-52A5-4FA6-9840-E22D994EC229(000008B4) configured with killOnClose=1, memoryLimit=0, silentBreakAway=0
[2017-04-30 09:55:36.180][00003AF0][000027A4][Info] Assigning PooledProcess(000008E8, 000008E4, 5652DF9A-4D73-46D6-94AF-A6E8E73DD3C0, C:\Program Files\Microsoft SQL Server\MSSQL13.MSSQLSERVER\R_SERVICES\bin\x64\rterm.exe) to Job PooledProcess-5652DF9A-4D73-46D6-94AF-A6E8E73DD3C0(000008D8)
[2017-04-30 09:55:36.180][00003AF0][000035E0][Info] Assigning PooledProcess(00000840, 000008C4, 0068A063-52A5-4FA6-9840-E22D994EC229, C:\Program Files\Microsoft SQL Server\MSSQL13.MSSQLSERVER\R_SERVICES\bin\x64\rterm.exe) to Job PooledProcess-0068A063-52A5-4FA6-9840-E22D994EC229(000008B4)
[2017-04-30 09:55:36.180][00003AF0][000027A4][Info] Resume(PooledProcess(000008E8, 000008E4, 5652DF9A-4D73-46D6-94AF-A6E8E73DD3C0, C:\Program Files\Microsoft SQL Server\MSSQL13.MSSQLSERVER\R_SERVICES\bin\x64\rterm.exe))
[2017-04-30 09:55:36.180][00003AF0][000035E0][Info] Resume(PooledProcess(00000840, 000008C4, 0068A063-52A5-4FA6-9840-E22D994EC229, C:\Program Files\Microsoft SQL Server\MSSQL13.MSSQLSERVER\R_SERVICES\bin\x64\rterm.exe))
[2017-04-30 09:55:36.181][00003AF0][000027A4][Info] WorkingDirectory(C:\PROGRA~1\MICROS~3\MSSQL1~1.MSS\MSSQL\EXTENS~1\MSSQLSERVER01\C9976D16-42FD-4CA5-8570-1FF51E19EFFC) created (1)
[2017-04-30 09:55:36.182][00003AF0][000035E0][Info] WorkingDirectory(C:\PROGRA~1\MICROS~3\MSSQL1~1.MSS\MSSQL\EXTENS~1\MSSQLSERVER01\B9284FC5-F7FA-4283-990E-B739E6D1792A) created (1)
[2017-04-30 09:55:36.184][00003AF0][000027A4][Info] CreateProces(C:\Program Files\Microsoft SQL Server\MSSQL13.MSSQLSERVER\R_SERVICES\bin\x64\rterm.exe  --slave --no-restore --no-save -e "library(RevoScaleR); sessionDirectory <- 'C:\\PROGRA~1\\MICROS~3\\MSSQL1~1.MSS\\MSSQL\\EXTENS~1\\MSSQLSERVER01\\C9976D16-42FD-4CA5-8570-1FF51E19EFFC';sessionId <- 'C9976D16-42FD-4CA5-8570-1FF51E19EFFC';scriptFile <- file.path(sessionDirectory, paste(sessionId, '.R', sep=''));rxIgnoreCallResult <- .Call('RxSqlSessionStart', list(sessionDirectory=sessionDirectory, sessionId=sessionId, waitTime=-1));source(scriptFile)") completed with (00000000) for user (MSSQLSERVER01, (null)) with current directory C:\PROGRA~1\MICROS~3\MSSQL1~1.MSS\MSSQL\EXTENS~1\MSSQLSERVER01\C9976D16-42FD-4CA5-8570-1FF51E19EFFC [redirected:(C:\PROGRA~1\MICROS~3\MSSQL1~1.MSS\MSSQL\EXTENS~1\MSSQLSERVER01\C9976D16-42FD-4CA5-8570-1FF51E19EFFC\stdout.0.txt, C:\PROGRA~1\MICROS~3\MSSQL1~1.MSS\MSSQL\EXTENS~1\MSSQLSERVER01\C9976D16-42FD-4CA5-8570-1FF51E19EFFC\stderr.0.txt)]
[2017-04-30 09:55:36.184][00003AF0][000035E0][Info] CreateProces(C:\Program Files\Microsoft SQL Server\MSSQL13.MSSQLSERVER\R_SERVICES\bin\x64\rterm.exe  --slave --no-restore --no-save -e "library(RevoScaleR); sessionDirectory <- 'C:\\PROGRA~1\\MICROS~3\\MSSQL1~1.MSS\\MSSQL\\EXTENS~1\\MSSQLSERVER01\\B9284FC5-F7FA-4283-990E-B739E6D1792A';sessionId <- 'B9284FC5-F7FA-4283-990E-B739E6D1792A';scriptFile <- file.path(sessionDirectory, paste(sessionId, '.R', sep=''));rxIgnoreCallResult <- .Call('RxSqlSessionStart', list(sessionDirectory=sessionDirectory, sessionId=sessionId, waitTime=-1));source(scriptFile)") completed with (00000000) for user (MSSQLSERVER01, (null)) with current directory C:\PROGRA~1\MICROS~3\MSSQL1~1.MSS\MSSQL\EXTENS~1\MSSQLSERVER01\B9284FC5-F7FA-4283-990E-B739E6D1792A [redirected:(C:\PROGRA~1\MICROS~3\MSSQL1~1.MSS\MSSQL\EXTENS~1\MSSQLSERVER01\B9284FC5-F7FA-4283-990E-B739E6D1792A\stdout.0.txt, C:\PROGRA~1\MICROS~3\MSSQL1~1.MSS\MSSQL\EXTENS~1\MSSQLSERVER01\B9284FC5-F7FA-4283-990E-B739E6D1792A\stderr.0.txt)]
[2017-04-30 09:55:36.185][00003AF0][000027A4][Info] Job PooledProcess-C9976D16-42FD-4CA5-8570-1FF51E19EFFC(000008CC) configured with killOnClose=1, memoryLimit=0, silentBreakAway=0
[2017-04-30 09:55:36.185][00003AF0][000027A4][Info] Assigning PooledProcess(00000904, 00000900, C9976D16-42FD-4CA5-8570-1FF51E19EFFC, C:\Program Files\Microsoft SQL Server\MSSQL13.MSSQLSERVER\R_SERVICES\bin\x64\rterm.exe) to Job PooledProcess-C9976D16-42FD-4CA5-8570-1FF51E19EFFC(000008CC)
[2017-04-30 09:55:36.185][00003AF0][000027A4][Info] Resume(PooledProcess(00000904, 00000900, C9976D16-42FD-4CA5-8570-1FF51E19EFFC, C:\Program Files\Microsoft SQL Server\MSSQL13.MSSQLSERVER\R_SERVICES\bin\x64\rterm.exe))
[2017-04-30 09:55:36.185][00003AF0][000035E0][Info] Job PooledProcess-B9284FC5-F7FA-4283-990E-B739E6D1792A(00000870) configured with killOnClose=1, memoryLimit=0, silentBreakAway=0
[2017-04-30 09:55:36.186][00003AF0][000035E0][Info] Assigning PooledProcess(000008F4, 000008EC, B9284FC5-F7FA-4283-990E-B739E6D1792A, C:\Program Files\Microsoft SQL Server\MSSQL13.MSSQLSERVER\R_SERVICES\bin\x64\rterm.exe) to Job PooledProcess-B9284FC5-F7FA-4283-990E-B739E6D1792A(00000870)
[2017-04-30 09:55:36.186][00003AF0][000035E0][Info] Resume(PooledProcess(000008F4, 000008EC, B9284FC5-F7FA-4283-990E-B739E6D1792A, C:\Program Files\Microsoft SQL Server\MSSQL13.MSSQLSERVER\R_SERVICES\bin\x64\rterm.exe))
[2017-04-30 09:55:36.187][00003AF0][000027A4][Info] WorkingDirectory(C:\PROGRA~1\MICROS~3\MSSQL1~1.MSS\MSSQL\EXTENS~1\MSSQLSERVER01\E9F85827-0BD2-49B0-B6AD-5D07CB48C7DD) created (1)
[2017-04-30 09:55:36.187][00003AF0][000035E0][Info] WorkingDirectory(C:\PROGRA~1\MICROS~3\MSSQL1~1.MSS\MSSQL\EXTENS~1\MSSQLSERVER01\525944F3-E6DB-4117-86FE-FCFE6A8EAD08) created (1)
[2017-04-30 09:55:36.189][00003AF0][000027A4][Info] CreateProces(C:\Program Files\Microsoft SQL Server\MSSQL13.MSSQLSERVER\R_SERVICES\bin\x64\rterm.exe  --slave --no-restore --no-save -e "library(RevoScaleR); sessionDirectory <- 'C:\\PROGRA~1\\MICROS~3\\MSSQL1~1.MSS\\MSSQL\\EXTENS~1\\MSSQLSERVER01\\E9F85827-0BD2-49B0-B6AD-5D07CB48C7DD';sessionId <- 'E9F85827-0BD2-49B0-B6AD-5D07CB48C7DD';scriptFile <- file.path(sessionDirectory, paste(sessionId, '.R', sep=''));rxIgnoreCallResult <- .Call('RxSqlSessionStart', list(sessionDirectory=sessionDirectory, sessionId=sessionId, waitTime=-1));source(scriptFile)") completed with (00000000) for user (MSSQLSERVER01, (null)) with current directory C:\PROGRA~1\MICROS~3\MSSQL1~1.MSS\MSSQL\EXTENS~1\MSSQLSERVER01\E9F85827-0BD2-49B0-B6AD-5D07CB48C7DD [redirected:(C:\PROGRA~1\MICROS~3\MSSQL1~1.MSS\MSSQL\EXTENS~1\MSSQLSERVER01\E9F85827-0BD2-49B0-B6AD-5D07CB48C7DD\stdout.0.txt, C:\PROGRA~1\MICROS~3\MSSQL1~1.MSS\MSSQL\EXTENS~1\MSSQLSERVER01\E9F85827-0BD2-49B0-B6AD-5D07CB48C7DD\stderr.0.txt)]
[2017-04-30 09:55:36.190][00003AF0][000027A4][Info] Job PooledProcess-E9F85827-0BD2-49B0-B6AD-5D07CB48C7DD(000008F0) configured with killOnClose=1, memoryLimit=0, silentBreakAway=0
[2017-04-30 09:55:36.190][00003AF0][000035E0][Info] CreateProces(C:\Program Files\Microsoft SQL Server\MSSQL13.MSSQLSERVER\R_SERVICES\bin\x64\rterm.exe  --slave --no-restore --no-save -e "library(RevoScaleR); sessionDirectory <- 'C:\\PROGRA~1\\MICROS~3\\MSSQL1~1.MSS\\MSSQL\\EXTENS~1\\MSSQLSERVER01\\525944F3-E6DB-4117-86FE-FCFE6A8EAD08';sessionId <- '525944F3-E6DB-4117-86FE-FCFE6A8EAD08';scriptFile <- file.path(sessionDirectory, paste(sessionId, '.R', sep=''));rxIgnoreCallResult <- .Call('RxSqlSessionStart', list(sessionDirectory=sessionDirectory, sessionId=sessionId, waitTime=-1));source(scriptFile)") completed with (00000000) for user (MSSQLSERVER01, (null)) with current directory C:\PROGRA~1\MICROS~3\MSSQL1~1.MSS\MSSQL\EXTENS~1\MSSQLSERVER01\525944F3-E6DB-4117-86FE-FCFE6A8EAD08 [redirected:(C:\PROGRA~1\MICROS~3\MSSQL1~1.MSS\MSSQL\EXTENS~1\MSSQLSERVER01\525944F3-E6DB-4117-86FE-FCFE6A8EAD08\stdout.0.txt, C:\PROGRA~1\MICROS~3\MSSQL1~1.MSS\MSSQL\EXTENS~1\MSSQLSERVER01\525944F3-E6DB-4117-86FE-FCFE6A8EAD08\stderr.0.txt)]
[2017-04-30 09:55:36.190][00003AF0][000027A4][Info] Assigning PooledProcess(00000914, 000008E0, E9F85827-0BD2-49B0-B6AD-5D07CB48C7DD, C:\Program Files\Microsoft SQL Server\MSSQL13.MSSQLSERVER\R_SERVICES\bin\x64\rterm.exe) to Job PooledProcess-E9F85827-0BD2-49B0-B6AD-5D07CB48C7DD(000008F0)
[2017-04-30 09:55:36.190][00003AF0][000035E0][Info] Job PooledProcess-525944F3-E6DB-4117-86FE-FCFE6A8EAD08(00000918) configured with killOnClose=1, memoryLimit=0, silentBreakAway=0
[2017-04-30 09:55:36.190][00003AF0][000027A4][Info] Resume(PooledProcess(00000914, 000008E0, E9F85827-0BD2-49B0-B6AD-5D07CB48C7DD, C:\Program Files\Microsoft SQL Server\MSSQL13.MSSQLSERVER\R_SERVICES\bin\x64\rterm.exe))
[2017-04-30 09:55:36.190][00003AF0][000035E0][Info] Assigning PooledProcess(00000928, 00000924, 525944F3-E6DB-4117-86FE-FCFE6A8EAD08, C:\Program Files\Microsoft SQL Server\MSSQL13.MSSQLSERVER\R_SERVICES\bin\x64\rterm.exe) to Job PooledProcess-525944F3-E6DB-4117-86FE-FCFE6A8EAD08(00000918)
[2017-04-30 09:55:36.190][00003AF0][000035E0][Info] Resume(PooledProcess(00000928, 00000924, 525944F3-E6DB-4117-86FE-FCFE6A8EAD08, C:\Program Files\Microsoft SQL Server\MSSQL13.MSSQLSERVER\R_SERVICES\bin\x64\rterm.exe))
[2017-04-30 09:55:36.191][00003AF0][000027A4][Info] WorkingDirectory(C:\PROGRA~1\MICROS~3\MSSQL1~1.MSS\MSSQL\EXTENS~1\MSSQLSERVER01\71BB841B-642D-4B98-BCAF-264458D42669) created (1)
[2017-04-30 09:55:36.192][00003AF0][000035E0][Info] WorkingDirectory(C:\PROGRA~1\MICROS~3\MSSQL1~1.MSS\MSSQL\EXTENS~1\MSSQLSERVER01\D10611C6-E7CE-409D-8A95-3E4F918EBA67) created (1)
[2017-04-30 09:55:36.195][00003AF0][000027A4][Info] CreateProces(C:\Program Files\Microsoft SQL Server\MSSQL13.MSSQLSERVER\R_SERVICES\bin\x64\rterm.exe  --slave --no-restore --no-save -e "library(RevoScaleR); sessionDirectory <- 'C:\\PROGRA~1\\MICROS~3\\MSSQL1~1.MSS\\MSSQL\\EXTENS~1\\MSSQLSERVER01\\71BB841B-642D-4B98-BCAF-264458D42669';sessionId <- '71BB841B-642D-4B98-BCAF-264458D42669';scriptFile <- file.path(sessionDirectory, paste(sessionId, '.R', sep=''));rxIgnoreCallResult <- .Call('RxSqlSessionStart', list(sessionDirectory=sessionDirectory, sessionId=sessionId, waitTime=-1));source(scriptFile)") completed with (00000000) for user (MSSQLSERVER01, (null)) with current directory C:\PROGRA~1\MICROS~3\MSSQL1~1.MSS\MSSQL\EXTENS~1\MSSQLSERVER01\71BB841B-642D-4B98-BCAF-264458D42669 [redirected:(C:\PROGRA~1\MICROS~3\MSSQL1~1.MSS\MSSQL\EXTENS~1\MSSQLSERVER01\71BB841B-642D-4B98-BCAF-264458D42669\stdout.0.txt, C:\PROGRA~1\MICROS~3\MSSQL1~1.MSS\MSSQL\EXTENS~1\MSSQLSERVER01\71BB841B-642D-4B98-BCAF-264458D42669\stderr.0.txt)]
[2017-04-30 09:55:36.195][00003AF0][000035E0][Info] CreateProces(C:\Program Files\Microsoft SQL Server\MSSQL13.MSSQLSERVER\R_SERVICES\bin\x64\rterm.exe  --slave --no-restore --no-save -e "library(RevoScaleR); sessionDirectory <- 'C:\\PROGRA~1\\MICROS~3\\MSSQL1~1.MSS\\MSSQL\\EXTENS~1\\MSSQLSERVER01\\D10611C6-E7CE-409D-8A95-3E4F918EBA67';sessionId <- 'D10611C6-E7CE-409D-8A95-3E4F918EBA67';scriptFile <- file.path(sessionDirectory, paste(sessionId, '.R', sep=''));rxIgnoreCallResult <- .Call('RxSqlSessionStart', list(sessionDirectory=sessionDirectory, sessionId=sessionId, waitTime=-1));source(scriptFile)") completed with (00000000) for user (MSSQLSERVER01, (null)) with current directory C:\PROGRA~1\MICROS~3\MSSQL1~1.MSS\MSSQL\EXTENS~1\MSSQLSERVER01\D10611C6-E7CE-409D-8A95-3E4F918EBA67 [redirected:(C:\PROGRA~1\MICROS~3\MSSQL1~1.MSS\MSSQL\EXTENS~1\MSSQLSERVER01\D10611C6-E7CE-409D-8A95-3E4F918EBA67\stdout.0.txt, C:\PROGRA~1\MICROS~3\MSSQL1~1.MSS\MSSQL\EXTENS~1\MSSQLSERVER01\D10611C6-E7CE-409D-8A95-3E4F918EBA67\stderr.0.txt)]
[2017-04-30 09:55:36.195][00003AF0][000035E0][Info] Job PooledProcess-D10611C6-E7CE-409D-8A95-3E4F918EBA67(000008F8) configured with killOnClose=1, memoryLimit=0, silentBreakAway=0
[2017-04-30 09:55:36.196][00003AF0][000035E0][Info] Assigning PooledProcess(00000934, 0000092C, D10611C6-E7CE-409D-8A95-3E4F918EBA67, C:\Program Files\Microsoft SQL Server\MSSQL13.MSSQLSERVER\R_SERVICES\bin\x64\rterm.exe) to Job PooledProcess-D10611C6-E7CE-409D-8A95-3E4F918EBA67(000008F8)
[2017-04-30 09:55:36.196][00003AF0][000035E0][Info] Resume(PooledProcess(00000934, 0000092C, D10611C6-E7CE-409D-8A95-3E4F918EBA67, C:\Program Files\Microsoft SQL Server\MSSQL13.MSSQLSERVER\R_SERVICES\bin\x64\rterm.exe))
[2017-04-30 09:55:36.195][00003AF0][000027A4][Info] Job PooledProcess-71BB841B-642D-4B98-BCAF-264458D42669(0000090C) configured with killOnClose=1, memoryLimit=0, silentBreakAway=0
[2017-04-30 09:55:36.196][00003AF0][000027A4][Info] Assigning PooledProcess(0000093C, 00000938, 71BB841B-642D-4B98-BCAF-264458D42669, C:\Program Files\Microsoft SQL Server\MSSQL13.MSSQLSERVER\R_SERVICES\bin\x64\rterm.exe) to Job PooledProcess-71BB841B-642D-4B98-BCAF-264458D42669(0000090C)
[2017-04-30 09:55:36.196][00003AF0][000027A4][Info] Resume(PooledProcess(0000093C, 00000938, 71BB841B-642D-4B98-BCAF-264458D42669, C:\Program Files\Microsoft SQL Server\MSSQL13.MSSQLSERVER\R_SERVICES\bin\x64\rterm.exe))
[2017-04-30 09:55:36.197][00003AF0][000035E0][Info] WorkingDirectory(C:\PROGRA~1\MICROS~3\MSSQL1~1.MSS\MSSQL\EXTENS~1\MSSQLSERVER01\B42CAD61-AD27-4634-B8DF-3DBBE096C037) created (1)
[2017-04-30 09:55:36.197][00003AF0][000027A4][Info] WorkingDirectory(C:\PROGRA~1\MICROS~3\MSSQL1~1.MSS\MSSQL\EXTENS~1\MSSQLSERVER01\EBE0EB07-FD0D-401C-A0E2-F62C4345B2B9) created (1)
[2017-04-30 09:55:36.200][00003AF0][000027A4][Info] CreateProces(C:\Program Files\Microsoft SQL Server\MSSQL13.MSSQLSERVER\R_SERVICES\bin\x64\rterm.exe  --slave --no-restore --no-save -e "library(RevoScaleR); sessionDirectory <- 'C:\\PROGRA~1\\MICROS~3\\MSSQL1~1.MSS\\MSSQL\\EXTENS~1\\MSSQLSERVER01\\EBE0EB07-FD0D-401C-A0E2-F62C4345B2B9';sessionId <- 'EBE0EB07-FD0D-401C-A0E2-F62C4345B2B9';scriptFile <- file.path(sessionDirectory, paste(sessionId, '.R', sep=''));rxIgnoreCallResult <- .Call('RxSqlSessionStart', list(sessionDirectory=sessionDirectory, sessionId=sessionId, waitTime=-1));source(scriptFile)") completed with (00000000) for user (MSSQLSERVER01, (null)) with current directory C:\PROGRA~1\MICROS~3\MSSQL1~1.MSS\MSSQL\EXTENS~1\MSSQLSERVER01\EBE0EB07-FD0D-401C-A0E2-F62C4345B2B9 [redirected:(C:\PROGRA~1\MICROS~3\MSSQL1~1.MSS\MSSQL\EXTENS~1\MSSQLSERVER01\EBE0EB07-FD0D-401C-A0E2-F62C4345B2B9\stdout.0.txt, C:\PROGRA~1\MICROS~3\MSSQL1~1.MSS\MSSQL\EXTENS~1\MSSQLSERVER01\EBE0EB07-FD0D-401C-A0E2-F62C4345B2B9\stderr.0.txt)]
[2017-04-30 09:55:36.200][00003AF0][000035E0][Info] CreateProces(C:\Program Files\Microsoft SQL Server\MSSQL13.MSSQLSERVER\R_SERVICES\bin\x64\rterm.exe  --slave --no-restore --no-save -e "library(RevoScaleR); sessionDirectory <- 'C:\\PROGRA~1\\MICROS~3\\MSSQL1~1.MSS\\MSSQL\\EXTENS~1\\MSSQLSERVER01\\B42CAD61-AD27-4634-B8DF-3DBBE096C037';sessionId <- 'B42CAD61-AD27-4634-B8DF-3DBBE096C037';scriptFile <- file.path(sessionDirectory, paste(sessionId, '.R', sep=''));rxIgnoreCallResult <- .Call('RxSqlSessionStart', list(sessionDirectory=sessionDirectory, sessionId=sessionId, waitTime=-1));source(scriptFile)") completed with (00000000) for user (MSSQLSERVER01, (null)) with current directory C:\PROGRA~1\MICROS~3\MSSQL1~1.MSS\MSSQL\EXTENS~1\MSSQLSERVER01\B42CAD61-AD27-4634-B8DF-3DBBE096C037 [redirected:(C:\PROGRA~1\MICROS~3\MSSQL1~1.MSS\MSSQL\EXTENS~1\MSSQLSERVER01\B42CAD61-AD27-4634-B8DF-3DBBE096C037\stdout.0.txt, C:\PROGRA~1\MICROS~3\MSSQL1~1.MSS\MSSQL\EXTENS~1\MSSQLSERVER01\B42CAD61-AD27-4634-B8DF-3DBBE096C037\stderr.0.txt)]
[2017-04-30 09:55:36.200][00003AF0][000027A4][Info] Job PooledProcess-EBE0EB07-FD0D-401C-A0E2-F62C4345B2B9(00000948) configured with killOnClose=1, memoryLimit=0, silentBreakAway=0
[2017-04-30 09:55:36.201][00003AF0][000035E0][Info] Job PooledProcess-B42CAD61-AD27-4634-B8DF-3DBBE096C037(0000095C) configured with killOnClose=1, memoryLimit=0, silentBreakAway=0
[2017-04-30 09:55:36.201][00003AF0][000027A4][Info] Assigning PooledProcess(00000940, 00000944, EBE0EB07-FD0D-401C-A0E2-F62C4345B2B9, C:\Program Files\Microsoft SQL Server\MSSQL13.MSSQLSERVER\R_SERVICES\bin\x64\rterm.exe) to Job PooledProcess-EBE0EB07-FD0D-401C-A0E2-F62C4345B2B9(00000948)
[2017-04-30 09:55:36.201][00003AF0][000035E0][Info] Assigning PooledProcess(00000964, 00000958, B42CAD61-AD27-4634-B8DF-3DBBE096C037, C:\Program Files\Microsoft SQL Server\MSSQL13.MSSQLSERVER\R_SERVICES\bin\x64\rterm.exe) to Job PooledProcess-B42CAD61-AD27-4634-B8DF-3DBBE096C037(0000095C)
[2017-04-30 09:55:36.201][00003AF0][000027A4][Info] Resume(PooledProcess(00000940, 00000944, EBE0EB07-FD0D-401C-A0E2-F62C4345B2B9, C:\Program Files\Microsoft SQL Server\MSSQL13.MSSQLSERVER\R_SERVICES\bin\x64\rterm.exe))
[2017-04-30 09:55:36.201][00003AF0][000035E0][Info] Resume(PooledProcess(00000964, 00000958, B42CAD61-AD27-4634-B8DF-3DBBE096C037, C:\Program Files\Microsoft SQL Server\MSSQL13.MSSQLSERVER\R_SERVICES\bin\x64\rterm.exe))
[2017-04-30 09:55:36.201][00003AF0][000027A4][Info] ProcessPool(MSSQLSERVER01-ss-2) adding PooledProcess(0000086C, 00000864, 6FF40B3D-0D6E-49CD-B86F-4C67B854F4CB, C:\Program Files\Microsoft SQL Server\MSSQL13.MSSQLSERVER\R_SERVICES\bin\x64\rterm.exe)
[2017-04-30 09:55:36.201][00003AF0][000027A4][Info] ProcessPool(MSSQLSERVER01-ss-2) adding PooledProcess(000008B0, 000008AC, C7786194-CAEA-4165-8814-C60FD67E8A38, C:\Program Files\Microsoft SQL Server\MSSQL13.MSSQLSERVER\R_SERVICES\bin\x64\rterm.exe)
[2017-04-30 09:55:36.201][00003AF0][000035E0][Info] Session[4D9473BD-C226-47C7-AAD2-E4FFCA244843] attached to pooled processes [CFD54BCE-DF37-4CDB-A95B-06AB8801776A, 0FF23A3B-ADF2-48A7-B664-EBBB15CC8CB9, 48E5B15F-06E7-4710-B6C2-65535E9CEFDB, 0068A063-52A5-4FA6-9840-E22D994EC229, B9284FC5-F7FA-4283-990E-B739E6D1792A, 525944F3-E6DB-4117-86FE-FCFE6A8EAD08, D10611C6-E7CE-409D-8A95-3E4F918EBA67, B42CAD61-AD27-4634-B8DF-3DBBE096C037]
[2017-04-30 09:55:36.201][00003AF0][000027A4][Info] ProcessPool(MSSQLSERVER01-ss-2) adding PooledProcess(000008B8, 00000894, F612540B-2401-4B79-8416-54C30CC9453B, C:\Program Files\Microsoft SQL Server\MSSQL13.MSSQLSERVER\R_SERVICES\bin\x64\rterm.exe)
[2017-04-30 09:55:36.201][00003AF0][000027A4][Info] ProcessPool(MSSQLSERVER01-ss-2) adding PooledProcess(000008E8, 000008E4, 5652DF9A-4D73-46D6-94AF-A6E8E73DD3C0, C:\Program Files\Microsoft SQL Server\MSSQL13.MSSQLSERVER\R_SERVICES\bin\x64\rterm.exe)
[2017-04-30 09:55:36.202][00003AF0][000027A4][Info] ProcessPool(MSSQLSERVER01-ss-2) adding PooledProcess(00000904, 00000900, C9976D16-42FD-4CA5-8570-1FF51E19EFFC, C:\Program Files\Microsoft SQL Server\MSSQL13.MSSQLSERVER\R_SERVICES\bin\x64\rterm.exe)
[2017-04-30 09:55:36.202][00003AF0][000027A4][Info] ProcessPool(MSSQLSERVER01-ss-2) adding PooledProcess(00000914, 000008E0, E9F85827-0BD2-49B0-B6AD-5D07CB48C7DD, C:\Program Files\Microsoft SQL Server\MSSQL13.MSSQLSERVER\R_SERVICES\bin\x64\rterm.exe)
[2017-04-30 09:55:36.202][00003AF0][000027A4][Info] ProcessPool(MSSQLSERVER01-ss-2) adding PooledProcess(0000093C, 00000938, 71BB841B-642D-4B98-BCAF-264458D42669, C:\Program Files\Microsoft SQL Server\MSSQL13.MSSQLSERVER\R_SERVICES\bin\x64\rterm.exe)
[2017-04-30 09:55:36.202][00003AF0][000027A4][Info] ProcessPool(MSSQLSERVER01-ss-2) adding PooledProcess(00000940, 00000944, EBE0EB07-FD0D-401C-A0E2-F62C4345B2B9, C:\Program Files\Microsoft SQL Server\MSSQL13.MSSQLSERVER\R_SERVICES\bin\x64\rterm.exe)
[2017-04-30 09:55:36.202][00003AF0][000027A4][Info] ProcessPool(MSSQLSERVER01-ss-2) expanded from 0 to 8
[2017-04-30 09:55:36.283][00003AF0][000035E0][Info] SQLSatellite_LaunchSatellite(1, 4D9473BD-C226-47C7-AAD2-E4FFCA244843, 8, 2164, nullptr, 000000127D3FE570, C:\Program Files\Microsoft SQL Server\MSSQL13.MSSQLSERVER\MSSQL\ExtensibilityData\MSSQLSERVER01) completed: 00000000
[2017-04-30 09:55:36.283][00003AF0][000035E0][Info] < SQLSatellite_LaunchSatellite, dllmain.cpp, 291 (128 msecs)
[2017-04-30 09:55:44.489][00003AF0][000035E0][Info] > SQLSatellite_LauncherCleanUp, dllmain.cpp, 381
[2017-04-30 09:55:44.489][00003AF0][000035E0][Info] Job PooledProcess-CFD54BCE-DF37-4CDB-A95B-06AB8801776A(00000838) WaitAll(2, 5000) completed with 0
[2017-04-30 09:55:44.489][00003AF0][000035E0][Info] Job PooledProcess-0FF23A3B-ADF2-48A7-B664-EBBB15CC8CB9(00000880) WaitAll(2, 5000) completed with 0
[2017-04-30 09:55:44.489][00003AF0][000035E0][Info] Job PooledProcess-48E5B15F-06E7-4710-B6C2-65535E9CEFDB(000008A0) WaitAll(2, 5000) completed with 0
[2017-04-30 09:55:44.489][00003AF0][000035E0][Info] Job PooledProcess-0068A063-52A5-4FA6-9840-E22D994EC229(000008B4) WaitAll(2, 5000) completed with 0
[2017-04-30 09:55:44.489][00003AF0][000035E0][Info] Job PooledProcess-B9284FC5-F7FA-4283-990E-B739E6D1792A(00000870) WaitAll(2, 5000) completed with 0
[2017-04-30 09:55:44.518][00003AF0][000035E0][Info] Job PooledProcess-525944F3-E6DB-4117-86FE-FCFE6A8EAD08(00000918) WaitAll(2, 5000) completed with 0
[2017-04-30 09:55:44.518][00003AF0][000035E0][Info] Job PooledProcess-D10611C6-E7CE-409D-8A95-3E4F918EBA67(000008F8) WaitAll(2, 5000) completed with 0
[2017-04-30 09:55:44.518][00003AF0][000035E0][Info] Job PooledProcess-B42CAD61-AD27-4634-B8DF-3DBBE096C037(0000095C) WaitAll(2, 5000) completed with 0
[2017-04-30 09:55:44.518][00003AF0][000035E0][Info] Job PooledProcess-CFD54BCE-DF37-4CDB-A95B-06AB8801776A(00000838) WaitAll(2, -1) completed with 0
[2017-04-30 09:55:44.518][00003AF0][000035E0][Info] Job PooledProcess-0FF23A3B-ADF2-48A7-B664-EBBB15CC8CB9(00000880) WaitAll(2, -1) completed with 0
[2017-04-30 09:55:44.518][00003AF0][000035E0][Info] Job PooledProcess-48E5B15F-06E7-4710-B6C2-65535E9CEFDB(000008A0) WaitAll(2, -1) completed with 0
[2017-04-30 09:55:44.518][00003AF0][000035E0][Info] Job PooledProcess-0068A063-52A5-4FA6-9840-E22D994EC229(000008B4) WaitAll(2, -1) completed with 0
[2017-04-30 09:55:44.518][00003AF0][000035E0][Info] Job PooledProcess-B9284FC5-F7FA-4283-990E-B739E6D1792A(00000870) WaitAll(2, -1) completed with 0
[2017-04-30 09:55:44.518][00003AF0][000035E0][Info] Job PooledProcess-525944F3-E6DB-4117-86FE-FCFE6A8EAD08(00000918) WaitAll(2, -1) completed with 0
[2017-04-30 09:55:44.518][00003AF0][000035E0][Info] Job PooledProcess-D10611C6-E7CE-409D-8A95-3E4F918EBA67(000008F8) WaitAll(2, -1) completed with 0
[2017-04-30 09:55:44.518][00003AF0][000035E0][Info] Job PooledProcess-B42CAD61-AD27-4634-B8DF-3DBBE096C037(0000095C) WaitAll(2, -1) completed with 0
[2017-04-30 09:55:44.532][00003AF0][000035E0][Info] Session(4D9473BD-C226-47C7-AAD2-E4FFCA244843) logged 16 output files
[2017-04-30 09:55:44.533][00003AF0][000035E0][Info] Job PooledProcess-CFD54BCE-DF37-4CDB-A95B-06AB8801776A(00000838) WaitAll(2, -1) completed with 0
[2017-04-30 09:55:44.533][00003AF0][000035E0][Info] Job PooledProcess-CFD54BCE-DF37-4CDB-A95B-06AB8801776A(00000838) destroyed
[2017-04-30 09:55:44.534][00003AF0][000035E0][Info] ~WorkingDirectory(C:\PROGRA~1\MICROS~3\MSSQL1~1.MSS\MSSQL\EXTENS~1\MSSQLSERVER01\CFD54BCE-DF37-4CDB-A95B-06AB8801776A) deleted (0)
[2017-04-30 09:55:44.534][00003AF0][00003F84][Info] StaleDirectoryCleaner starting directory deletions...
[2017-04-30 09:55:44.534][00003AF0][000035E0][Info] Job PooledProcess-0FF23A3B-ADF2-48A7-B664-EBBB15CC8CB9(00000880) WaitAll(2, -1) completed with 0
[2017-04-30 09:55:44.534][00003AF0][000035E0][Info] Job PooledProcess-0FF23A3B-ADF2-48A7-B664-EBBB15CC8CB9(00000880) destroyed
[2017-04-30 09:55:44.535][00003AF0][000035E0][Info] ~WorkingDirectory(C:\PROGRA~1\MICROS~3\MSSQL1~1.MSS\MSSQL\EXTENS~1\MSSQLSERVER01\0FF23A3B-ADF2-48A7-B664-EBBB15CC8CB9) deleted (0)
[2017-04-30 09:55:44.535][00003AF0][000035E0][Info] Job PooledProcess-48E5B15F-06E7-4710-B6C2-65535E9CEFDB(000008A0) WaitAll(2, -1) completed with 0
[2017-04-30 09:55:44.535][00003AF0][000035E0][Info] Job PooledProcess-48E5B15F-06E7-4710-B6C2-65535E9CEFDB(000008A0) destroyed
[2017-04-30 09:55:44.535][00003AF0][00003F84][Warning] StaleDirectoryCleaner() failed to delete C:\PROGRA~1\MICROS~3\MSSQL1~1.MSS\MSSQL\EXTENS~1\MSSQLSERVER01\CFD54BCE-DF37-4CDB-A95B-06AB8801776A after 5 retries
[2017-04-30 09:55:44.536][00003AF0][000035E0][Info] ~WorkingDirectory(C:\PROGRA~1\MICROS~3\MSSQL1~1.MSS\MSSQL\EXTENS~1\MSSQLSERVER01\48E5B15F-06E7-4710-B6C2-65535E9CEFDB) deleted (0)
[2017-04-30 09:55:44.537][00003AF0][000035E0][Info] Job PooledProcess-0068A063-52A5-4FA6-9840-E22D994EC229(000008B4) WaitAll(2, -1) completed with 0
[2017-04-30 09:55:44.537][00003AF0][000035E0][Info] Job PooledProcess-0068A063-52A5-4FA6-9840-E22D994EC229(000008B4) destroyed
[2017-04-30 09:55:44.537][00003AF0][00003F84][Warning] StaleDirectoryCleaner() failed to delete C:\PROGRA~1\MICROS~3\MSSQL1~1.MSS\MSSQL\EXTENS~1\MSSQLSERVER01\0FF23A3B-ADF2-48A7-B664-EBBB15CC8CB9 after 5 retries
[2017-04-30 09:55:44.538][00003AF0][000035E0][Info] ~WorkingDirectory(C:\PROGRA~1\MICROS~3\MSSQL1~1.MSS\MSSQL\EXTENS~1\MSSQLSERVER01\0068A063-52A5-4FA6-9840-E22D994EC229) deleted (0)
[2017-04-30 09:55:44.538][00003AF0][000035E0][Info] Job PooledProcess-B9284FC5-F7FA-4283-990E-B739E6D1792A(00000870) WaitAll(2, -1) completed with 0
[2017-04-30 09:55:44.538][00003AF0][000035E0][Info] Job PooledProcess-B9284FC5-F7FA-4283-990E-B739E6D1792A(00000870) destroyed
[2017-04-30 09:55:44.538][00003AF0][00003F84][Warning] StaleDirectoryCleaner() failed to delete C:\PROGRA~1\MICROS~3\MSSQL1~1.MSS\MSSQL\EXTENS~1\MSSQLSERVER01\48E5B15F-06E7-4710-B6C2-65535E9CEFDB after 5 retries
[2017-04-30 09:55:44.539][00003AF0][000035E0][Info] ~WorkingDirectory(C:\PROGRA~1\MICROS~3\MSSQL1~1.MSS\MSSQL\EXTENS~1\MSSQLSERVER01\B9284FC5-F7FA-4283-990E-B739E6D1792A) deleted (0)
[2017-04-30 09:55:44.539][00003AF0][000035E0][Info] Job PooledProcess-525944F3-E6DB-4117-86FE-FCFE6A8EAD08(00000918) WaitAll(2, -1) completed with 0
[2017-04-30 09:55:44.539][00003AF0][000035E0][Info] Job PooledProcess-525944F3-E6DB-4117-86FE-FCFE6A8EAD08(00000918) destroyed
[2017-04-30 09:55:44.539][00003AF0][00003F84][Warning] StaleDirectoryCleaner() failed to delete C:\PROGRA~1\MICROS~3\MSSQL1~1.MSS\MSSQL\EXTENS~1\MSSQLSERVER01\0068A063-52A5-4FA6-9840-E22D994EC229 after 5 retries
[2017-04-30 09:55:44.540][00003AF0][000035E0][Info] ~WorkingDirectory(C:\PROGRA~1\MICROS~3\MSSQL1~1.MSS\MSSQL\EXTENS~1\MSSQLSERVER01\525944F3-E6DB-4117-86FE-FCFE6A8EAD08) deleted (1)
[2017-04-30 09:55:44.540][00003AF0][000035E0][Info] Job PooledProcess-D10611C6-E7CE-409D-8A95-3E4F918EBA67(000008F8) WaitAll(2, -1) completed with 0
[2017-04-30 09:55:44.540][00003AF0][000035E0][Info] Job PooledProcess-D10611C6-E7CE-409D-8A95-3E4F918EBA67(000008F8) destroyed
[2017-04-30 09:55:44.541][00003AF0][00003F84][Warning] StaleDirectoryCleaner() failed to delete C:\PROGRA~1\MICROS~3\MSSQL1~1.MSS\MSSQL\EXTENS~1\MSSQLSERVER01\B9284FC5-F7FA-4283-990E-B739E6D1792A after 5 retries
[2017-04-30 09:55:44.541][00003AF0][00003F84][Info] StaleDirectoryCleaner completed directory deletions with 1
[2017-04-30 09:55:44.541][00003AF0][00003F84][Info] StaleDirectoryCleaner starting directory deletions...
[2017-04-30 09:55:44.541][00003AF0][00003F84][Info] StaleDirectoryCleaner completed directory deletions with 1
[2017-04-30 09:55:44.541][00003AF0][00003F84][Info] StaleDirectoryCleaner starting directory deletions...
[2017-04-30 09:55:44.541][00003AF0][000035E0][Info] ~WorkingDirectory(C:\PROGRA~1\MICROS~3\MSSQL1~1.MSS\MSSQL\EXTENS~1\MSSQLSERVER01\D10611C6-E7CE-409D-8A95-3E4F918EBA67) deleted (0)
[2017-04-30 09:55:44.541][00003AF0][000035E0][Info] Job PooledProcess-B42CAD61-AD27-4634-B8DF-3DBBE096C037(0000095C) WaitAll(2, -1) completed with 0
[2017-04-30 09:55:44.541][00003AF0][000035E0][Info] Job PooledProcess-B42CAD61-AD27-4634-B8DF-3DBBE096C037(0000095C) destroyed
[2017-04-30 09:55:44.543][00003AF0][000035E0][Info] ~WorkingDirectory(C:\PROGRA~1\MICROS~3\MSSQL1~1.MSS\MSSQL\EXTENS~1\MSSQLSERVER01\B42CAD61-AD27-4634-B8DF-3DBBE096C037) deleted (0)
[2017-04-30 09:55:44.543][00003AF0][00003F84][Warning] StaleDirectoryCleaner() failed to delete C:\PROGRA~1\MICROS~3\MSSQL1~1.MSS\MSSQL\EXTENS~1\MSSQLSERVER01\D10611C6-E7CE-409D-8A95-3E4F918EBA67 after 5 retries
[2017-04-30 09:55:44.543][00003AF0][000035E0][Info] Session 4D9473BD-C226-47C7-AAD2-E4FFCA244843 removed from MSSQLSERVER01 user
[2017-04-30 09:55:44.543][00003AF0][000035E0][Perf] Session(4D9473BD-C226-47C7-AAD2-E4FFCA244843) [SqlSatellite] deleted. Elapsed time: 8388 msecs
[2017-04-30 09:55:44.543][00003AF0][000035E0][Info] SQLSatellite_LauncherCleanUp(4D9473BD-C226-47C7-AAD2-E4FFCA244843) completed: 00000000
[2017-04-30 09:55:44.543][00003AF0][000035E0][Info] < SQLSatellite_LauncherCleanUp, dllmain.cpp, 381 (54 msecs)
[2017-04-30 09:55:44.544][00003AF0][00003F84][Warning] StaleDirectoryCleaner() failed to delete C:\PROGRA~1\MICROS~3\MSSQL1~1.MSS\MSSQL\EXTENS~1\MSSQLSERVER01\B42CAD61-AD27-4634-B8DF-3DBBE096C037 after 5 retries
[2017-04-30 09:55:44.544][00003AF0][00003F84][Info] StaleDirectoryCleaner completed directory deletions with 1
[2017-04-30 09:55:44.544][00003AF0][00003F84][Info] StaleDirectoryCleaner starting directory deletions...
[2017-04-30 09:55:44.544][00003AF0][00003F84][Info] StaleDirectoryCleaner completed directory deletions with 1
[2017-04-30 09:56:10.086][00003AF0][00003CA0][Info] Telemetry Counters (0000013F09057870): (rxBTrees=0),(rxCor=0),(rxCov=0),(rxCovCor=0),(rxCrossTabs=0),(rxCube=0),(rxDForest=0),(rxDTree=0),(rxDataStep=0),(rxFactors=0),(rxGlm=0),(rxKmeans=0),(rxLinMod=356),(rxLogit=0),(rxMergeXdf=0),(rxNaiveBayes=0),(rxPredict_rxBTrees=0),(rxPredict_rxDForest=0),(rxPredict_rxDTree=0),(rxPredict_rxGlm=0),(rxPredict_rxLinMod=0),(rxPredict_rxLogit=0),(rxPredict_rxNaiveBayes=0),(rxSSCP=0),(rxSortXdf=0),(rxSummary=0),(rxTextToXdf=0)
[2017-04-30 10:01:10.087][00003AF0][00003CA0][Info] ProcessPool(MSSQLSERVER01-ss-2) trimming stale process [6FF40B3D-0D6E-49CD-B86F-4C67B854F4CB]
[2017-04-30 10:01:10.110][00003AF0][00003CA0][Info] Job PooledProcess-6FF40B3D-0D6E-49CD-B86F-4C67B854F4CB(00000854) WaitAll(3, -1) completed with 0
[2017-04-30 10:01:10.110][00003AF0][00003CA0][Info] Job PooledProcess-6FF40B3D-0D6E-49CD-B86F-4C67B854F4CB(00000854) destroyed
[2017-04-30 10:01:10.111][00003AF0][00003CA0][Info] ~WorkingDirectory(C:\PROGRA~1\MICROS~3\MSSQL1~1.MSS\MSSQL\EXTENS~1\MSSQLSERVER01\6FF40B3D-0D6E-49CD-B86F-4C67B854F4CB) deleted (1)
[2017-04-30 10:01:10.111][00003AF0][00003CA0][Info] ProcessPool(MSSQLSERVER01-ss-2) trimming stale process [C7786194-CAEA-4165-8814-C60FD67E8A38]
[2017-04-30 10:01:10.132][00003AF0][00003CA0][Info] Job PooledProcess-C7786194-CAEA-4165-8814-C60FD67E8A38(0000088C) WaitAll(3, -1) completed with 0
[2017-04-30 10:01:10.132][00003AF0][00003CA0][Info] Job PooledProcess-C7786194-CAEA-4165-8814-C60FD67E8A38(0000088C) destroyed
[2017-04-30 10:01:10.133][00003AF0][00003CA0][Info] ~WorkingDirectory(C:\PROGRA~1\MICROS~3\MSSQL1~1.MSS\MSSQL\EXTENS~1\MSSQLSERVER01\C7786194-CAEA-4165-8814-C60FD67E8A38) deleted (1)
[2017-04-30 10:01:10.133][00003AF0][00003CA0][Info] ProcessPool(MSSQLSERVER01-ss-2) trimming stale process [F612540B-2401-4B79-8416-54C30CC9453B]
[2017-04-30 10:01:10.153][00003AF0][00003CA0][Info] Job PooledProcess-F612540B-2401-4B79-8416-54C30CC9453B(000008A4) WaitAll(3, -1) completed with 0
[2017-04-30 10:01:10.153][00003AF0][00003CA0][Info] Job PooledProcess-F612540B-2401-4B79-8416-54C30CC9453B(000008A4) destroyed
[2017-04-30 10:01:10.155][00003AF0][00003CA0][Info] ~WorkingDirectory(C:\PROGRA~1\MICROS~3\MSSQL1~1.MSS\MSSQL\EXTENS~1\MSSQLSERVER01\F612540B-2401-4B79-8416-54C30CC9453B) deleted (1)
[2017-04-30 10:01:10.155][00003AF0][00003CA0][Info] ProcessPool(MSSQLSERVER01-ss-2) trimming stale process [5652DF9A-4D73-46D6-94AF-A6E8E73DD3C0]
[2017-04-30 10:01:10.167][00003AF0][00003CA0][Info] Job PooledProcess-5652DF9A-4D73-46D6-94AF-A6E8E73DD3C0(000008D8) WaitAll(3, -1) completed with 0
[2017-04-30 10:01:10.167][00003AF0][00003CA0][Info] Job PooledProcess-5652DF9A-4D73-46D6-94AF-A6E8E73DD3C0(000008D8) destroyed
[2017-04-30 10:01:10.168][00003AF0][00003CA0][Info] ~WorkingDirectory(C:\PROGRA~1\MICROS~3\MSSQL1~1.MSS\MSSQL\EXTENS~1\MSSQLSERVER01\5652DF9A-4D73-46D6-94AF-A6E8E73DD3C0) deleted (1)
[2017-04-30 10:01:10.168][00003AF0][00003CA0][Info] ProcessPool(MSSQLSERVER01-ss-2) trimming stale process [C9976D16-42FD-4CA5-8570-1FF51E19EFFC]
[2017-04-30 10:01:10.184][00003AF0][00003CA0][Info] Job PooledProcess-C9976D16-42FD-4CA5-8570-1FF51E19EFFC(000008CC) WaitAll(3, -1) completed with 0
[2017-04-30 10:01:10.184][00003AF0][00003CA0][Info] Job PooledProcess-C9976D16-42FD-4CA5-8570-1FF51E19EFFC(000008CC) destroyed
[2017-04-30 10:01:10.185][00003AF0][00003CA0][Info] ~WorkingDirectory(C:\PROGRA~1\MICROS~3\MSSQL1~1.MSS\MSSQL\EXTENS~1\MSSQLSERVER01\C9976D16-42FD-4CA5-8570-1FF51E19EFFC) deleted (1)
[2017-04-30 10:01:10.186][00003AF0][00003CA0][Info] ProcessPool(MSSQLSERVER01-ss-2) trimming stale process [E9F85827-0BD2-49B0-B6AD-5D07CB48C7DD]
[2017-04-30 10:01:10.206][00003AF0][00003CA0][Info] Job PooledProcess-E9F85827-0BD2-49B0-B6AD-5D07CB48C7DD(000008F0) WaitAll(3, -1) completed with 0
[2017-04-30 10:01:10.206][00003AF0][00003CA0][Info] Job PooledProcess-E9F85827-0BD2-49B0-B6AD-5D07CB48C7DD(000008F0) destroyed
[2017-04-30 10:01:10.208][00003AF0][00003CA0][Info] ~WorkingDirectory(C:\PROGRA~1\MICROS~3\MSSQL1~1.MSS\MSSQL\EXTENS~1\MSSQLSERVER01\E9F85827-0BD2-49B0-B6AD-5D07CB48C7DD) deleted (1)
[2017-04-30 10:01:10.208][00003AF0][00003CA0][Info] ProcessPool(MSSQLSERVER01-ss-2) trimming stale process [71BB841B-642D-4B98-BCAF-264458D42669]
[2017-04-30 10:01:10.224][00003AF0][00003CA0][Info] Job PooledProcess-71BB841B-642D-4B98-BCAF-264458D42669(0000090C) WaitAll(3, -1) completed with 0
[2017-04-30 10:01:10.224][00003AF0][00003CA0][Info] Job PooledProcess-71BB841B-642D-4B98-BCAF-264458D42669(0000090C) destroyed
[2017-04-30 10:01:10.225][00003AF0][00003CA0][Info] ~WorkingDirectory(C:\PROGRA~1\MICROS~3\MSSQL1~1.MSS\MSSQL\EXTENS~1\MSSQLSERVER01\71BB841B-642D-4B98-BCAF-264458D42669) deleted (1)
[2017-04-30 10:01:10.225][00003AF0][00003CA0][Info] ProcessPool(MSSQLSERVER01-ss-2) trimming stale process [EBE0EB07-FD0D-401C-A0E2-F62C4345B2B9]
[2017-04-30 10:01:10.233][00003AF0][00003CA0][Info] Job PooledProcess-EBE0EB07-FD0D-401C-A0E2-F62C4345B2B9(00000948) WaitAll(3, -1) completed with 0
[2017-04-30 10:01:10.233][00003AF0][00003CA0][Info] Job PooledProcess-EBE0EB07-FD0D-401C-A0E2-F62C4345B2B9(00000948) destroyed
[2017-04-30 10:01:10.234][00003AF0][00003CA0][Info] ~WorkingDirectory(C:\PROGRA~1\MICROS~3\MSSQL1~1.MSS\MSSQL\EXTENS~1\MSSQLSERVER01\EBE0EB07-FD0D-401C-A0E2-F62C4345B2B9) deleted (1)
[2017-04-30 10:01:10.234][00003AF0][00003CA0][Info] ProcessPool(MSSQLSERVER01-ss-2) trimmed from 8 to 0
[2017-04-30 10:01:10.234][00003AF0][000027A4][Info] ProcessPool::GrowAsyncWorker(MSSQLSERVER01-ss-2) wait completed with 0
[2017-04-30 10:01:10.234][00003AF0][000027A4][Info] ProcessPool::GrowAsyncWorker(MSSQLSERVER01-ss-2) completed with 0
[2017-04-30 10:01:10.234][00003AF0][00003CA0][Info] ProcessPool(MSSQLSERVER01-ss-2) stopped GrowAsyncWorker() thread 10148 [000027A4].
[2017-04-30 10:01:10.234][00003AF0][00003CA0][Info] ProcessPool(MSSQLSERVER01-ss-2) deleted with (0) pooled processes
[2017-04-30 12:13:53.081][00003AF0][00003B1C][Info] > SQLSatellite_LaunchSatellite, dllmain.cpp, 291
[2017-04-30 12:13:53.084][00003AF0][00003B1C][Perf] Session(BB56B9E3-C6E7-4E85-BFA7-81889716A6F0) [SqlSatellite] created.
[2017-04-30 12:13:53.084][00003AF0][00003B1C][Info] Session(BB56B9E3-C6E7-4E85-BFA7-81889716A6F0) CleanupOnExit=1, Settings.JobCleanupOnExit=1
[2017-04-30 12:13:53.084][00003AF0][00003B1C][Info] Session BB56B9E3-C6E7-4E85-BFA7-81889716A6F0 assigned to MSSQLSERVER01 user
[2017-04-30 12:13:53.086][00003AF0][00003B1C][Info] ProcessPool(MSSQLSERVER01-ss-2) with minimum processes 5 created
[2017-04-30 12:13:53.087][00003AF0][00003B1C][Info] ProcessPool(MSSQLSERVER01-ss-2) started GrowAsyncWorker() thread 9548 [0000254C].
[2017-04-30 12:13:53.092][00003AF0][0000254C][Info] WorkingDirectory(C:\PROGRA~1\MICROS~3\MSSQL1~1.MSS\MSSQL\EXTENS~1\MSSQLSERVER01\16AEB2B8-0230-493C-B757-48BAA8C3D960) created (1)
[2017-04-30 12:13:53.093][00003AF0][00003B1C][Info] WorkingDirectory(C:\PROGRA~1\MICROS~3\MSSQL1~1.MSS\MSSQL\EXTENS~1\MSSQLSERVER01\F894FA44-8AAA-468C-BD82-2FF7E8D3072B) created (1)
[2017-04-30 12:13:53.095][00003AF0][00003B1C][Info] CreateProces(C:\Program Files\Microsoft SQL Server\MSSQL13.MSSQLSERVER\R_SERVICES\bin\x64\rterm.exe  --slave --no-restore --no-save -e "library(RevoScaleR); sessionDirectory <- 'C:\\PROGRA~1\\MICROS~3\\MSSQL1~1.MSS\\MSSQL\\EXTENS~1\\MSSQLSERVER01\\F894FA44-8AAA-468C-BD82-2FF7E8D3072B';sessionId <- 'F894FA44-8AAA-468C-BD82-2FF7E8D3072B';scriptFile <- file.path(sessionDirectory, paste(sessionId, '.R', sep=''));rxIgnoreCallResult <- .Call('RxSqlSessionStart', list(sessionDirectory=sessionDirectory, sessionId=sessionId, waitTime=-1));source(scriptFile)") completed with (00000000) for user (MSSQLSERVER01, (null)) with current directory C:\PROGRA~1\MICROS~3\MSSQL1~1.MSS\MSSQL\EXTENS~1\MSSQLSERVER01\F894FA44-8AAA-468C-BD82-2FF7E8D3072B [redirected:(C:\PROGRA~1\MICROS~3\MSSQL1~1.MSS\MSSQL\EXTENS~1\MSSQLSERVER01\F894FA44-8AAA-468C-BD82-2FF7E8D3072B\stdout.0.txt, C:\PROGRA~1\MICROS~3\MSSQL1~1.MSS\MSSQL\EXTENS~1\MSSQLSERVER01\F894FA44-8AAA-468C-BD82-2FF7E8D3072B\stderr.0.txt)]
[2017-04-30 12:13:53.095][00003AF0][0000254C][Info] CreateProces(C:\Program Files\Microsoft SQL Server\MSSQL13.MSSQLSERVER\R_SERVICES\bin\x64\rterm.exe  --slave --no-restore --no-save -e "library(RevoScaleR); sessionDirectory <- 'C:\\PROGRA~1\\MICROS~3\\MSSQL1~1.MSS\\MSSQL\\EXTENS~1\\MSSQLSERVER01\\16AEB2B8-0230-493C-B757-48BAA8C3D960';sessionId <- '16AEB2B8-0230-493C-B757-48BAA8C3D960';scriptFile <- file.path(sessionDirectory, paste(sessionId, '.R', sep=''));rxIgnoreCallResult <- .Call('RxSqlSessionStart', list(sessionDirectory=sessionDirectory, sessionId=sessionId, waitTime=-1));source(scriptFile)") completed with (00000000) for user (MSSQLSERVER01, (null)) with current directory C:\PROGRA~1\MICROS~3\MSSQL1~1.MSS\MSSQL\EXTENS~1\MSSQLSERVER01\16AEB2B8-0230-493C-B757-48BAA8C3D960 [redirected:(C:\PROGRA~1\MICROS~3\MSSQL1~1.MSS\MSSQL\EXTENS~1\MSSQLSERVER01\16AEB2B8-0230-493C-B757-48BAA8C3D960\stdout.0.txt, C:\PROGRA~1\MICROS~3\MSSQL1~1.MSS\MSSQL\EXTENS~1\MSSQLSERVER01\16AEB2B8-0230-493C-B757-48BAA8C3D960\stderr.0.txt)]
[2017-04-30 12:13:53.096][00003AF0][00003B1C][Info] Job PooledProcess-F894FA44-8AAA-468C-BD82-2FF7E8D3072B(00000558) configured with killOnClose=1, memoryLimit=0, silentBreakAway=0
[2017-04-30 12:13:53.096][00003AF0][0000254C][Info] Job PooledProcess-16AEB2B8-0230-493C-B757-48BAA8C3D960(0000093C) configured with killOnClose=1, memoryLimit=0, silentBreakAway=0
[2017-04-30 12:13:53.096][00003AF0][00003B1C][Info] Assigning PooledProcess(00000944, 00000498, F894FA44-8AAA-468C-BD82-2FF7E8D3072B, C:\Program Files\Microsoft SQL Server\MSSQL13.MSSQLSERVER\R_SERVICES\bin\x64\rterm.exe) to Job PooledProcess-F894FA44-8AAA-468C-BD82-2FF7E8D3072B(00000558)
[2017-04-30 12:13:53.096][00003AF0][0000254C][Info] Assigning PooledProcess(0000095C, 00000958, 16AEB2B8-0230-493C-B757-48BAA8C3D960, C:\Program Files\Microsoft SQL Server\MSSQL13.MSSQLSERVER\R_SERVICES\bin\x64\rterm.exe) to Job PooledProcess-16AEB2B8-0230-493C-B757-48BAA8C3D960(0000093C)
[2017-04-30 12:13:53.097][00003AF0][00003B1C][Info] Resume(PooledProcess(00000944, 00000498, F894FA44-8AAA-468C-BD82-2FF7E8D3072B, C:\Program Files\Microsoft SQL Server\MSSQL13.MSSQLSERVER\R_SERVICES\bin\x64\rterm.exe))
[2017-04-30 12:13:53.097][00003AF0][0000254C][Info] Resume(PooledProcess(0000095C, 00000958, 16AEB2B8-0230-493C-B757-48BAA8C3D960, C:\Program Files\Microsoft SQL Server\MSSQL13.MSSQLSERVER\R_SERVICES\bin\x64\rterm.exe))
[2017-04-30 12:13:53.098][00003AF0][0000254C][Info] WorkingDirectory(C:\PROGRA~1\MICROS~3\MSSQL1~1.MSS\MSSQL\EXTENS~1\MSSQLSERVER01\4C9C3013-080A-44BD-BCF6-B3664EDECBCA) created (1)
[2017-04-30 12:13:53.099][00003AF0][00003B1C][Info] WorkingDirectory(C:\PROGRA~1\MICROS~3\MSSQL1~1.MSS\MSSQL\EXTENS~1\MSSQLSERVER01\52A6634B-467A-4397-A052-74DEDC1F5AFE) created (1)
[2017-04-30 12:13:53.102][00003AF0][0000254C][Info] CreateProces(C:\Program Files\Microsoft SQL Server\MSSQL13.MSSQLSERVER\R_SERVICES\bin\x64\rterm.exe  --slave --no-restore --no-save -e "library(RevoScaleR); sessionDirectory <- 'C:\\PROGRA~1\\MICROS~3\\MSSQL1~1.MSS\\MSSQL\\EXTENS~1\\MSSQLSERVER01\\4C9C3013-080A-44BD-BCF6-B3664EDECBCA';sessionId <- '4C9C3013-080A-44BD-BCF6-B3664EDECBCA';scriptFile <- file.path(sessionDirectory, paste(sessionId, '.R', sep=''));rxIgnoreCallResult <- .Call('RxSqlSessionStart', list(sessionDirectory=sessionDirectory, sessionId=sessionId, waitTime=-1));source(scriptFile)") completed with (00000000) for user (MSSQLSERVER01, (null)) with current directory C:\PROGRA~1\MICROS~3\MSSQL1~1.MSS\MSSQL\EXTENS~1\MSSQLSERVER01\4C9C3013-080A-44BD-BCF6-B3664EDECBCA [redirected:(C:\PROGRA~1\MICROS~3\MSSQL1~1.MSS\MSSQL\EXTENS~1\MSSQLSERVER01\4C9C3013-080A-44BD-BCF6-B3664EDECBCA\stdout.0.txt, C:\PROGRA~1\MICROS~3\MSSQL1~1.MSS\MSSQL\EXTENS~1\MSSQLSERVER01\4C9C3013-080A-44BD-BCF6-B3664EDECBCA\stderr.0.txt)]
[2017-04-30 12:13:53.103][00003AF0][00003B1C][Info] CreateProces(C:\Program Files\Microsoft SQL Server\MSSQL13.MSSQLSERVER\R_SERVICES\bin\x64\rterm.exe  --slave --no-restore --no-save -e "library(RevoScaleR); sessionDirectory <- 'C:\\PROGRA~1\\MICROS~3\\MSSQL1~1.MSS\\MSSQL\\EXTENS~1\\MSSQLSERVER01\\52A6634B-467A-4397-A052-74DEDC1F5AFE';sessionId <- '52A6634B-467A-4397-A052-74DEDC1F5AFE';scriptFile <- file.path(sessionDirectory, paste(sessionId, '.R', sep=''));rxIgnoreCallResult <- .Call('RxSqlSessionStart', list(sessionDirectory=sessionDirectory, sessionId=sessionId, waitTime=-1));source(scriptFile)") completed with (00000000) for user (MSSQLSERVER01, (null)) with current directory C:\PROGRA~1\MICROS~3\MSSQL1~1.MSS\MSSQL\EXTENS~1\MSSQLSERVER01\52A6634B-467A-4397-A052-74DEDC1F5AFE [redirected:(C:\PROGRA~1\MICROS~3\MSSQL1~1.MSS\MSSQL\EXTENS~1\MSSQLSERVER01\52A6634B-467A-4397-A052-74DEDC1F5AFE\stdout.0.txt, C:\PROGRA~1\MICROS~3\MSSQL1~1.MSS\MSSQL\EXTENS~1\MSSQLSERVER01\52A6634B-467A-4397-A052-74DEDC1F5AFE\stderr.0.txt)]
[2017-04-30 12:13:53.103][00003AF0][0000254C][Info] Job PooledProcess-4C9C3013-080A-44BD-BCF6-B3664EDECBCA(0000061C) configured with killOnClose=1, memoryLimit=0, silentBreakAway=0
[2017-04-30 12:13:53.103][00003AF0][00003B1C][Info] Job PooledProcess-52A6634B-467A-4397-A052-74DEDC1F5AFE(000005FC) configured with killOnClose=1, memoryLimit=0, silentBreakAway=0
[2017-04-30 12:13:53.103][00003AF0][0000254C][Info] Assigning PooledProcess(00000910, 000007F4, 4C9C3013-080A-44BD-BCF6-B3664EDECBCA, C:\Program Files\Microsoft SQL Server\MSSQL13.MSSQLSERVER\R_SERVICES\bin\x64\rterm.exe) to Job PooledProcess-4C9C3013-080A-44BD-BCF6-B3664EDECBCA(0000061C)
[2017-04-30 12:13:53.104][00003AF0][00003B1C][Info] Assigning PooledProcess(0000090C, 00000938, 52A6634B-467A-4397-A052-74DEDC1F5AFE, C:\Program Files\Microsoft SQL Server\MSSQL13.MSSQLSERVER\R_SERVICES\bin\x64\rterm.exe) to Job PooledProcess-52A6634B-467A-4397-A052-74DEDC1F5AFE(000005FC)
[2017-04-30 12:13:53.104][00003AF0][0000254C][Info] Resume(PooledProcess(00000910, 000007F4, 4C9C3013-080A-44BD-BCF6-B3664EDECBCA, C:\Program Files\Microsoft SQL Server\MSSQL13.MSSQLSERVER\R_SERVICES\bin\x64\rterm.exe))
[2017-04-30 12:13:53.104][00003AF0][00003B1C][Info] Resume(PooledProcess(0000090C, 00000938, 52A6634B-467A-4397-A052-74DEDC1F5AFE, C:\Program Files\Microsoft SQL Server\MSSQL13.MSSQLSERVER\R_SERVICES\bin\x64\rterm.exe))
[2017-04-30 12:13:53.106][00003AF0][00003B1C][Info] WorkingDirectory(C:\PROGRA~1\MICROS~3\MSSQL1~1.MSS\MSSQL\EXTENS~1\MSSQLSERVER01\2E582705-630C-4095-AACE-DD7830ED3F9D) created (1)
[2017-04-30 12:13:53.106][00003AF0][0000254C][Info] WorkingDirectory(C:\PROGRA~1\MICROS~3\MSSQL1~1.MSS\MSSQL\EXTENS~1\MSSQLSERVER01\648BB3BE-85E8-4183-9204-37A06DBC34F0) created (1)
[2017-04-30 12:13:53.109][00003AF0][00003B1C][Info] CreateProces(C:\Program Files\Microsoft SQL Server\MSSQL13.MSSQLSERVER\R_SERVICES\bin\x64\rterm.exe  --slave --no-restore --no-save -e "library(RevoScaleR); sessionDirectory <- 'C:\\PROGRA~1\\MICROS~3\\MSSQL1~1.MSS\\MSSQL\\EXTENS~1\\MSSQLSERVER01\\2E582705-630C-4095-AACE-DD7830ED3F9D';sessionId <- '2E582705-630C-4095-AACE-DD7830ED3F9D';scriptFile <- file.path(sessionDirectory, paste(sessionId, '.R', sep=''));rxIgnoreCallResult <- .Call('RxSqlSessionStart', list(sessionDirectory=sessionDirectory, sessionId=sessionId, waitTime=-1));source(scriptFile)") completed with (00000000) for user (MSSQLSERVER01, (null)) with current directory C:\PROGRA~1\MICROS~3\MSSQL1~1.MSS\MSSQL\EXTENS~1\MSSQLSERVER01\2E582705-630C-4095-AACE-DD7830ED3F9D [redirected:(C:\PROGRA~1\MICROS~3\MSSQL1~1.MSS\MSSQL\EXTENS~1\MSSQLSERVER01\2E582705-630C-4095-AACE-DD7830ED3F9D\stdout.0.txt, C:\PROGRA~1\MICROS~3\MSSQL1~1.MSS\MSSQL\EXTENS~1\MSSQLSERVER01\2E582705-630C-4095-AACE-DD7830ED3F9D\stderr.0.txt)]
[2017-04-30 12:13:53.110][00003AF0][0000254C][Info] CreateProces(C:\Program Files\Microsoft SQL Server\MSSQL13.MSSQLSERVER\R_SERVICES\bin\x64\rterm.exe  --slave --no-restore --no-save -e "library(RevoScaleR); sessionDirectory <- 'C:\\PROGRA~1\\MICROS~3\\MSSQL1~1.MSS\\MSSQL\\EXTENS~1\\MSSQLSERVER01\\648BB3BE-85E8-4183-9204-37A06DBC34F0';sessionId <- '648BB3BE-85E8-4183-9204-37A06DBC34F0';scriptFile <- file.path(sessionDirectory, paste(sessionId, '.R', sep=''));rxIgnoreCallResult <- .Call('RxSqlSessionStart', list(sessionDirectory=sessionDirectory, sessionId=sessionId, waitTime=-1));source(scriptFile)") completed with (00000000) for user (MSSQLSERVER01, (null)) with current directory C:\PROGRA~1\MICROS~3\MSSQL1~1.MSS\MSSQL\EXTENS~1\MSSQLSERVER01\648BB3BE-85E8-4183-9204-37A06DBC34F0 [redirected:(C:\PROGRA~1\MICROS~3\MSSQL1~1.MSS\MSSQL\EXTENS~1\MSSQLSERVER01\648BB3BE-85E8-4183-9204-37A06DBC34F0\stdout.0.txt, C:\PROGRA~1\MICROS~3\MSSQL1~1.MSS\MSSQL\EXTENS~1\MSSQLSERVER01\648BB3BE-85E8-4183-9204-37A06DBC34F0\stderr.0.txt)]
[2017-04-30 12:13:53.111][00003AF0][00003B1C][Info] Job PooledProcess-2E582705-630C-4095-AACE-DD7830ED3F9D(000009A0) configured with killOnClose=1, memoryLimit=0, silentBreakAway=0
[2017-04-30 12:13:53.111][00003AF0][0000254C][Info] Job PooledProcess-648BB3BE-85E8-4183-9204-37A06DBC34F0(000008E0) configured with killOnClose=1, memoryLimit=0, silentBreakAway=0
[2017-04-30 12:13:53.111][00003AF0][0000254C][Info] Assigning PooledProcess(000008DC, 000008F0, 648BB3BE-85E8-4183-9204-37A06DBC34F0, C:\Program Files\Microsoft SQL Server\MSSQL13.MSSQLSERVER\R_SERVICES\bin\x64\rterm.exe) to Job PooledProcess-648BB3BE-85E8-4183-9204-37A06DBC34F0(000008E0)
[2017-04-30 12:13:53.112][00003AF0][0000254C][Info] Resume(PooledProcess(000008DC, 000008F0, 648BB3BE-85E8-4183-9204-37A06DBC34F0, C:\Program Files\Microsoft SQL Server\MSSQL13.MSSQLSERVER\R_SERVICES\bin\x64\rterm.exe))
[2017-04-30 12:13:53.111][00003AF0][00003B1C][Info] Assigning PooledProcess(00000994, 00000998, 2E582705-630C-4095-AACE-DD7830ED3F9D, C:\Program Files\Microsoft SQL Server\MSSQL13.MSSQLSERVER\R_SERVICES\bin\x64\rterm.exe) to Job PooledProcess-2E582705-630C-4095-AACE-DD7830ED3F9D(000009A0)
[2017-04-30 12:13:53.115][00003AF0][0000254C][Info] WorkingDirectory(C:\PROGRA~1\MICROS~3\MSSQL1~1.MSS\MSSQL\EXTENS~1\MSSQLSERVER01\79A45D9A-5A7F-4B57-B772-E218D95FC820) created (1)
[2017-04-30 12:13:53.116][00003AF0][00003B1C][Info] Resume(PooledProcess(00000994, 00000998, 2E582705-630C-4095-AACE-DD7830ED3F9D, C:\Program Files\Microsoft SQL Server\MSSQL13.MSSQLSERVER\R_SERVICES\bin\x64\rterm.exe))
[2017-04-30 12:13:53.117][00003AF0][00003B1C][Info] WorkingDirectory(C:\PROGRA~1\MICROS~3\MSSQL1~1.MSS\MSSQL\EXTENS~1\MSSQLSERVER01\B190CA48-5A17-438D-B040-FEB61673EF60) created (1)
[2017-04-30 12:13:53.120][00003AF0][0000254C][Info] CreateProces(C:\Program Files\Microsoft SQL Server\MSSQL13.MSSQLSERVER\R_SERVICES\bin\x64\rterm.exe  --slave --no-restore --no-save -e "library(RevoScaleR); sessionDirectory <- 'C:\\PROGRA~1\\MICROS~3\\MSSQL1~1.MSS\\MSSQL\\EXTENS~1\\MSSQLSERVER01\\79A45D9A-5A7F-4B57-B772-E218D95FC820';sessionId <- '79A45D9A-5A7F-4B57-B772-E218D95FC820';scriptFile <- file.path(sessionDirectory, paste(sessionId, '.R', sep=''));rxIgnoreCallResult <- .Call('RxSqlSessionStart', list(sessionDirectory=sessionDirectory, sessionId=sessionId, waitTime=-1));source(scriptFile)") completed with (00000000) for user (MSSQLSERVER01, (null)) with current directory C:\PROGRA~1\MICROS~3\MSSQL1~1.MSS\MSSQL\EXTENS~1\MSSQLSERVER01\79A45D9A-5A7F-4B57-B772-E218D95FC820 [redirected:(C:\PROGRA~1\MICROS~3\MSSQL1~1.MSS\MSSQL\EXTENS~1\MSSQLSERVER01\79A45D9A-5A7F-4B57-B772-E218D95FC820\stdout.0.txt, C:\PROGRA~1\MICROS~3\MSSQL1~1.MSS\MSSQL\EXTENS~1\MSSQLSERVER01\79A45D9A-5A7F-4B57-B772-E218D95FC820\stderr.0.txt)]
[2017-04-30 12:13:53.122][00003AF0][0000254C][Info] Job PooledProcess-79A45D9A-5A7F-4B57-B772-E218D95FC820(00000834) configured with killOnClose=1, memoryLimit=0, silentBreakAway=0
[2017-04-30 12:13:53.124][00003AF0][0000254C][Info] Assigning PooledProcess(00000900, 00000914, 79A45D9A-5A7F-4B57-B772-E218D95FC820, C:\Program Files\Microsoft SQL Server\MSSQL13.MSSQLSERVER\R_SERVICES\bin\x64\rterm.exe) to Job PooledProcess-79A45D9A-5A7F-4B57-B772-E218D95FC820(00000834)
[2017-04-30 12:13:53.125][00003AF0][0000254C][Info] Resume(PooledProcess(00000900, 00000914, 79A45D9A-5A7F-4B57-B772-E218D95FC820, C:\Program Files\Microsoft SQL Server\MSSQL13.MSSQLSERVER\R_SERVICES\bin\x64\rterm.exe))
[2017-04-30 12:13:53.127][00003AF0][0000254C][Info] WorkingDirectory(C:\PROGRA~1\MICROS~3\MSSQL1~1.MSS\MSSQL\EXTENS~1\MSSQLSERVER01\D1A0F147-7963-4888-9578-85B9523C5755) created (1)
[2017-04-30 12:13:53.130][00003AF0][0000254C][Info] CreateProces(C:\Program Files\Microsoft SQL Server\MSSQL13.MSSQLSERVER\R_SERVICES\bin\x64\rterm.exe  --slave --no-restore --no-save -e "library(RevoScaleR); sessionDirectory <- 'C:\\PROGRA~1\\MICROS~3\\MSSQL1~1.MSS\\MSSQL\\EXTENS~1\\MSSQLSERVER01\\D1A0F147-7963-4888-9578-85B9523C5755';sessionId <- 'D1A0F147-7963-4888-9578-85B9523C5755';scriptFile <- file.path(sessionDirectory, paste(sessionId, '.R', sep=''));rxIgnoreCallResult <- .Call('RxSqlSessionStart', list(sessionDirectory=sessionDirectory, sessionId=sessionId, waitTime=-1));source(scriptFile)") completed with (00000000) for user (MSSQLSERVER01, (null)) with current directory C:\PROGRA~1\MICROS~3\MSSQL1~1.MSS\MSSQL\EXTENS~1\MSSQLSERVER01\D1A0F147-7963-4888-9578-85B9523C5755 [redirected:(C:\PROGRA~1\MICROS~3\MSSQL1~1.MSS\MSSQL\EXTENS~1\MSSQLSERVER01\D1A0F147-7963-4888-9578-85B9523C5755\stdout.0.txt, C:\PROGRA~1\MICROS~3\MSSQL1~1.MSS\MSSQL\EXTENS~1\MSSQLSERVER01\D1A0F147-7963-4888-9578-85B9523C5755\stderr.0.txt)]
[2017-04-30 12:13:53.131][00003AF0][0000254C][Info] Job PooledProcess-D1A0F147-7963-4888-9578-85B9523C5755(000008FC) configured with killOnClose=1, memoryLimit=0, silentBreakAway=0
[2017-04-30 12:13:53.131][00003AF0][0000254C][Info] Assigning PooledProcess(00000934, 0000091C, D1A0F147-7963-4888-9578-85B9523C5755, C:\Program Files\Microsoft SQL Server\MSSQL13.MSSQLSERVER\R_SERVICES\bin\x64\rterm.exe) to Job PooledProcess-D1A0F147-7963-4888-9578-85B9523C5755(000008FC)
[2017-04-30 12:13:53.131][00003AF0][0000254C][Info] Resume(PooledProcess(00000934, 0000091C, D1A0F147-7963-4888-9578-85B9523C5755, C:\Program Files\Microsoft SQL Server\MSSQL13.MSSQLSERVER\R_SERVICES\bin\x64\rterm.exe))
[2017-04-30 12:13:53.133][00003AF0][0000254C][Info] WorkingDirectory(C:\PROGRA~1\MICROS~3\MSSQL1~1.MSS\MSSQL\EXTENS~1\MSSQLSERVER01\C6AC413F-99A5-4BD6-889A-254017EA90E9) created (1)
[2017-04-30 12:13:53.137][00003AF0][0000254C][Info] CreateProces(C:\Program Files\Microsoft SQL Server\MSSQL13.MSSQLSERVER\R_SERVICES\bin\x64\rterm.exe  --slave --no-restore --no-save -e "library(RevoScaleR); sessionDirectory <- 'C:\\PROGRA~1\\MICROS~3\\MSSQL1~1.MSS\\MSSQL\\EXTENS~1\\MSSQLSERVER01\\C6AC413F-99A5-4BD6-889A-254017EA90E9';sessionId <- 'C6AC413F-99A5-4BD6-889A-254017EA90E9';scriptFile <- file.path(sessionDirectory, paste(sessionId, '.R', sep=''));rxIgnoreCallResult <- .Call('RxSqlSessionStart', list(sessionDirectory=sessionDirectory, sessionId=sessionId, waitTime=-1));source(scriptFile)") completed with (00000000) for user (MSSQLSERVER01, (null)) with current directory C:\PROGRA~1\MICROS~3\MSSQL1~1.MSS\MSSQL\EXTENS~1\MSSQLSERVER01\C6AC413F-99A5-4BD6-889A-254017EA90E9 [redirected:(C:\PROGRA~1\MICROS~3\MSSQL1~1.MSS\MSSQL\EXTENS~1\MSSQLSERVER01\C6AC413F-99A5-4BD6-889A-254017EA90E9\stdout.0.txt, C:\PROGRA~1\MICROS~3\MSSQL1~1.MSS\MSSQL\EXTENS~1\MSSQLSERVER01\C6AC413F-99A5-4BD6-889A-254017EA90E9\stderr.0.txt)]
[2017-04-30 12:13:53.137][00003AF0][00003B1C][Info] CreateProces(C:\Program Files\Microsoft SQL Server\MSSQL13.MSSQLSERVER\R_SERVICES\bin\x64\rterm.exe  --slave --no-restore --no-save -e "library(RevoScaleR); sessionDirectory <- 'C:\\PROGRA~1\\MICROS~3\\MSSQL1~1.MSS\\MSSQL\\EXTENS~1\\MSSQLSERVER01\\B190CA48-5A17-438D-B040-FEB61673EF60';sessionId <- 'B190CA48-5A17-438D-B040-FEB61673EF60';scriptFile <- file.path(sessionDirectory, paste(sessionId, '.R', sep=''));rxIgnoreCallResult <- .Call('RxSqlSessionStart', list(sessionDirectory=sessionDirectory, sessionId=sessionId, waitTime=-1));source(scriptFile)") completed with (00000000) for user (MSSQLSERVER01, (null)) with current directory C:\PROGRA~1\MICROS~3\MSSQL1~1.MSS\MSSQL\EXTENS~1\MSSQLSERVER01\B190CA48-5A17-438D-B040-FEB61673EF60 [redirected:(C:\PROGRA~1\MICROS~3\MSSQL1~1.MSS\MSSQL\EXTENS~1\MSSQLSERVER01\B190CA48-5A17-438D-B040-FEB61673EF60\stdout.0.txt, C:\PROGRA~1\MICROS~3\MSSQL1~1.MSS\MSSQL\EXTENS~1\MSSQLSERVER01\B190CA48-5A17-438D-B040-FEB61673EF60\stderr.0.txt)]
[2017-04-30 12:13:53.138][00003AF0][0000254C][Info] Job PooledProcess-C6AC413F-99A5-4BD6-889A-254017EA90E9(00000494) configured with killOnClose=1, memoryLimit=0, silentBreakAway=0
[2017-04-30 12:13:53.139][00003AF0][00003B1C][Info] Job PooledProcess-B190CA48-5A17-438D-B040-FEB61673EF60(000008D0) configured with killOnClose=1, memoryLimit=0, silentBreakAway=0
[2017-04-30 12:13:53.139][00003AF0][0000254C][Info] Assigning PooledProcess(000008F8, 000004B0, C6AC413F-99A5-4BD6-889A-254017EA90E9, C:\Program Files\Microsoft SQL Server\MSSQL13.MSSQLSERVER\R_SERVICES\bin\x64\rterm.exe) to Job PooledProcess-C6AC413F-99A5-4BD6-889A-254017EA90E9(00000494)
[2017-04-30 12:13:53.142][00003AF0][0000254C][Info] Resume(PooledProcess(000008F8, 000004B0, C6AC413F-99A5-4BD6-889A-254017EA90E9, C:\Program Files\Microsoft SQL Server\MSSQL13.MSSQLSERVER\R_SERVICES\bin\x64\rterm.exe))
[2017-04-30 12:13:53.142][00003AF0][00003B1C][Info] Assigning PooledProcess(000008E4, 000008E8, B190CA48-5A17-438D-B040-FEB61673EF60, C:\Program Files\Microsoft SQL Server\MSSQL13.MSSQLSERVER\R_SERVICES\bin\x64\rterm.exe) to Job PooledProcess-B190CA48-5A17-438D-B040-FEB61673EF60(000008D0)
[2017-04-30 12:13:53.144][00003AF0][0000254C][Info] WorkingDirectory(C:\PROGRA~1\MICROS~3\MSSQL1~1.MSS\MSSQL\EXTENS~1\MSSQLSERVER01\E9BBE31D-7BFE-47B6-85BE-6BA2E50E5E6D) created (1)
[2017-04-30 12:13:53.154][00003AF0][00003B1C][Info] Resume(PooledProcess(000008E4, 000008E8, B190CA48-5A17-438D-B040-FEB61673EF60, C:\Program Files\Microsoft SQL Server\MSSQL13.MSSQLSERVER\R_SERVICES\bin\x64\rterm.exe))
[2017-04-30 12:13:53.164][00003AF0][0000254C][Info] CreateProces(C:\Program Files\Microsoft SQL Server\MSSQL13.MSSQLSERVER\R_SERVICES\bin\x64\rterm.exe  --slave --no-restore --no-save -e "library(RevoScaleR); sessionDirectory <- 'C:\\PROGRA~1\\MICROS~3\\MSSQL1~1.MSS\\MSSQL\\EXTENS~1\\MSSQLSERVER01\\E9BBE31D-7BFE-47B6-85BE-6BA2E50E5E6D';sessionId <- 'E9BBE31D-7BFE-47B6-85BE-6BA2E50E5E6D';scriptFile <- file.path(sessionDirectory, paste(sessionId, '.R', sep=''));rxIgnoreCallResult <- .Call('RxSqlSessionStart', list(sessionDirectory=sessionDirectory, sessionId=sessionId, waitTime=-1));source(scriptFile)") completed with (00000000) for user (MSSQLSERVER01, (null)) with current directory C:\PROGRA~1\MICROS~3\MSSQL1~1.MSS\MSSQL\EXTENS~1\MSSQLSERVER01\E9BBE31D-7BFE-47B6-85BE-6BA2E50E5E6D [redirected:(C:\PROGRA~1\MICROS~3\MSSQL1~1.MSS\MSSQL\EXTENS~1\MSSQLSERVER01\E9BBE31D-7BFE-47B6-85BE-6BA2E50E5E6D\stdout.0.txt, C:\PROGRA~1\MICROS~3\MSSQL1~1.MSS\MSSQL\EXTENS~1\MSSQLSERVER01\E9BBE31D-7BFE-47B6-85BE-6BA2E50E5E6D\stderr.0.txt)]
[2017-04-30 12:13:53.166][00003AF0][0000254C][Info] Job PooledProcess-E9BBE31D-7BFE-47B6-85BE-6BA2E50E5E6D(00000904) configured with killOnClose=1, memoryLimit=0, silentBreakAway=0
[2017-04-30 12:13:53.166][00003AF0][0000254C][Info] Assigning PooledProcess(00000924, 00000908, E9BBE31D-7BFE-47B6-85BE-6BA2E50E5E6D, C:\Program Files\Microsoft SQL Server\MSSQL13.MSSQLSERVER\R_SERVICES\bin\x64\rterm.exe) to Job PooledProcess-E9BBE31D-7BFE-47B6-85BE-6BA2E50E5E6D(00000904)
[2017-04-30 12:13:53.166][00003AF0][0000254C][Info] Resume(PooledProcess(00000924, 00000908, E9BBE31D-7BFE-47B6-85BE-6BA2E50E5E6D, C:\Program Files\Microsoft SQL Server\MSSQL13.MSSQLSERVER\R_SERVICES\bin\x64\rterm.exe))
[2017-04-30 12:13:53.175][00003AF0][00003B1C][Info] WorkingDirectory(C:\PROGRA~1\MICROS~3\MSSQL1~1.MSS\MSSQL\EXTENS~1\MSSQLSERVER01\45E780DF-1E25-49DC-8674-70CB1D4B1784) created (1)
[2017-04-30 12:13:53.192][00003AF0][00003B1C][Info] CreateProces(C:\Program Files\Microsoft SQL Server\MSSQL13.MSSQLSERVER\R_SERVICES\bin\x64\rterm.exe  --slave --no-restore --no-save -e "library(RevoScaleR); sessionDirectory <- 'C:\\PROGRA~1\\MICROS~3\\MSSQL1~1.MSS\\MSSQL\\EXTENS~1\\MSSQLSERVER01\\45E780DF-1E25-49DC-8674-70CB1D4B1784';sessionId <- '45E780DF-1E25-49DC-8674-70CB1D4B1784';scriptFile <- file.path(sessionDirectory, paste(sessionId, '.R', sep=''));rxIgnoreCallResult <- .Call('RxSqlSessionStart', list(sessionDirectory=sessionDirectory, sessionId=sessionId, waitTime=-1));source(scriptFile)") completed with (00000000) for user (MSSQLSERVER01, (null)) with current directory C:\PROGRA~1\MICROS~3\MSSQL1~1.MSS\MSSQL\EXTENS~1\MSSQLSERVER01\45E780DF-1E25-49DC-8674-70CB1D4B1784 [redirected:(C:\PROGRA~1\MICROS~3\MSSQL1~1.MSS\MSSQL\EXTENS~1\MSSQLSERVER01\45E780DF-1E25-49DC-8674-70CB1D4B1784\stdout.0.txt, C:\PROGRA~1\MICROS~3\MSSQL1~1.MSS\MSSQL\EXTENS~1\MSSQLSERVER01\45E780DF-1E25-49DC-8674-70CB1D4B1784\stderr.0.txt)]
[2017-04-30 12:13:53.193][00003AF0][00003B1C][Info] Job PooledProcess-45E780DF-1E25-49DC-8674-70CB1D4B1784(000008CC) configured with killOnClose=1, memoryLimit=0, silentBreakAway=0
[2017-04-30 12:13:53.194][00003AF0][00003B1C][Info] Assigning PooledProcess(00000858, 00000888, 45E780DF-1E25-49DC-8674-70CB1D4B1784, C:\Program Files\Microsoft SQL Server\MSSQL13.MSSQLSERVER\R_SERVICES\bin\x64\rterm.exe) to Job PooledProcess-45E780DF-1E25-49DC-8674-70CB1D4B1784(000008CC)
[2017-04-30 12:13:53.195][00003AF0][00003B1C][Info] Resume(PooledProcess(00000858, 00000888, 45E780DF-1E25-49DC-8674-70CB1D4B1784, C:\Program Files\Microsoft SQL Server\MSSQL13.MSSQLSERVER\R_SERVICES\bin\x64\rterm.exe))
[2017-04-30 12:13:53.196][00003AF0][00003B1C][Info] WorkingDirectory(C:\PROGRA~1\MICROS~3\MSSQL1~1.MSS\MSSQL\EXTENS~1\MSSQLSERVER01\4550FB09-9231-4C2C-ACF2-8FA12C31E3E9) created (1)
[2017-04-30 12:13:53.221][00003AF0][0000254C][Info] WorkingDirectory(C:\PROGRA~1\MICROS~3\MSSQL1~1.MSS\MSSQL\EXTENS~1\MSSQLSERVER01\05729EB0-E34B-429C-93A3-AC7D1291F4F4) created (1)
[2017-04-30 12:13:53.229][00003AF0][0000254C][Info] CreateProces(C:\Program Files\Microsoft SQL Server\MSSQL13.MSSQLSERVER\R_SERVICES\bin\x64\rterm.exe  --slave --no-restore --no-save -e "library(RevoScaleR); sessionDirectory <- 'C:\\PROGRA~1\\MICROS~3\\MSSQL1~1.MSS\\MSSQL\\EXTENS~1\\MSSQLSERVER01\\05729EB0-E34B-429C-93A3-AC7D1291F4F4';sessionId <- '05729EB0-E34B-429C-93A3-AC7D1291F4F4';scriptFile <- file.path(sessionDirectory, paste(sessionId, '.R', sep=''));rxIgnoreCallResult <- .Call('RxSqlSessionStart', list(sessionDirectory=sessionDirectory, sessionId=sessionId, waitTime=-1));source(scriptFile)") completed with (00000000) for user (MSSQLSERVER01, (null)) with current directory C:\PROGRA~1\MICROS~3\MSSQL1~1.MSS\MSSQL\EXTENS~1\MSSQLSERVER01\05729EB0-E34B-429C-93A3-AC7D1291F4F4 [redirected:(C:\PROGRA~1\MICROS~3\MSSQL1~1.MSS\MSSQL\EXTENS~1\MSSQLSERVER01\05729EB0-E34B-429C-93A3-AC7D1291F4F4\stdout.0.txt, C:\PROGRA~1\MICROS~3\MSSQL1~1.MSS\MSSQL\EXTENS~1\MSSQLSERVER01\05729EB0-E34B-429C-93A3-AC7D1291F4F4\stderr.0.txt)]
[2017-04-30 12:13:53.229][00003AF0][0000254C][Info] Job PooledProcess-05729EB0-E34B-429C-93A3-AC7D1291F4F4(000008B0) configured with killOnClose=1, memoryLimit=0, silentBreakAway=0
[2017-04-30 12:13:53.255][00003AF0][0000254C][Info] Assigning PooledProcess(00000990, 00000988, 05729EB0-E34B-429C-93A3-AC7D1291F4F4, C:\Program Files\Microsoft SQL Server\MSSQL13.MSSQLSERVER\R_SERVICES\bin\x64\rterm.exe) to Job PooledProcess-05729EB0-E34B-429C-93A3-AC7D1291F4F4(000008B0)
[2017-04-30 12:13:53.255][00003AF0][0000254C][Info] Resume(PooledProcess(00000990, 00000988, 05729EB0-E34B-429C-93A3-AC7D1291F4F4, C:\Program Files\Microsoft SQL Server\MSSQL13.MSSQLSERVER\R_SERVICES\bin\x64\rterm.exe))
[2017-04-30 12:13:53.255][00003AF0][0000254C][Info] ProcessPool(MSSQLSERVER01-ss-2) adding PooledProcess(0000095C, 00000958, 16AEB2B8-0230-493C-B757-48BAA8C3D960, C:\Program Files\Microsoft SQL Server\MSSQL13.MSSQLSERVER\R_SERVICES\bin\x64\rterm.exe)
[2017-04-30 12:13:53.256][00003AF0][0000254C][Info] ProcessPool(MSSQLSERVER01-ss-2) adding PooledProcess(00000910, 000007F4, 4C9C3013-080A-44BD-BCF6-B3664EDECBCA, C:\Program Files\Microsoft SQL Server\MSSQL13.MSSQLSERVER\R_SERVICES\bin\x64\rterm.exe)
[2017-04-30 12:13:53.256][00003AF0][0000254C][Info] ProcessPool(MSSQLSERVER01-ss-2) adding PooledProcess(000008DC, 000008F0, 648BB3BE-85E8-4183-9204-37A06DBC34F0, C:\Program Files\Microsoft SQL Server\MSSQL13.MSSQLSERVER\R_SERVICES\bin\x64\rterm.exe)
[2017-04-30 12:13:53.256][00003AF0][0000254C][Info] ProcessPool(MSSQLSERVER01-ss-2) adding PooledProcess(00000900, 00000914, 79A45D9A-5A7F-4B57-B772-E218D95FC820, C:\Program Files\Microsoft SQL Server\MSSQL13.MSSQLSERVER\R_SERVICES\bin\x64\rterm.exe)
[2017-04-30 12:13:53.256][00003AF0][0000254C][Info] ProcessPool(MSSQLSERVER01-ss-2) adding PooledProcess(00000934, 0000091C, D1A0F147-7963-4888-9578-85B9523C5755, C:\Program Files\Microsoft SQL Server\MSSQL13.MSSQLSERVER\R_SERVICES\bin\x64\rterm.exe)
[2017-04-30 12:13:53.256][00003AF0][0000254C][Info] ProcessPool(MSSQLSERVER01-ss-2) adding PooledProcess(000008F8, 000004B0, C6AC413F-99A5-4BD6-889A-254017EA90E9, C:\Program Files\Microsoft SQL Server\MSSQL13.MSSQLSERVER\R_SERVICES\bin\x64\rterm.exe)
[2017-04-30 12:13:53.257][00003AF0][0000254C][Info] ProcessPool(MSSQLSERVER01-ss-2) adding PooledProcess(00000924, 00000908, E9BBE31D-7BFE-47B6-85BE-6BA2E50E5E6D, C:\Program Files\Microsoft SQL Server\MSSQL13.MSSQLSERVER\R_SERVICES\bin\x64\rterm.exe)
[2017-04-30 12:13:53.257][00003AF0][0000254C][Info] ProcessPool(MSSQLSERVER01-ss-2) adding PooledProcess(00000990, 00000988, 05729EB0-E34B-429C-93A3-AC7D1291F4F4, C:\Program Files\Microsoft SQL Server\MSSQL13.MSSQLSERVER\R_SERVICES\bin\x64\rterm.exe)
[2017-04-30 12:13:53.257][00003AF0][0000254C][Info] ProcessPool(MSSQLSERVER01-ss-2) expanded from 0 to 8
[2017-04-30 12:13:53.341][00003AF0][00003B1C][Info] CreateProces(C:\Program Files\Microsoft SQL Server\MSSQL13.MSSQLSERVER\R_SERVICES\bin\x64\rterm.exe  --slave --no-restore --no-save -e "library(RevoScaleR); sessionDirectory <- 'C:\\PROGRA~1\\MICROS~3\\MSSQL1~1.MSS\\MSSQL\\EXTENS~1\\MSSQLSERVER01\\4550FB09-9231-4C2C-ACF2-8FA12C31E3E9';sessionId <- '4550FB09-9231-4C2C-ACF2-8FA12C31E3E9';scriptFile <- file.path(sessionDirectory, paste(sessionId, '.R', sep=''));rxIgnoreCallResult <- .Call('RxSqlSessionStart', list(sessionDirectory=sessionDirectory, sessionId=sessionId, waitTime=-1));source(scriptFile)") completed with (00000000) for user (MSSQLSERVER01, (null)) with current directory C:\PROGRA~1\MICROS~3\MSSQL1~1.MSS\MSSQL\EXTENS~1\MSSQLSERVER01\4550FB09-9231-4C2C-ACF2-8FA12C31E3E9 [redirected:(C:\PROGRA~1\MICROS~3\MSSQL1~1.MSS\MSSQL\EXTENS~1\MSSQLSERVER01\4550FB09-9231-4C2C-ACF2-8FA12C31E3E9\stdout.0.txt, C:\PROGRA~1\MICROS~3\MSSQL1~1.MSS\MSSQL\EXTENS~1\MSSQLSERVER01\4550FB09-9231-4C2C-ACF2-8FA12C31E3E9\stderr.0.txt)]
[2017-04-30 12:13:53.341][00003AF0][00003B1C][Info] Job PooledProcess-4550FB09-9231-4C2C-ACF2-8FA12C31E3E9(00000884) configured with killOnClose=1, memoryLimit=0, silentBreakAway=0
[2017-04-30 12:13:53.342][00003AF0][00003B1C][Info] Assigning PooledProcess(0000092C, 0000098C, 4550FB09-9231-4C2C-ACF2-8FA12C31E3E9, C:\Program Files\Microsoft SQL Server\MSSQL13.MSSQLSERVER\R_SERVICES\bin\x64\rterm.exe) to Job PooledProcess-4550FB09-9231-4C2C-ACF2-8FA12C31E3E9(00000884)
[2017-04-30 12:13:53.342][00003AF0][00003B1C][Info] Resume(PooledProcess(0000092C, 0000098C, 4550FB09-9231-4C2C-ACF2-8FA12C31E3E9, C:\Program Files\Microsoft SQL Server\MSSQL13.MSSQLSERVER\R_SERVICES\bin\x64\rterm.exe))
[2017-04-30 12:13:53.344][00003AF0][00003B1C][Info] WorkingDirectory(C:\PROGRA~1\MICROS~3\MSSQL1~1.MSS\MSSQL\EXTENS~1\MSSQLSERVER01\770ACA9B-8289-49D4-B69A-9740FBFA9852) created (1)
[2017-04-30 12:13:53.347][00003AF0][00003B1C][Info] CreateProces(C:\Program Files\Microsoft SQL Server\MSSQL13.MSSQLSERVER\R_SERVICES\bin\x64\rterm.exe  --slave --no-restore --no-save -e "library(RevoScaleR); sessionDirectory <- 'C:\\PROGRA~1\\MICROS~3\\MSSQL1~1.MSS\\MSSQL\\EXTENS~1\\MSSQLSERVER01\\770ACA9B-8289-49D4-B69A-9740FBFA9852';sessionId <- '770ACA9B-8289-49D4-B69A-9740FBFA9852';scriptFile <- file.path(sessionDirectory, paste(sessionId, '.R', sep=''));rxIgnoreCallResult <- .Call('RxSqlSessionStart', list(sessionDirectory=sessionDirectory, sessionId=sessionId, waitTime=-1));source(scriptFile)") completed with (00000000) for user (MSSQLSERVER01, (null)) with current directory C:\PROGRA~1\MICROS~3\MSSQL1~1.MSS\MSSQL\EXTENS~1\MSSQLSERVER01\770ACA9B-8289-49D4-B69A-9740FBFA9852 [redirected:(C:\PROGRA~1\MICROS~3\MSSQL1~1.MSS\MSSQL\EXTENS~1\MSSQLSERVER01\770ACA9B-8289-49D4-B69A-9740FBFA9852\stdout.0.txt, C:\PROGRA~1\MICROS~3\MSSQL1~1.MSS\MSSQL\EXTENS~1\MSSQLSERVER01\770ACA9B-8289-49D4-B69A-9740FBFA9852\stderr.0.txt)]
[2017-04-30 12:13:53.385][00003AF0][00003B1C][Info] Job PooledProcess-770ACA9B-8289-49D4-B69A-9740FBFA9852(000008D8) configured with killOnClose=1, memoryLimit=0, silentBreakAway=0
[2017-04-30 12:13:53.420][00003AF0][00003B1C][Info] Assigning PooledProcess(0000082C, 00000830, 770ACA9B-8289-49D4-B69A-9740FBFA9852, C:\Program Files\Microsoft SQL Server\MSSQL13.MSSQLSERVER\R_SERVICES\bin\x64\rterm.exe) to Job PooledProcess-770ACA9B-8289-49D4-B69A-9740FBFA9852(000008D8)
[2017-04-30 12:13:53.437][00003AF0][00003B1C][Info] Resume(PooledProcess(0000082C, 00000830, 770ACA9B-8289-49D4-B69A-9740FBFA9852, C:\Program Files\Microsoft SQL Server\MSSQL13.MSSQLSERVER\R_SERVICES\bin\x64\rterm.exe))
[2017-04-30 12:13:53.467][00003AF0][00003B1C][Info] WorkingDirectory(C:\PROGRA~1\MICROS~3\MSSQL1~1.MSS\MSSQL\EXTENS~1\MSSQLSERVER01\AF5E906E-BC22-42B3-99C3-D60C9127DB03) created (1)
[2017-04-30 12:13:53.470][00003AF0][00003B1C][Info] CreateProces(C:\Program Files\Microsoft SQL Server\MSSQL13.MSSQLSERVER\R_SERVICES\bin\x64\rterm.exe  --slave --no-restore --no-save -e "library(RevoScaleR); sessionDirectory <- 'C:\\PROGRA~1\\MICROS~3\\MSSQL1~1.MSS\\MSSQL\\EXTENS~1\\MSSQLSERVER01\\AF5E906E-BC22-42B3-99C3-D60C9127DB03';sessionId <- 'AF5E906E-BC22-42B3-99C3-D60C9127DB03';scriptFile <- file.path(sessionDirectory, paste(sessionId, '.R', sep=''));rxIgnoreCallResult <- .Call('RxSqlSessionStart', list(sessionDirectory=sessionDirectory, sessionId=sessionId, waitTime=-1));source(scriptFile)") completed with (00000000) for user (MSSQLSERVER01, (null)) with current directory C:\PROGRA~1\MICROS~3\MSSQL1~1.MSS\MSSQL\EXTENS~1\MSSQLSERVER01\AF5E906E-BC22-42B3-99C3-D60C9127DB03 [redirected:(C:\PROGRA~1\MICROS~3\MSSQL1~1.MSS\MSSQL\EXTENS~1\MSSQLSERVER01\AF5E906E-BC22-42B3-99C3-D60C9127DB03\stdout.0.txt, C:\PROGRA~1\MICROS~3\MSSQL1~1.MSS\MSSQL\EXTENS~1\MSSQLSERVER01\AF5E906E-BC22-42B3-99C3-D60C9127DB03\stderr.0.txt)]
[2017-04-30 12:13:53.471][00003AF0][00003B1C][Info] Job PooledProcess-AF5E906E-BC22-42B3-99C3-D60C9127DB03(00000540) configured with killOnClose=1, memoryLimit=0, silentBreakAway=0
[2017-04-30 12:13:53.476][00003AF0][00003B1C][Info] Assigning PooledProcess(00000828, 00000818, AF5E906E-BC22-42B3-99C3-D60C9127DB03, C:\Program Files\Microsoft SQL Server\MSSQL13.MSSQLSERVER\R_SERVICES\bin\x64\rterm.exe) to Job PooledProcess-AF5E906E-BC22-42B3-99C3-D60C9127DB03(00000540)
[2017-04-30 12:13:53.480][00003AF0][00003B1C][Info] Resume(PooledProcess(00000828, 00000818, AF5E906E-BC22-42B3-99C3-D60C9127DB03, C:\Program Files\Microsoft SQL Server\MSSQL13.MSSQLSERVER\R_SERVICES\bin\x64\rterm.exe))
[2017-04-30 12:13:53.484][00003AF0][00003B1C][Info] Session[BB56B9E3-C6E7-4E85-BFA7-81889716A6F0] attached to pooled processes [F894FA44-8AAA-468C-BD82-2FF7E8D3072B, 52A6634B-467A-4397-A052-74DEDC1F5AFE, 2E582705-630C-4095-AACE-DD7830ED3F9D, B190CA48-5A17-438D-B040-FEB61673EF60, 45E780DF-1E25-49DC-8674-70CB1D4B1784, 4550FB09-9231-4C2C-ACF2-8FA12C31E3E9, 770ACA9B-8289-49D4-B69A-9740FBFA9852, AF5E906E-BC22-42B3-99C3-D60C9127DB03]
[2017-04-30 12:13:53.570][00003AF0][00003B1C][Info] SQLSatellite_LaunchSatellite(1, BB56B9E3-C6E7-4E85-BFA7-81889716A6F0, 8, 2164, nullptr, 000000127E3FE8C0, C:\Program Files\Microsoft SQL Server\MSSQL13.MSSQLSERVER\MSSQL\ExtensibilityData\MSSQLSERVER01) completed: 00000000
[2017-04-30 12:13:53.570][00003AF0][00003B1C][Info] < SQLSatellite_LaunchSatellite, dllmain.cpp, 291 (489 msecs)
[2017-04-30 12:14:01.948][00003AF0][00003B1C][Info] > SQLSatellite_LauncherCleanUp, dllmain.cpp, 381
[2017-04-30 12:14:01.948][00003AF0][00003B1C][Info] Job PooledProcess-F894FA44-8AAA-468C-BD82-2FF7E8D3072B(00000558) WaitAll(2, 5000) completed with 0
[2017-04-30 12:14:01.949][00003AF0][00003B1C][Info] Job PooledProcess-52A6634B-467A-4397-A052-74DEDC1F5AFE(000005FC) WaitAll(2, 5000) completed with 0
[2017-04-30 12:14:01.949][00003AF0][00003B1C][Info] Job PooledProcess-2E582705-630C-4095-AACE-DD7830ED3F9D(000009A0) WaitAll(2, 5000) completed with 0
[2017-04-30 12:14:01.949][00003AF0][00003B1C][Info] Job PooledProcess-B190CA48-5A17-438D-B040-FEB61673EF60(000008D0) WaitAll(2, 5000) completed with 0
[2017-04-30 12:14:01.949][00003AF0][00003B1C][Info] Job PooledProcess-45E780DF-1E25-49DC-8674-70CB1D4B1784(000008CC) WaitAll(2, 5000) completed with 0
[2017-04-30 12:14:01.994][00003AF0][00003B1C][Info] Job PooledProcess-4550FB09-9231-4C2C-ACF2-8FA12C31E3E9(00000884) WaitAll(2, 5000) completed with 0
[2017-04-30 12:14:01.995][00003AF0][00003B1C][Info] Job PooledProcess-770ACA9B-8289-49D4-B69A-9740FBFA9852(000008D8) WaitAll(2, 5000) completed with 0
[2017-04-30 12:14:01.996][00003AF0][00003B1C][Info] Job PooledProcess-AF5E906E-BC22-42B3-99C3-D60C9127DB03(00000540) WaitAll(2, 5000) completed with 0
[2017-04-30 12:14:01.996][00003AF0][00003B1C][Info] Job PooledProcess-F894FA44-8AAA-468C-BD82-2FF7E8D3072B(00000558) WaitAll(2, -1) completed with 0
[2017-04-30 12:14:01.996][00003AF0][00003B1C][Info] Job PooledProcess-52A6634B-467A-4397-A052-74DEDC1F5AFE(000005FC) WaitAll(2, -1) completed with 0
[2017-04-30 12:14:01.996][00003AF0][00003B1C][Info] Job PooledProcess-2E582705-630C-4095-AACE-DD7830ED3F9D(000009A0) WaitAll(2, -1) completed with 0
[2017-04-30 12:14:01.996][00003AF0][00003B1C][Info] Job PooledProcess-B190CA48-5A17-438D-B040-FEB61673EF60(000008D0) WaitAll(2, -1) completed with 0
[2017-04-30 12:14:01.996][00003AF0][00003B1C][Info] Job PooledProcess-45E780DF-1E25-49DC-8674-70CB1D4B1784(000008CC) WaitAll(2, -1) completed with 0
[2017-04-30 12:14:01.997][00003AF0][00003B1C][Info] Job PooledProcess-4550FB09-9231-4C2C-ACF2-8FA12C31E3E9(00000884) WaitAll(2, -1) completed with 0
[2017-04-30 12:14:01.997][00003AF0][00003B1C][Info] Job PooledProcess-770ACA9B-8289-49D4-B69A-9740FBFA9852(000008D8) WaitAll(2, -1) completed with 0
[2017-04-30 12:14:01.997][00003AF0][00003B1C][Info] Job PooledProcess-AF5E906E-BC22-42B3-99C3-D60C9127DB03(00000540) WaitAll(2, -1) completed with 0
[2017-04-30 12:14:02.009][00003AF0][00003B1C][Info] Session(BB56B9E3-C6E7-4E85-BFA7-81889716A6F0) logged 16 output files
[2017-04-30 12:14:02.009][00003AF0][00003B1C][Info] Job PooledProcess-F894FA44-8AAA-468C-BD82-2FF7E8D3072B(00000558) WaitAll(2, -1) completed with 0
[2017-04-30 12:14:02.009][00003AF0][00003B1C][Info] Job PooledProcess-F894FA44-8AAA-468C-BD82-2FF7E8D3072B(00000558) destroyed
[2017-04-30 12:14:02.011][00003AF0][00003F84][Info] StaleDirectoryCleaner starting directory deletions...
[2017-04-30 12:14:02.011][00003AF0][00003B1C][Info] ~WorkingDirectory(C:\PROGRA~1\MICROS~3\MSSQL1~1.MSS\MSSQL\EXTENS~1\MSSQLSERVER01\F894FA44-8AAA-468C-BD82-2FF7E8D3072B) deleted (0)
[2017-04-30 12:14:02.012][00003AF0][00003B1C][Info] Job PooledProcess-52A6634B-467A-4397-A052-74DEDC1F5AFE(000005FC) WaitAll(2, -1) completed with 0
[2017-04-30 12:14:02.012][00003AF0][00003B1C][Info] Job PooledProcess-52A6634B-467A-4397-A052-74DEDC1F5AFE(000005FC) destroyed
[2017-04-30 12:14:02.013][00003AF0][00003F84][Warning] StaleDirectoryCleaner() failed to delete C:\PROGRA~1\MICROS~3\MSSQL1~1.MSS\MSSQL\EXTENS~1\MSSQLSERVER01\F894FA44-8AAA-468C-BD82-2FF7E8D3072B after 5 retries
[2017-04-30 12:14:02.014][00003AF0][00003F84][Info] StaleDirectoryCleaner completed directory deletions with 1
[2017-04-30 12:14:02.015][00003AF0][00003F84][Info] StaleDirectoryCleaner starting directory deletions...
[2017-04-30 12:14:02.015][00003AF0][00003F84][Info] StaleDirectoryCleaner completed directory deletions with 1
[2017-04-30 12:14:02.015][00003AF0][00003B1C][Info] ~WorkingDirectory(C:\PROGRA~1\MICROS~3\MSSQL1~1.MSS\MSSQL\EXTENS~1\MSSQLSERVER01\52A6634B-467A-4397-A052-74DEDC1F5AFE) deleted (0)
[2017-04-30 12:14:02.015][00003AF0][00003F84][Info] StaleDirectoryCleaner starting directory deletions...
[2017-04-30 12:14:02.015][00003AF0][00003B1C][Info] Job PooledProcess-2E582705-630C-4095-AACE-DD7830ED3F9D(000009A0) WaitAll(2, -1) completed with 0
[2017-04-30 12:14:02.015][00003AF0][00003B1C][Info] Job PooledProcess-2E582705-630C-4095-AACE-DD7830ED3F9D(000009A0) destroyed
[2017-04-30 12:14:02.016][00003AF0][00003B1C][Info] ~WorkingDirectory(C:\PROGRA~1\MICROS~3\MSSQL1~1.MSS\MSSQL\EXTENS~1\MSSQLSERVER01\2E582705-630C-4095-AACE-DD7830ED3F9D) deleted (0)
[2017-04-30 12:14:02.018][00003AF0][00003B1C][Info] Job PooledProcess-B190CA48-5A17-438D-B040-FEB61673EF60(000008D0) WaitAll(2, -1) completed with 0
[2017-04-30 12:14:02.018][00003AF0][00003B1C][Info] Job PooledProcess-B190CA48-5A17-438D-B040-FEB61673EF60(000008D0) destroyed
[2017-04-30 12:14:02.019][00003AF0][00003F84][Warning] StaleDirectoryCleaner() failed to delete C:\PROGRA~1\MICROS~3\MSSQL1~1.MSS\MSSQL\EXTENS~1\MSSQLSERVER01\52A6634B-467A-4397-A052-74DEDC1F5AFE after 5 retries
[2017-04-30 12:14:02.020][00003AF0][00003B1C][Info] ~WorkingDirectory(C:\PROGRA~1\MICROS~3\MSSQL1~1.MSS\MSSQL\EXTENS~1\MSSQLSERVER01\B190CA48-5A17-438D-B040-FEB61673EF60) deleted (0)
[2017-04-30 12:14:02.022][00003AF0][00003B1C][Info] Job PooledProcess-45E780DF-1E25-49DC-8674-70CB1D4B1784(000008CC) WaitAll(2, -1) completed with 0
[2017-04-30 12:14:02.022][00003AF0][00003B1C][Info] Job PooledProcess-45E780DF-1E25-49DC-8674-70CB1D4B1784(000008CC) destroyed
[2017-04-30 12:14:02.023][00003AF0][00003F84][Warning] StaleDirectoryCleaner() failed to delete C:\PROGRA~1\MICROS~3\MSSQL1~1.MSS\MSSQL\EXTENS~1\MSSQLSERVER01\2E582705-630C-4095-AACE-DD7830ED3F9D after 5 retries
[2017-04-30 12:14:02.024][00003AF0][00003B1C][Info] ~WorkingDirectory(C:\PROGRA~1\MICROS~3\MSSQL1~1.MSS\MSSQL\EXTENS~1\MSSQLSERVER01\45E780DF-1E25-49DC-8674-70CB1D4B1784) deleted (1)
[2017-04-30 12:14:02.025][00003AF0][00003B1C][Info] Job PooledProcess-4550FB09-9231-4C2C-ACF2-8FA12C31E3E9(00000884) WaitAll(2, -1) completed with 0
[2017-04-30 12:14:02.025][00003AF0][00003B1C][Info] Job PooledProcess-4550FB09-9231-4C2C-ACF2-8FA12C31E3E9(00000884) destroyed
[2017-04-30 12:14:02.026][00003AF0][00003F84][Warning] StaleDirectoryCleaner() failed to delete C:\PROGRA~1\MICROS~3\MSSQL1~1.MSS\MSSQL\EXTENS~1\MSSQLSERVER01\B190CA48-5A17-438D-B040-FEB61673EF60 after 5 retries
[2017-04-30 12:14:02.026][00003AF0][00003F84][Info] StaleDirectoryCleaner completed directory deletions with 1
[2017-04-30 12:14:02.026][00003AF0][00003F84][Info] StaleDirectoryCleaner starting directory deletions...
[2017-04-30 12:14:02.026][00003AF0][00003F84][Info] StaleDirectoryCleaner completed directory deletions with 1
[2017-04-30 12:14:02.027][00003AF0][00003F84][Info] StaleDirectoryCleaner starting directory deletions...
[2017-04-30 12:14:02.027][00003AF0][00003B1C][Info] ~WorkingDirectory(C:\PROGRA~1\MICROS~3\MSSQL1~1.MSS\MSSQL\EXTENS~1\MSSQLSERVER01\4550FB09-9231-4C2C-ACF2-8FA12C31E3E9) deleted (0)
[2017-04-30 12:14:02.027][00003AF0][00003B1C][Info] Job PooledProcess-770ACA9B-8289-49D4-B69A-9740FBFA9852(000008D8) WaitAll(2, -1) completed with 0
[2017-04-30 12:14:02.028][00003AF0][00003B1C][Info] Job PooledProcess-770ACA9B-8289-49D4-B69A-9740FBFA9852(000008D8) destroyed
[2017-04-30 12:14:02.031][00003AF0][00003B1C][Info] ~WorkingDirectory(C:\PROGRA~1\MICROS~3\MSSQL1~1.MSS\MSSQL\EXTENS~1\MSSQLSERVER01\770ACA9B-8289-49D4-B69A-9740FBFA9852) deleted (1)
[2017-04-30 12:14:02.031][00003AF0][00003F84][Warning] StaleDirectoryCleaner() failed to delete C:\PROGRA~1\MICROS~3\MSSQL1~1.MSS\MSSQL\EXTENS~1\MSSQLSERVER01\4550FB09-9231-4C2C-ACF2-8FA12C31E3E9 after 5 retries
[2017-04-30 12:14:02.031][00003AF0][00003B1C][Info] Job PooledProcess-AF5E906E-BC22-42B3-99C3-D60C9127DB03(00000540) WaitAll(2, -1) completed with 0
[2017-04-30 12:14:02.031][00003AF0][00003F84][Info] StaleDirectoryCleaner completed directory deletions with 1
[2017-04-30 12:14:02.033][00003AF0][00003B1C][Info] Job PooledProcess-AF5E906E-BC22-42B3-99C3-D60C9127DB03(00000540) destroyed
[2017-04-30 12:14:02.033][00003AF0][00003F84][Info] StaleDirectoryCleaner starting directory deletions...
[2017-04-30 12:14:02.033][00003AF0][00003F84][Info] StaleDirectoryCleaner completed directory deletions with 1
[2017-04-30 12:14:02.035][00003AF0][00003B1C][Info] ~WorkingDirectory(C:\PROGRA~1\MICROS~3\MSSQL1~1.MSS\MSSQL\EXTENS~1\MSSQLSERVER01\AF5E906E-BC22-42B3-99C3-D60C9127DB03) deleted (1)
[2017-04-30 12:14:02.036][00003AF0][00003B1C][Info] Session BB56B9E3-C6E7-4E85-BFA7-81889716A6F0 removed from MSSQLSERVER01 user
[2017-04-30 12:14:02.036][00003AF0][00003B1C][Perf] Session(BB56B9E3-C6E7-4E85-BFA7-81889716A6F0) [SqlSatellite] deleted. Elapsed time: 8951 msecs
[2017-04-30 12:14:02.036][00003AF0][00003B1C][Info] SQLSatellite_LauncherCleanUp(BB56B9E3-C6E7-4E85-BFA7-81889716A6F0) completed: 00000000
[2017-04-30 12:14:02.036][00003AF0][00003B1C][Info] < SQLSatellite_LauncherCleanUp, dllmain.cpp, 381 (88 msecs)
[2017-04-30 12:14:52.446][00003AF0][00003CA0][Info] Telemetry Counters (0000013F09057870): (rxBTrees=0),(rxCor=0),(rxCov=0),(rxCovCor=0),(rxCrossTabs=0),(rxCube=0),(rxDForest=0),(rxDTree=0),(rxDataStep=0),(rxFactors=0),(rxGlm=0),(rxKmeans=0),(rxLinMod=357),(rxLogit=0),(rxMergeXdf=0),(rxNaiveBayes=0),(rxPredict_rxBTrees=0),(rxPredict_rxDForest=0),(rxPredict_rxDTree=0),(rxPredict_rxGlm=0),(rxPredict_rxLinMod=0),(rxPredict_rxLogit=0),(rxPredict_rxNaiveBayes=0),(rxSSCP=0),(rxSortXdf=0),(rxSummary=0),(rxTextToXdf=0)
[2017-04-30 12:19:52.448][00003AF0][00003CA0][Info] ProcessPool(MSSQLSERVER01-ss-2) trimming stale process [16AEB2B8-0230-493C-B757-48BAA8C3D960]
[2017-04-30 12:19:52.472][00003AF0][00003CA0][Info] Job PooledProcess-16AEB2B8-0230-493C-B757-48BAA8C3D960(0000093C) WaitAll(3, -1) completed with 0
[2017-04-30 12:19:52.472][00003AF0][00003CA0][Info] Job PooledProcess-16AEB2B8-0230-493C-B757-48BAA8C3D960(0000093C) destroyed
[2017-04-30 12:19:52.476][00003AF0][00003CA0][Info] ~WorkingDirectory(C:\PROGRA~1\MICROS~3\MSSQL1~1.MSS\MSSQL\EXTENS~1\MSSQLSERVER01\16AEB2B8-0230-493C-B757-48BAA8C3D960) deleted (1)
[2017-04-30 12:19:52.476][00003AF0][00003CA0][Info] ProcessPool(MSSQLSERVER01-ss-2) trimming stale process [4C9C3013-080A-44BD-BCF6-B3664EDECBCA]
[2017-04-30 12:19:52.497][00003AF0][00003CA0][Info] Job PooledProcess-4C9C3013-080A-44BD-BCF6-B3664EDECBCA(0000061C) WaitAll(3, -1) completed with 0
[2017-04-30 12:19:52.497][00003AF0][00003CA0][Info] Job PooledProcess-4C9C3013-080A-44BD-BCF6-B3664EDECBCA(0000061C) destroyed
[2017-04-30 12:19:52.500][00003AF0][00003CA0][Info] ~WorkingDirectory(C:\PROGRA~1\MICROS~3\MSSQL1~1.MSS\MSSQL\EXTENS~1\MSSQLSERVER01\4C9C3013-080A-44BD-BCF6-B3664EDECBCA) deleted (1)
[2017-04-30 12:19:52.501][00003AF0][00003CA0][Info] ProcessPool(MSSQLSERVER01-ss-2) trimming stale process [648BB3BE-85E8-4183-9204-37A06DBC34F0]
[2017-04-30 12:19:52.521][00003AF0][00003CA0][Info] Job PooledProcess-648BB3BE-85E8-4183-9204-37A06DBC34F0(000008E0) WaitAll(3, -1) completed with 0
[2017-04-30 12:19:52.521][00003AF0][00003CA0][Info] Job PooledProcess-648BB3BE-85E8-4183-9204-37A06DBC34F0(000008E0) destroyed
[2017-04-30 12:19:52.525][00003AF0][00003CA0][Info] ~WorkingDirectory(C:\PROGRA~1\MICROS~3\MSSQL1~1.MSS\MSSQL\EXTENS~1\MSSQLSERVER01\648BB3BE-85E8-4183-9204-37A06DBC34F0) deleted (1)
[2017-04-30 12:19:52.525][00003AF0][00003CA0][Info] ProcessPool(MSSQLSERVER01-ss-2) trimming stale process [79A45D9A-5A7F-4B57-B772-E218D95FC820]
[2017-04-30 12:19:52.541][00003AF0][00003CA0][Info] Job PooledProcess-79A45D9A-5A7F-4B57-B772-E218D95FC820(00000834) WaitAll(3, -1) completed with 0
[2017-04-30 12:19:52.541][00003AF0][00003CA0][Info] Job PooledProcess-79A45D9A-5A7F-4B57-B772-E218D95FC820(00000834) destroyed
[2017-04-30 12:19:52.545][00003AF0][00003CA0][Info] ~WorkingDirectory(C:\PROGRA~1\MICROS~3\MSSQL1~1.MSS\MSSQL\EXTENS~1\MSSQLSERVER01\79A45D9A-5A7F-4B57-B772-E218D95FC820) deleted (1)
[2017-04-30 12:19:52.545][00003AF0][00003CA0][Info] ProcessPool(MSSQLSERVER01-ss-2) trimming stale process [D1A0F147-7963-4888-9578-85B9523C5755]
[2017-04-30 12:19:52.565][00003AF0][00003CA0][Info] Job PooledProcess-D1A0F147-7963-4888-9578-85B9523C5755(000008FC) WaitAll(3, -1) completed with 0
[2017-04-30 12:19:52.565][00003AF0][00003CA0][Info] Job PooledProcess-D1A0F147-7963-4888-9578-85B9523C5755(000008FC) destroyed
[2017-04-30 12:19:52.569][00003AF0][00003CA0][Info] ~WorkingDirectory(C:\PROGRA~1\MICROS~3\MSSQL1~1.MSS\MSSQL\EXTENS~1\MSSQLSERVER01\D1A0F147-7963-4888-9578-85B9523C5755) deleted (1)
[2017-04-30 12:19:52.569][00003AF0][00003CA0][Info] ProcessPool(MSSQLSERVER01-ss-2) trimming stale process [C6AC413F-99A5-4BD6-889A-254017EA90E9]
[2017-04-30 12:19:52.591][00003AF0][00003CA0][Info] Job PooledProcess-C6AC413F-99A5-4BD6-889A-254017EA90E9(00000494) WaitAll(3, -1) completed with 0
[2017-04-30 12:19:52.591][00003AF0][00003CA0][Info] Job PooledProcess-C6AC413F-99A5-4BD6-889A-254017EA90E9(00000494) destroyed
[2017-04-30 12:19:52.595][00003AF0][00003CA0][Info] ~WorkingDirectory(C:\PROGRA~1\MICROS~3\MSSQL1~1.MSS\MSSQL\EXTENS~1\MSSQLSERVER01\C6AC413F-99A5-4BD6-889A-254017EA90E9) deleted (1)
[2017-04-30 12:19:52.595][00003AF0][00003CA0][Info] ProcessPool(MSSQLSERVER01-ss-2) trimming stale process [E9BBE31D-7BFE-47B6-85BE-6BA2E50E5E6D]
[2017-04-30 12:19:52.603][00003AF0][00003CA0][Info] Job PooledProcess-E9BBE31D-7BFE-47B6-85BE-6BA2E50E5E6D(00000904) WaitAll(3, -1) completed with 0
[2017-04-30 12:19:52.603][00003AF0][00003CA0][Info] Job PooledProcess-E9BBE31D-7BFE-47B6-85BE-6BA2E50E5E6D(00000904) destroyed
[2017-04-30 12:19:52.605][00003AF0][00003CA0][Info] ~WorkingDirectory(C:\PROGRA~1\MICROS~3\MSSQL1~1.MSS\MSSQL\EXTENS~1\MSSQLSERVER01\E9BBE31D-7BFE-47B6-85BE-6BA2E50E5E6D) deleted (1)
[2017-04-30 12:19:52.605][00003AF0][00003CA0][Info] ProcessPool(MSSQLSERVER01-ss-2) trimming stale process [05729EB0-E34B-429C-93A3-AC7D1291F4F4]
[2017-04-30 12:19:52.623][00003AF0][00003CA0][Info] Job PooledProcess-05729EB0-E34B-429C-93A3-AC7D1291F4F4(000008B0) WaitAll(3, -1) completed with 0
[2017-04-30 12:19:52.624][00003AF0][00003CA0][Info] Job PooledProcess-05729EB0-E34B-429C-93A3-AC7D1291F4F4(000008B0) destroyed
[2017-04-30 12:19:52.629][00003AF0][00003CA0][Info] ~WorkingDirectory(C:\PROGRA~1\MICROS~3\MSSQL1~1.MSS\MSSQL\EXTENS~1\MSSQLSERVER01\05729EB0-E34B-429C-93A3-AC7D1291F4F4) deleted (1)
[2017-04-30 12:19:52.629][00003AF0][00003CA0][Info] ProcessPool(MSSQLSERVER01-ss-2) trimmed from 8 to 0
[2017-04-30 12:19:52.629][00003AF0][0000254C][Info] ProcessPool::GrowAsyncWorker(MSSQLSERVER01-ss-2) wait completed with 0
[2017-04-30 12:19:52.629][00003AF0][0000254C][Info] ProcessPool::GrowAsyncWorker(MSSQLSERVER01-ss-2) completed with 0
[2017-04-30 12:19:52.630][00003AF0][00003CA0][Info] ProcessPool(MSSQLSERVER01-ss-2) stopped GrowAsyncWorker() thread 9548 [0000254C].
[2017-04-30 12:19:52.630][00003AF0][00003CA0][Info] ProcessPool(MSSQLSERVER01-ss-2) deleted with (0) pooled processes
