[2017-04-30 14:08:26.283][000022B8][00000824][Info] > SQLSatellite_LaunchSatellite, dllmain.cpp, 291
[2017-04-30 14:08:26.284][000022B8][00000824][Perf] Session(FAF91FCC-2FEE-4E3E-8A4D-24D1721243AD) [SqlSatellite] created.
[2017-04-30 14:08:26.284][000022B8][00000824][Info] Session(FAF91FCC-2FEE-4E3E-8A4D-24D1721243AD) CleanupOnExit=1, Settings.JobCleanupOnExit=1
[2017-04-30 14:08:26.284][000022B8][00000824][Info] Session FAF91FCC-2FEE-4E3E-8A4D-24D1721243AD assigned to MSSQLSERVER01 user
[2017-04-30 14:08:26.285][000022B8][00000824][Info] ProcessPool(MSSQLSERVER01-ss-2) with minimum processes 5 created
[2017-04-30 14:08:26.285][000022B8][00000824][Info] ProcessPool(MSSQLSERVER01-ss-2) started GrowAsyncWorker() thread 17856 [000045C0].
[2017-04-30 14:08:26.287][000022B8][000045C0][Info] WorkingDirectory(C:\PROGRA~1\MICROS~3\MSSQL1~1.MSS\MSSQL\EXTENS~1\MSSQLSERVER01\9D9AD293-DA53-452E-9794-4FF189FFB76E) created (1)
[2017-04-30 14:08:26.287][000022B8][00000824][Info] WorkingDirectory(C:\PROGRA~1\MICROS~3\MSSQL1~1.MSS\MSSQL\EXTENS~1\MSSQLSERVER01\C5E3E662-426E-4C7E-ACEB-29D49840F92E) created (1)
[2017-04-30 14:08:26.290][000022B8][000045C0][Info] CreateProces(C:\Program Files\Microsoft SQL Server\MSSQL13.MSSQLSERVER\R_SERVICES\bin\x64\rterm.exe  --slave --no-restore --no-save -e "library(RevoScaleR); sessionDirectory <- 'C:\\PROGRA~1\\MICROS~3\\MSSQL1~1.MSS\\MSSQL\\EXTENS~1\\MSSQLSERVER01\\9D9AD293-DA53-452E-9794-4FF189FFB76E';sessionId <- '9D9AD293-DA53-452E-9794-4FF189FFB76E';scriptFile <- file.path(sessionDirectory, paste(sessionId, '.R', sep=''));rxIgnoreCallResult <- .Call('RxSqlSessionStart', list(sessionDirectory=sessionDirectory, sessionId=sessionId, waitTime=-1));source(scriptFile)") completed with (00000000) for user (MSSQLSERVER01, (null)) with current directory C:\PROGRA~1\MICROS~3\MSSQL1~1.MSS\MSSQL\EXTENS~1\MSSQLSERVER01\9D9AD293-DA53-452E-9794-4FF189FFB76E [redirected:(C:\PROGRA~1\MICROS~3\MSSQL1~1.MSS\MSSQL\EXTENS~1\MSSQLSERVER01\9D9AD293-DA53-452E-9794-4FF189FFB76E\stdout.0.txt, C:\PROGRA~1\MICROS~3\MSSQL1~1.MSS\MSSQL\EXTENS~1\MSSQLSERVER01\9D9AD293-DA53-452E-9794-4FF189FFB76E\stderr.0.txt)]
[2017-04-30 14:08:26.290][000022B8][00000824][Info] CreateProces(C:\Program Files\Microsoft SQL Server\MSSQL13.MSSQLSERVER\R_SERVICES\bin\x64\rterm.exe  --slave --no-restore --no-save -e "library(RevoScaleR); sessionDirectory <- 'C:\\PROGRA~1\\MICROS~3\\MSSQL1~1.MSS\\MSSQL\\EXTENS~1\\MSSQLSERVER01\\C5E3E662-426E-4C7E-ACEB-29D49840F92E';sessionId <- 'C5E3E662-426E-4C7E-ACEB-29D49840F92E';scriptFile <- file.path(sessionDirectory, paste(sessionId, '.R', sep=''));rxIgnoreCallResult <- .Call('RxSqlSessionStart', list(sessionDirectory=sessionDirectory, sessionId=sessionId, waitTime=-1));source(scriptFile)") completed with (00000000) for user (MSSQLSERVER01, (null)) with current directory C:\PROGRA~1\MICROS~3\MSSQL1~1.MSS\MSSQL\EXTENS~1\MSSQLSERVER01\C5E3E662-426E-4C7E-ACEB-29D49840F92E [redirected:(C:\PROGRA~1\MICROS~3\MSSQL1~1.MSS\MSSQL\EXTENS~1\MSSQLSERVER01\C5E3E662-426E-4C7E-ACEB-29D49840F92E\stdout.0.txt, C:\PROGRA~1\MICROS~3\MSSQL1~1.MSS\MSSQL\EXTENS~1\MSSQLSERVER01\C5E3E662-426E-4C7E-ACEB-29D49840F92E\stderr.0.txt)]
[2017-04-30 14:08:26.291][000022B8][000045C0][Info] Job PooledProcess-9D9AD293-DA53-452E-9794-4FF189FFB76E(00000890) configured with killOnClose=1, memoryLimit=0, silentBreakAway=0
[2017-04-30 14:08:26.291][000022B8][000045C0][Info] Assigning PooledProcess(00000898, 0000088C, 9D9AD293-DA53-452E-9794-4FF189FFB76E, C:\Program Files\Microsoft SQL Server\MSSQL13.MSSQLSERVER\R_SERVICES\bin\x64\rterm.exe) to Job PooledProcess-9D9AD293-DA53-452E-9794-4FF189FFB76E(00000890)
[2017-04-30 14:08:26.291][000022B8][00000824][Info] Job PooledProcess-C5E3E662-426E-4C7E-ACEB-29D49840F92E(00000884) configured with killOnClose=1, memoryLimit=0, silentBreakAway=0
[2017-04-30 14:08:26.291][000022B8][000045C0][Info] Resume(PooledProcess(00000898, 0000088C, 9D9AD293-DA53-452E-9794-4FF189FFB76E, C:\Program Files\Microsoft SQL Server\MSSQL13.MSSQLSERVER\R_SERVICES\bin\x64\rterm.exe))
[2017-04-30 14:08:26.291][000022B8][00000824][Info] Assigning PooledProcess(00000854, 00000810, C5E3E662-426E-4C7E-ACEB-29D49840F92E, C:\Program Files\Microsoft SQL Server\MSSQL13.MSSQLSERVER\R_SERVICES\bin\x64\rterm.exe) to Job PooledProcess-C5E3E662-426E-4C7E-ACEB-29D49840F92E(00000884)
[2017-04-30 14:08:26.291][000022B8][00000824][Info] Resume(PooledProcess(00000854, 00000810, C5E3E662-426E-4C7E-ACEB-29D49840F92E, C:\Program Files\Microsoft SQL Server\MSSQL13.MSSQLSERVER\R_SERVICES\bin\x64\rterm.exe))
[2017-04-30 14:08:26.291][000022B8][00000824][Info] Session[FAF91FCC-2FEE-4E3E-8A4D-24D1721243AD] attached to pooled processes [C5E3E662-426E-4C7E-ACEB-29D49840F92E]
[2017-04-30 14:08:26.292][000022B8][000045C0][Info] WorkingDirectory(C:\PROGRA~1\MICROS~3\MSSQL1~1.MSS\MSSQL\EXTENS~1\MSSQLSERVER01\9EC06E97-2656-4115-B301-EDB73C579132) created (1)
[2017-04-30 14:08:26.295][000022B8][000045C0][Info] CreateProces(C:\Program Files\Microsoft SQL Server\MSSQL13.MSSQLSERVER\R_SERVICES\bin\x64\rterm.exe  --slave --no-restore --no-save -e "library(RevoScaleR); sessionDirectory <- 'C:\\PROGRA~1\\MICROS~3\\MSSQL1~1.MSS\\MSSQL\\EXTENS~1\\MSSQLSERVER01\\9EC06E97-2656-4115-B301-EDB73C579132';sessionId <- '9EC06E97-2656-4115-B301-EDB73C579132';scriptFile <- file.path(sessionDirectory, paste(sessionId, '.R', sep=''));rxIgnoreCallResult <- .Call('RxSqlSessionStart', list(sessionDirectory=sessionDirectory, sessionId=sessionId, waitTime=-1));source(scriptFile)") completed with (00000000) for user (MSSQLSERVER01, (null)) with current directory C:\PROGRA~1\MICROS~3\MSSQL1~1.MSS\MSSQL\EXTENS~1\MSSQLSERVER01\9EC06E97-2656-4115-B301-EDB73C579132 [redirected:(C:\PROGRA~1\MICROS~3\MSSQL1~1.MSS\MSSQL\EXTENS~1\MSSQLSERVER01\9EC06E97-2656-4115-B301-EDB73C579132\stdout.0.txt, C:\PROGRA~1\MICROS~3\MSSQL1~1.MSS\MSSQL\EXTENS~1\MSSQLSERVER01\9EC06E97-2656-4115-B301-EDB73C579132\stderr.0.txt)]
[2017-04-30 14:08:26.295][000022B8][000045C0][Info] Job PooledProcess-9EC06E97-2656-4115-B301-EDB73C579132(00000894) configured with killOnClose=1, memoryLimit=0, silentBreakAway=0
[2017-04-30 14:08:26.295][000022B8][000045C0][Info] Assigning PooledProcess(00000888, 0000081C, 9EC06E97-2656-4115-B301-EDB73C579132, C:\Program Files\Microsoft SQL Server\MSSQL13.MSSQLSERVER\R_SERVICES\bin\x64\rterm.exe) to Job PooledProcess-9EC06E97-2656-4115-B301-EDB73C579132(00000894)
[2017-04-30 14:08:26.295][000022B8][000045C0][Info] Resume(PooledProcess(00000888, 0000081C, 9EC06E97-2656-4115-B301-EDB73C579132, C:\Program Files\Microsoft SQL Server\MSSQL13.MSSQLSERVER\R_SERVICES\bin\x64\rterm.exe))
[2017-04-30 14:08:26.296][000022B8][000045C0][Info] WorkingDirectory(C:\PROGRA~1\MICROS~3\MSSQL1~1.MSS\MSSQL\EXTENS~1\MSSQLSERVER01\5728C3E8-BDE0-41F7-80CF-4977ECB22E7F) created (1)
[2017-04-30 14:08:26.297][000022B8][00000824][Info] SQLSatellite_LaunchSatellite(1, FAF91FCC-2FEE-4E3E-8A4D-24D1721243AD, 1, 2164, nullptr, 00000063379FE4D0, C:\Program Files\Microsoft SQL Server\MSSQL13.MSSQLSERVER\MSSQL\ExtensibilityData\MSSQLSERVER01) completed: 00000000
[2017-04-30 14:08:26.297][000022B8][00000824][Info] < SQLSatellite_LaunchSatellite, dllmain.cpp, 291 (13 msecs)
[2017-04-30 14:08:26.299][000022B8][000045C0][Info] CreateProces(C:\Program Files\Microsoft SQL Server\MSSQL13.MSSQLSERVER\R_SERVICES\bin\x64\rterm.exe  --slave --no-restore --no-save -e "library(RevoScaleR); sessionDirectory <- 'C:\\PROGRA~1\\MICROS~3\\MSSQL1~1.MSS\\MSSQL\\EXTENS~1\\MSSQLSERVER01\\5728C3E8-BDE0-41F7-80CF-4977ECB22E7F';sessionId <- '5728C3E8-BDE0-41F7-80CF-4977ECB22E7F';scriptFile <- file.path(sessionDirectory, paste(sessionId, '.R', sep=''));rxIgnoreCallResult <- .Call('RxSqlSessionStart', list(sessionDirectory=sessionDirectory, sessionId=sessionId, waitTime=-1));source(scriptFile)") completed with (00000000) for user (MSSQLSERVER01, (null)) with current directory C:\PROGRA~1\MICROS~3\MSSQL1~1.MSS\MSSQL\EXTENS~1\MSSQLSERVER01\5728C3E8-BDE0-41F7-80CF-4977ECB22E7F [redirected:(C:\PROGRA~1\MICROS~3\MSSQL1~1.MSS\MSSQL\EXTENS~1\MSSQLSERVER01\5728C3E8-BDE0-41F7-80CF-4977ECB22E7F\stdout.0.txt, C:\PROGRA~1\MICROS~3\MSSQL1~1.MSS\MSSQL\EXTENS~1\MSSQLSERVER01\5728C3E8-BDE0-41F7-80CF-4977ECB22E7F\stderr.0.txt)]
[2017-04-30 14:08:26.299][000022B8][000045C0][Info] Job PooledProcess-5728C3E8-BDE0-41F7-80CF-4977ECB22E7F(000008C8) configured with killOnClose=1, memoryLimit=0, silentBreakAway=0
[2017-04-30 14:08:26.299][000022B8][000045C0][Info] Assigning PooledProcess(000008D4, 000008D0, 5728C3E8-BDE0-41F7-80CF-4977ECB22E7F, C:\Program Files\Microsoft SQL Server\MSSQL13.MSSQLSERVER\R_SERVICES\bin\x64\rterm.exe) to Job PooledProcess-5728C3E8-BDE0-41F7-80CF-4977ECB22E7F(000008C8)
[2017-04-30 14:08:26.299][000022B8][000045C0][Info] Resume(PooledProcess(000008D4, 000008D0, 5728C3E8-BDE0-41F7-80CF-4977ECB22E7F, C:\Program Files\Microsoft SQL Server\MSSQL13.MSSQLSERVER\R_SERVICES\bin\x64\rterm.exe))
[2017-04-30 14:08:26.300][000022B8][000045C0][Info] WorkingDirectory(C:\PROGRA~1\MICROS~3\MSSQL1~1.MSS\MSSQL\EXTENS~1\MSSQLSERVER01\BACC447E-9605-4108-9009-3A264172493E) created (1)
[2017-04-30 14:08:26.303][000022B8][000045C0][Info] CreateProces(C:\Program Files\Microsoft SQL Server\MSSQL13.MSSQLSERVER\R_SERVICES\bin\x64\rterm.exe  --slave --no-restore --no-save -e "library(RevoScaleR); sessionDirectory <- 'C:\\PROGRA~1\\MICROS~3\\MSSQL1~1.MSS\\MSSQL\\EXTENS~1\\MSSQLSERVER01\\BACC447E-9605-4108-9009-3A264172493E';sessionId <- 'BACC447E-9605-4108-9009-3A264172493E';scriptFile <- file.path(sessionDirectory, paste(sessionId, '.R', sep=''));rxIgnoreCallResult <- .Call('RxSqlSessionStart', list(sessionDirectory=sessionDirectory, sessionId=sessionId, waitTime=-1));source(scriptFile)") completed with (00000000) for user (MSSQLSERVER01, (null)) with current directory C:\PROGRA~1\MICROS~3\MSSQL1~1.MSS\MSSQL\EXTENS~1\MSSQLSERVER01\BACC447E-9605-4108-9009-3A264172493E [redirected:(C:\PROGRA~1\MICROS~3\MSSQL1~1.MSS\MSSQL\EXTENS~1\MSSQLSERVER01\BACC447E-9605-4108-9009-3A264172493E\stdout.0.txt, C:\PROGRA~1\MICROS~3\MSSQL1~1.MSS\MSSQL\EXTENS~1\MSSQLSERVER01\BACC447E-9605-4108-9009-3A264172493E\stderr.0.txt)]
[2017-04-30 14:08:26.303][000022B8][000045C0][Info] Job PooledProcess-BACC447E-9605-4108-9009-3A264172493E(000008DC) configured with killOnClose=1, memoryLimit=0, silentBreakAway=0
[2017-04-30 14:08:26.303][000022B8][000045C0][Info] Assigning PooledProcess(000008BC, 000008B8, BACC447E-9605-4108-9009-3A264172493E, C:\Program Files\Microsoft SQL Server\MSSQL13.MSSQLSERVER\R_SERVICES\bin\x64\rterm.exe) to Job PooledProcess-BACC447E-9605-4108-9009-3A264172493E(000008DC)
[2017-04-30 14:08:26.303][000022B8][000045C0][Info] Resume(PooledProcess(000008BC, 000008B8, BACC447E-9605-4108-9009-3A264172493E, C:\Program Files\Microsoft SQL Server\MSSQL13.MSSQLSERVER\R_SERVICES\bin\x64\rterm.exe))
[2017-04-30 14:08:26.304][000022B8][000045C0][Info] WorkingDirectory(C:\PROGRA~1\MICROS~3\MSSQL1~1.MSS\MSSQL\EXTENS~1\MSSQLSERVER01\01D6340D-B839-471B-82A8-CA90E9B8A3E2) created (1)
[2017-04-30 14:08:26.307][000022B8][000045C0][Info] CreateProces(C:\Program Files\Microsoft SQL Server\MSSQL13.MSSQLSERVER\R_SERVICES\bin\x64\rterm.exe  --slave --no-restore --no-save -e "library(RevoScaleR); sessionDirectory <- 'C:\\PROGRA~1\\MICROS~3\\MSSQL1~1.MSS\\MSSQL\\EXTENS~1\\MSSQLSERVER01\\01D6340D-B839-471B-82A8-CA90E9B8A3E2';sessionId <- '01D6340D-B839-471B-82A8-CA90E9B8A3E2';scriptFile <- file.path(sessionDirectory, paste(sessionId, '.R', sep=''));rxIgnoreCallResult <- .Call('RxSqlSessionStart', list(sessionDirectory=sessionDirectory, sessionId=sessionId, waitTime=-1));source(scriptFile)") completed with (00000000) for user (MSSQLSERVER01, (null)) with current directory C:\PROGRA~1\MICROS~3\MSSQL1~1.MSS\MSSQL\EXTENS~1\MSSQLSERVER01\01D6340D-B839-471B-82A8-CA90E9B8A3E2 [redirected:(C:\PROGRA~1\MICROS~3\MSSQL1~1.MSS\MSSQL\EXTENS~1\MSSQLSERVER01\01D6340D-B839-471B-82A8-CA90E9B8A3E2\stdout.0.txt, C:\PROGRA~1\MICROS~3\MSSQL1~1.MSS\MSSQL\EXTENS~1\MSSQLSERVER01\01D6340D-B839-471B-82A8-CA90E9B8A3E2\stderr.0.txt)]
[2017-04-30 14:08:26.307][000022B8][000045C0][Info] Job PooledProcess-01D6340D-B839-471B-82A8-CA90E9B8A3E2(000008E8) configured with killOnClose=1, memoryLimit=0, silentBreakAway=0
[2017-04-30 14:08:26.307][000022B8][000045C0][Info] Assigning PooledProcess(000008F0, 000008EC, 01D6340D-B839-471B-82A8-CA90E9B8A3E2, C:\Program Files\Microsoft SQL Server\MSSQL13.MSSQLSERVER\R_SERVICES\bin\x64\rterm.exe) to Job PooledProcess-01D6340D-B839-471B-82A8-CA90E9B8A3E2(000008E8)
[2017-04-30 14:08:26.307][000022B8][000045C0][Info] Resume(PooledProcess(000008F0, 000008EC, 01D6340D-B839-471B-82A8-CA90E9B8A3E2, C:\Program Files\Microsoft SQL Server\MSSQL13.MSSQLSERVER\R_SERVICES\bin\x64\rterm.exe))
[2017-04-30 14:08:26.307][000022B8][000045C0][Info] ProcessPool(MSSQLSERVER01-ss-2) adding PooledProcess(00000898, 0000088C, 9D9AD293-DA53-452E-9794-4FF189FFB76E, C:\Program Files\Microsoft SQL Server\MSSQL13.MSSQLSERVER\R_SERVICES\bin\x64\rterm.exe)
[2017-04-30 14:08:26.307][000022B8][000045C0][Info] ProcessPool(MSSQLSERVER01-ss-2) adding PooledProcess(00000888, 0000081C, 9EC06E97-2656-4115-B301-EDB73C579132, C:\Program Files\Microsoft SQL Server\MSSQL13.MSSQLSERVER\R_SERVICES\bin\x64\rterm.exe)
[2017-04-30 14:08:26.307][000022B8][000045C0][Info] ProcessPool(MSSQLSERVER01-ss-2) adding PooledProcess(000008D4, 000008D0, 5728C3E8-BDE0-41F7-80CF-4977ECB22E7F, C:\Program Files\Microsoft SQL Server\MSSQL13.MSSQLSERVER\R_SERVICES\bin\x64\rterm.exe)
[2017-04-30 14:08:26.308][000022B8][000045C0][Info] ProcessPool(MSSQLSERVER01-ss-2) adding PooledProcess(000008BC, 000008B8, BACC447E-9605-4108-9009-3A264172493E, C:\Program Files\Microsoft SQL Server\MSSQL13.MSSQLSERVER\R_SERVICES\bin\x64\rterm.exe)
[2017-04-30 14:08:26.308][000022B8][000045C0][Info] ProcessPool(MSSQLSERVER01-ss-2) adding PooledProcess(000008F0, 000008EC, 01D6340D-B839-471B-82A8-CA90E9B8A3E2, C:\Program Files\Microsoft SQL Server\MSSQL13.MSSQLSERVER\R_SERVICES\bin\x64\rterm.exe)
[2017-04-30 14:08:26.308][000022B8][000045C0][Info] ProcessPool(MSSQLSERVER01-ss-2) expanded from 0 to 5
[2017-04-30 14:08:42.145][000022B8][00000824][Info] > SQLSatellite_LauncherCleanUp, dllmain.cpp, 381
[2017-04-30 14:08:42.237][000022B8][00000824][Info] Job PooledProcess-C5E3E662-426E-4C7E-ACEB-29D49840F92E(00000884) WaitAll(2, 5000) completed with 0
[2017-04-30 14:08:42.237][000022B8][00000824][Info] Job PooledProcess-C5E3E662-426E-4C7E-ACEB-29D49840F92E(00000884) WaitAll(2, -1) completed with 0
[2017-04-30 14:08:42.241][000022B8][00000824][Info] Session(FAF91FCC-2FEE-4E3E-8A4D-24D1721243AD) logged 2 output files
[2017-04-30 14:08:42.241][000022B8][00000824][Info] Job PooledProcess-C5E3E662-426E-4C7E-ACEB-29D49840F92E(00000884) WaitAll(2, -1) completed with 0
[2017-04-30 14:08:42.241][000022B8][00000824][Info] Job PooledProcess-C5E3E662-426E-4C7E-ACEB-29D49840F92E(00000884) destroyed
[2017-04-30 14:08:42.243][000022B8][00001830][Info] StaleDirectoryCleaner starting directory deletions...
[2017-04-30 14:08:42.243][000022B8][00000824][Info] ~WorkingDirectory(C:\PROGRA~1\MICROS~3\MSSQL1~1.MSS\MSSQL\EXTENS~1\MSSQLSERVER01\C5E3E662-426E-4C7E-ACEB-29D49840F92E) deleted (0)
[2017-04-30 14:08:42.243][000022B8][00000824][Info] Session FAF91FCC-2FEE-4E3E-8A4D-24D1721243AD removed from MSSQLSERVER01 user
[2017-04-30 14:08:42.243][000022B8][00000824][Perf] Session(FAF91FCC-2FEE-4E3E-8A4D-24D1721243AD) [SqlSatellite] deleted. Elapsed time: 15959 msecs
[2017-04-30 14:08:42.243][000022B8][00000824][Info] SQLSatellite_LauncherCleanUp(FAF91FCC-2FEE-4E3E-8A4D-24D1721243AD) completed: 00000000
[2017-04-30 14:08:42.243][000022B8][00000824][Info] < SQLSatellite_LauncherCleanUp, dllmain.cpp, 381 (98 msecs)
[2017-04-30 14:08:42.244][000022B8][00001830][Warning] StaleDirectoryCleaner() failed to delete C:\PROGRA~1\MICROS~3\MSSQL1~1.MSS\MSSQL\EXTENS~1\MSSQLSERVER01\C5E3E662-426E-4C7E-ACEB-29D49840F92E after 5 retries
[2017-04-30 14:08:42.244][000022B8][00001830][Info] StaleDirectoryCleaner completed directory deletions with 1
[2017-04-30 14:08:42.244][000022B8][00001830][Info] StaleDirectoryCleaner starting directory deletions...
[2017-04-30 14:08:42.244][000022B8][00001830][Info] StaleDirectoryCleaner completed directory deletions with 1
[2017-04-30 14:09:19.860][000022B8][0000420C][Info] Telemetry Counters (0000021127004550): (rxBTrees=0),(rxCor=0),(rxCov=0),(rxCovCor=0),(rxCrossTabs=0),(rxCube=0),(rxDForest=0),(rxDTree=0),(rxDataStep=0),(rxFactors=0),(rxGlm=0),(rxKmeans=0),(rxLinMod=359),(rxLogit=0),(rxMergeXdf=0),(rxNaiveBayes=0),(rxPredict_rxBTrees=0),(rxPredict_rxDForest=0),(rxPredict_rxDTree=0),(rxPredict_rxGlm=0),(rxPredict_rxLinMod=0),(rxPredict_rxLogit=0),(rxPredict_rxNaiveBayes=0),(rxSSCP=0),(rxSortXdf=0),(rxSummary=0),(rxTextToXdf=0)
[2017-04-30 14:14:19.861][000022B8][0000420C][Info] ProcessPool(MSSQLSERVER01-ss-2) trimming stale process [9D9AD293-DA53-452E-9794-4FF189FFB76E]
[2017-04-30 14:14:19.878][000022B8][0000420C][Info] Job PooledProcess-9D9AD293-DA53-452E-9794-4FF189FFB76E(00000890) WaitAll(3, -1) completed with 0
[2017-04-30 14:14:19.878][000022B8][0000420C][Info] Job PooledProcess-9D9AD293-DA53-452E-9794-4FF189FFB76E(00000890) destroyed
[2017-04-30 14:14:19.879][000022B8][0000420C][Info] ~WorkingDirectory(C:\PROGRA~1\MICROS~3\MSSQL1~1.MSS\MSSQL\EXTENS~1\MSSQLSERVER01\9D9AD293-DA53-452E-9794-4FF189FFB76E) deleted (1)
[2017-04-30 14:14:19.880][000022B8][0000420C][Info] ProcessPool(MSSQLSERVER01-ss-2) trimming stale process [9EC06E97-2656-4115-B301-EDB73C579132]
[2017-04-30 14:14:19.900][000022B8][0000420C][Info] Job PooledProcess-9EC06E97-2656-4115-B301-EDB73C579132(00000894) WaitAll(3, -1) completed with 0
[2017-04-30 14:14:19.900][000022B8][0000420C][Info] Job PooledProcess-9EC06E97-2656-4115-B301-EDB73C579132(00000894) destroyed
[2017-04-30 14:14:19.902][000022B8][0000420C][Info] ~WorkingDirectory(C:\PROGRA~1\MICROS~3\MSSQL1~1.MSS\MSSQL\EXTENS~1\MSSQLSERVER01\9EC06E97-2656-4115-B301-EDB73C579132) deleted (1)
[2017-04-30 14:14:19.902][000022B8][0000420C][Info] ProcessPool(MSSQLSERVER01-ss-2) trimming stale process [5728C3E8-BDE0-41F7-80CF-4977ECB22E7F]
[2017-04-30 14:14:19.912][000022B8][0000420C][Info] Job PooledProcess-5728C3E8-BDE0-41F7-80CF-4977ECB22E7F(000008C8) WaitAll(3, -1) completed with 0
[2017-04-30 14:14:19.912][000022B8][0000420C][Info] Job PooledProcess-5728C3E8-BDE0-41F7-80CF-4977ECB22E7F(000008C8) destroyed
[2017-04-30 14:14:19.914][000022B8][0000420C][Info] ~WorkingDirectory(C:\PROGRA~1\MICROS~3\MSSQL1~1.MSS\MSSQL\EXTENS~1\MSSQLSERVER01\5728C3E8-BDE0-41F7-80CF-4977ECB22E7F) deleted (1)
[2017-04-30 14:14:19.914][000022B8][0000420C][Info] ProcessPool(MSSQLSERVER01-ss-2) trimming stale process [BACC447E-9605-4108-9009-3A264172493E]
[2017-04-30 14:14:19.935][000022B8][0000420C][Info] Job PooledProcess-BACC447E-9605-4108-9009-3A264172493E(000008DC) WaitAll(3, -1) completed with 0
[2017-04-30 14:14:19.935][000022B8][0000420C][Info] Job PooledProcess-BACC447E-9605-4108-9009-3A264172493E(000008DC) destroyed
[2017-04-30 14:14:19.937][000022B8][0000420C][Info] ~WorkingDirectory(C:\PROGRA~1\MICROS~3\MSSQL1~1.MSS\MSSQL\EXTENS~1\MSSQLSERVER01\BACC447E-9605-4108-9009-3A264172493E) deleted (1)
[2017-04-30 14:14:19.937][000022B8][0000420C][Info] ProcessPool(MSSQLSERVER01-ss-2) trimming stale process [01D6340D-B839-471B-82A8-CA90E9B8A3E2]
[2017-04-30 14:14:19.948][000022B8][0000420C][Info] Job PooledProcess-01D6340D-B839-471B-82A8-CA90E9B8A3E2(000008E8) WaitAll(3, -1) completed with 0
[2017-04-30 14:14:19.949][000022B8][0000420C][Info] Job PooledProcess-01D6340D-B839-471B-82A8-CA90E9B8A3E2(000008E8) destroyed
[2017-04-30 14:14:19.950][000022B8][0000420C][Info] ~WorkingDirectory(C:\PROGRA~1\MICROS~3\MSSQL1~1.MSS\MSSQL\EXTENS~1\MSSQLSERVER01\01D6340D-B839-471B-82A8-CA90E9B8A3E2) deleted (1)
[2017-04-30 14:14:19.950][000022B8][0000420C][Info] ProcessPool(MSSQLSERVER01-ss-2) trimmed from 5 to 0
[2017-04-30 14:14:19.950][000022B8][000045C0][Info] ProcessPool::GrowAsyncWorker(MSSQLSERVER01-ss-2) wait completed with 0
[2017-04-30 14:14:19.950][000022B8][000045C0][Info] ProcessPool::GrowAsyncWorker(MSSQLSERVER01-ss-2) completed with 0
[2017-04-30 14:14:19.950][000022B8][0000420C][Info] ProcessPool(MSSQLSERVER01-ss-2) stopped GrowAsyncWorker() thread 17856 [000045C0].
[2017-04-30 14:14:19.950][000022B8][0000420C][Info] ProcessPool(MSSQLSERVER01-ss-2) deleted with (0) pooled processes
