[2017-04-09 05:37:50.253][00001214][00001BC8][Always] ***
[2017-04-09 05:37:50.253][00001214][00001BC8][Always] > [Trace session started] [FileTraceListener]
[2017-04-09 05:37:50.253][00001214][00001BC8][Always] --- Settings ---
[2017-04-09 05:37:50.254][00001214][00001BC8][Always] TraceLevel=4 (Info)
[2017-04-09 05:37:50.254][00001214][00001BC8][Always] File=C:\Program Files\Microsoft SQL Server\MSSQL13.MSSQLSERVER\MSSQL\Binn\rlauncher.config
[2017-04-09 05:37:50.254][00001214][00001BC8][Always] RHome=C:\Program Files\Microsoft SQL Server\MSSQL13.MSSQLSERVER\R_SERVICES
[2017-04-09 05:37:50.254][00001214][00001BC8][Always] MpiHome=C:\Program Files\Microsoft MPI
[2017-04-09 05:37:50.255][00001214][00001BC8][Always] InstanceName=MSSQLSERVER
[2017-04-09 05:37:50.255][00001214][00001BC8][Always] LogDirectory=C:\Program Files\Microsoft SQL Server\MSSQL13.MSSQLSERVER\MSSQL\LOG\ExtensibilityLog
[2017-04-09 05:37:50.255][00001214][00001BC8][Always] WorkingDirectory=C:\PROGRA~1\MICROS~2\MSSQL1~1.MSS\MSSQL\EXTENS~1
[2017-04-09 05:37:50.255][00001214][00001BC8][Always] WorkingDirectoryLongPath=C:\Program Files\Microsoft SQL Server\MSSQL13.MSSQLSERVER\MSSQL\ExtensibilityData
[2017-04-09 05:37:50.255][00001214][00001BC8][Always] SqlSatellitePath=C:\Program Files\Microsoft SQL Server\MSSQL13.MSSQLSERVER\MSSQL\Binn\sqlsatellite.dll
[2017-04-09 05:37:50.255][00001214][00001BC8][Always] SqlSatelliteRPath=C:\\Program Files\\Microsoft SQL Server\\MSSQL13.MSSQLSERVER\\MSSQL\\Binn\\sqlsatellite.dll
[2017-04-09 05:37:50.255][00001214][00001BC8][Always] SqlSatelliteDirectory=C:\Program Files\Microsoft SQL Server\MSSQL13.MSSQLSERVER\MSSQL\Binn
[2017-04-09 05:37:50.255][00001214][00001BC8][Always] UserIsolationEnabled=1
[2017-04-09 05:37:50.255][00001214][00001BC8][Always] UsersConfigFile=C:\Program Files\Microsoft SQL Server\MSSQL13.MSSQLSERVER\MSSQL\Binn\sqlrconfig
[2017-04-09 05:37:50.255][00001214][00001BC8][Always] UsersConfigDataFile=C:\Program Files\Microsoft SQL Server\MSSQL13.MSSQLSERVER\MSSQL\Binn\sqlrconfigdata
[2017-04-09 05:37:50.255][00001214][00001BC8][Always] JobCleanupOnExit=1
[2017-04-09 05:37:50.255][00001214][00001BC8][Always] JobMaxExecutionTime=-1 msecs
[2017-04-09 05:37:50.255][00001214][00001BC8][Always] StaleJobTime=60000 msecs
[2017-04-09 05:37:50.255][00001214][00001BC8][Always] StaleJobPollTime=10000 msecs
[2017-04-09 05:37:50.255][00001214][00001BC8][Always] JobMonitorPollTime=500 msecs
[2017-04-09 05:37:50.255][00001214][00001BC8][Always] RTermArgs=--slave --no-restore --no-save
[2017-04-09 05:37:50.255][00001214][00001BC8][Always] Script=library(RevoScaleR); sqlSatelliteCall <- function() { resultList <- .Call("RxSqlSatelliteCall", %s); }; sqlSatelliteCall()
[2017-04-09 05:37:50.255][00001214][00001BC8][Always] PoolScript=library(RevoScaleR); sessionDirectory <- '%s';sessionId <- '%s';scriptFile <- file.path(sessionDirectory, paste(sessionId, '.R', sep=''));rxIgnoreCallResult <- .Call('RxSqlSessionStart', list(sessionDirectory=sessionDirectory, sessionId=sessionId, waitTime=-1));source(scriptFile)
[2017-04-09 05:37:50.255][00001214][00001BC8][Always] UserPoolSize=65535
[2017-04-09 05:37:50.255][00001214][00001BC8][Always] ProcessPoolingEnabled=1
[2017-04-09 05:37:50.256][00001214][00001BC8][Always] ProcessRecycleEnabled=0
[2017-04-09 05:37:50.256][00001214][00001BC8][Always] StaleProcessTime=300000 msecs
[2017-04-09 05:37:50.256][00001214][00001BC8][Always] StaleProcessPollTime=60000 msecs
[2017-04-09 05:37:50.256][00001214][00001BC8][Always] TelemetryFlushInterval=300000
[2017-04-09 05:37:50.256][00001214][00001BC8][Always] ProcessPoolSqlSatelliteGrowth=5
[2017-04-09 05:37:50.256][00001214][00001BC8][Always] ProcessPoolRxJobGrowth=3
[2017-04-09 05:37:50.256][00001214][00001BC8][Always] LaunchpadSecurityEnabled=1
[2017-04-09 05:37:50.256][00001214][00001BC8][Always] KMP_AFFINITY=disabled
[2017-04-09 05:37:50.256][00001214][00001BC8][Info] SqlLicensePath=
[2017-04-09 05:37:50.256][00001214][00001BC8][Always] ---
[2017-04-09 05:37:50.256][00001214][00001BC8][Always] SqlLicenseFlag=10
[2017-04-09 05:37:50.256][00001214][00001BC8][Always] SqlSatellitePath=C:\Program Files\Microsoft SQL Server\MSSQL13.MSSQLSERVER\MSSQL\Binn\sqlsatellite.dll
[2017-04-09 05:37:50.256][00001214][00001BC8][Always] SqlSatelliteRPath=C:\\Program Files\\Microsoft SQL Server\\MSSQL13.MSSQLSERVER\\MSSQL\\Binn\\sqlsatellite.dll
[2017-04-09 05:37:50.256][00001214][00001BC8][Always] SqlSatelliteDirectory=C:\Program Files\Microsoft SQL Server\MSSQL13.MSSQLSERVER\MSSQL\Binn
[2017-04-09 05:37:50.256][00001214][00001BC8][Always] JobCleanupOnExit=1
[2017-04-09 05:37:50.256][00001214][00001BC8][Always] ScaleRJobCleaner.Start() successfully started thread 3948 [00000F6C].
[2017-04-09 05:37:50.256][00001214][00001BC8][Always] ProcessPoolTrimmer.Start() successfully started thread 4276 [000010B4].
[2017-04-09 05:37:50.257][00001214][00000F6C][Always] ScaleRStaleJobCleaner::Worker(0000023DECE8B730) started successfully.
[2017-04-09 05:37:50.257][00001214][00001BC8][Always] StaleDirectoryCleaner.Start() successfully started thread 10220 [000027EC].
[2017-04-09 05:37:50.257][00001214][000010B4][Always] ProcessPoolTrimmer::Worker(0000023DECE32700) started successfully.
[2017-04-09 05:37:50.257][00001214][000027EC][Info] StaleDirectoryCleaner::Worker(0000023DECE314E0) started successfully.
[2017-04-09 05:37:50.257][00001214][00001BC8][Info] Telemetry Counters (0000023DECE2C390): (rxBTrees=0),(rxCor=0),(rxCov=0),(rxCovCor=0),(rxCrossTabs=0),(rxCube=0),(rxDForest=0),(rxDTree=0),(rxDataStep=0),(rxFactors=0),(rxGlm=0),(rxKmeans=0),(rxLinMod=0),(rxLogit=0),(rxMergeXdf=0),(rxNaiveBayes=0),(rxPredict_rxBTrees=0),(rxPredict_rxDForest=0),(rxPredict_rxDTree=0),(rxPredict_rxGlm=0),(rxPredict_rxLinMod=0),(rxPredict_rxLogit=0),(rxPredict_rxNaiveBayes=0),(rxSSCP=0),(rxSortXdf=0),(rxSummary=0),(rxTextToXdf=0)
[2017-04-09 05:37:50.257][00001214][00001BC8][Always] ComputerName=WIN10-DEV
[2017-04-09 05:37:50.257][00001214][00001BC8][Always] SystemRoot=C:\WINDOWS
[2017-04-09 05:37:50.257][00001214][00001BC8][Always] User=NT Service\MSSQLLaunchpad
[2017-04-09 05:37:50.257][00001214][00001BC8][Always] UserProfile=C:\Users\MSSQLLaunchpad
[2017-04-09 05:37:50.257][00001214][00001BC8][Always] Users=0
[2017-04-09 05:37:50.257][00001214][00001BC8][Info] SQLSatellite_InitLauncher(600000, 1, 1, C:\Program Files\Microsoft SQL Server\MSSQL13.MSSQLSERVER\MSSQL\LOG\ExtensibilityLog, C:\Program Files\Microsoft SQL Server\MSSQL13.MSSQLSERVER\MSSQL\Binn\sqlsatellite.dll, C:\Program Files\Microsoft SQL Server\MSSQL13.MSSQLSERVER\MSSQL\ExtensibilityData) completed: 00000000
[2017-04-09 05:37:50.257][00001214][00001BC8][Info] < SQLSatellite_InitLauncher, dllmain.cpp, 157 (4 msecs)
[2017-04-09 05:37:50.257][00001214][00001BC8][Info] > SQLSatellite_RegisterLaunchContext, dllmain.cpp, 209
[2017-04-09 05:37:50.257][00001214][00001BC8][Info] SQLSatellite_RegisterLaunchContext(000000664E9FF750) completed: 00000000
[2017-04-09 05:37:50.257][00001214][00001BC8][Info] < SQLSatellite_RegisterLaunchContext, dllmain.cpp, 209 (0 msecs)
[2017-04-09 05:37:50.257][00001214][00001BC8][Info] > SQLSatellite_GetSupportedScriptTypes, dllmain.cpp, 107
[2017-04-09 05:37:50.257][00001214][00001BC8][Info] SQLSatellite_GetSupportedScriptTypes(1) completed: 00000000
[2017-04-09 05:37:50.257][00001214][00001BC8][Info] < SQLSatellite_GetSupportedScriptTypes, dllmain.cpp, 107 (0 msecs)
