Session(3291DD7C-4451-48E1-9838-C5A0DF67FA74) CleanupOnExit=1, Settings.JobCleanupOnExit=1
Session 3291DD7C-4451-48E1-9838-C5A0DF67FA74 assigned to MSSQLSERVER01 user
ProcessPool(MSSQLSERVER01-ss-2) with minimum processes 5 created
ProcessPool(MSSQLSERVER01-ss-2) started GrowAsyncWorker() thread 9016 [00002338].
WorkingDirectory(C:\PROGRA~1\MICROS~2\MSSQL1~1.MSS\MSSQL\EXTENS~1\MSSQLSERVER01\5F3BEB48-4E0A-4D0C-ACCF-3D8C6EB972EF) created (1)
WorkingDirectory(C:\PROGRA~1\MICROS~2\MSSQL1~1.MSS\MSSQL\EXTENS~1\MSSQLSERVER01\E7AB7781-A8C7-421F-BAA0-074075B41082) created (1)

CreateProces(
  C:\<path_to_sql_server_instance>\R_SERVICES\bin\x64\rterm.exe  
     --slave --no-restore --no-save 
  -e "library(RevoScaleR); 
  sessionDirectory <- 'C:\\...\\MSSQLSERVER01\\5F3BEB48-4E0A-4D0C-ACCF-3D8C6EB972EF';
  sessionId <- '5F3BEB48-4E0A-4D0C-ACCF-3D8C6EB972EF';
  scriptFile <- file.path(sessionDirectory, paste(sessionId, '.R', sep=''));
  rxIgnoreCallResult <- .Call('RxSqlSessionStart', 
      list(sessionDirectory=sessionDirectory, sessionId=sessionId, 
           waitTime=-1));source(scriptFile)") completed with (00000000) 
           for user (MSSQLSERVER01, (null)) with current directory C:\PROGRA~1\MICROS~2\MSSQL1~1.MSS\MSSQL\EXTENS~1\MSSQLSERVER01\5F3BEB48-4E0A-4D0C-ACCF-3D8C6EB972EF [redirected:(C:\PROGRA~1\MICROS~2\MSSQL1~1.MSS\MSSQL\EXTENS~1\MSSQLSERVER01\5F3BEB48-4E0A-4D0C-ACCF-3D8C6EB972EF\stdout.0.txt, C:\PROGRA~1\MICROS~2\MSSQL1~1.MSS\MSSQL\EXTENS~1\MSSQLSERVER01\5F3BEB48-4E0A-4D0C-ACCF-3D8C6EB972EF\stderr.0.txt)]

CreateProces(C:\Program Files\Microsoft SQL Server\MSSQL13.MSSQLSERVER\R_SERVICES\bin\x64\rterm.exe  --slave --no-restore --no-save -e "library(RevoScaleR); sessionDirectory <- 'C:\\PROGRA~1\\MICROS~2\\MSSQL1~1.MSS\\MSSQL\\EXTENS~1\\MSSQLSERVER01\\E7AB7781-A8C7-421F-BAA0-074075B41082';sessionId <- 'E7AB7781-A8C7-421F-BAA0-074075B41082';scriptFile <- file.path(sessionDirectory, paste(sessionId, '.R', sep=''));rxIgnoreCallResult <- .Call('RxSqlSessionStart', list(sessionDirectory=sessionDirectory, sessionId=sessionId, waitTime=-1));source(scriptFile)") completed with (00000000) for user (MSSQLSERVER01, (null)) with current directory C:\PROGRA~1\MICROS~2\MSSQL1~1.MSS\MSSQL\EXTENS~1\MSSQLSERVER01\E7AB7781-A8C7-421F-BAA0-074075B41082 [redirected:(C:\PROGRA~1\MICROS~2\MSSQL1~1.MSS\MSSQL\EXTENS~1\MSSQLSERVER01\E7AB7781-A8C7-421F-BAA0-074075B41082\stdout.0.txt, C:\PROGRA~1\MICROS~2\MSSQL1~1.MSS\MSSQL\EXTENS~1\MSSQLSERVER01\E7AB7781-A8C7-421F-BAA0-074075B41082\stderr.0.txt)]

Job PooledProcess-5F3BEB48-4E0A-4D0C-ACCF-3D8C6EB972EF(0000081C) configured with killOnClose=1, memoryLimit=0, silentBreakAway=0
Job PooledProcess-E7AB7781-A8C7-421F-BAA0-074075B41082(00000804) configured with killOnClose=1, memoryLimit=0, silentBreakAway=0

Assigning PooledProcess(00000834, 00000818, 5F3BEB48-4E0A-4D0C-ACCF-3D8C6EB972EF, C:\Program Files\Microsoft SQL Server\MSSQL13.MSSQLSERVER\R_SERVICES\bin\x64\rterm.exe) to Job PooledProcess-5F3BEB48-4E0A-4D0C-ACCF-3D8C6EB972EF(0000081C)
Assigning PooledProcess(00000828, 00000824, E7AB7781-A8C7-421F-BAA0-074075B41082, C:\Program Files\Microsoft SQL Server\MSSQL13.MSSQLSERVER\R_SERVICES\bin\x64\rterm.exe) to Job PooledProcess-E7AB7781-A8C7-421F-BAA0-074075B41082(00000804)

Resume(PooledProcess(00000834, 00000818, 5F3BEB48-4E0A-4D0C-ACCF-3D8C6EB972EF, C:\Program Files\Microsoft SQL Server\MSSQL13.MSSQLSERVER\R_SERVICES\bin\x64\rterm.exe))
Resume(PooledProcess(00000828, 00000824, E7AB7781-A8C7-421F-BAA0-074075B41082, C:\Program Files\Microsoft SQL Server\MSSQL13.MSSQLSERVER\R_SERVICES\bin\x64\rterm.exe))

Session[3291DD7C-4451-48E1-9838-C5A0DF67FA74] attached to pooled processes [5F3BEB48-4E0A-4D0C-ACCF-3D8C6EB972EF]

WorkingDirectory(C:\PROGRA~1\MICROS~2\MSSQL1~1.MSS\MSSQL\EXTENS~1\MSSQLSERVER01\A379EE0B-385A-41A9-86C3-A5C9D1FFDE7F) created (1)
CreateProces(C:\Program Files\Microsoft SQL Server\MSSQL13.MSSQLSERVER\R_SERVICES\bin\x64\rterm.exe  --slave --no-restore --no-save -e "library(RevoScaleR); sessionDirectory <- 'C:\\PROGRA~1\\MICROS~2\\MSSQL1~1.MSS\\MSSQL\\EXTENS~1\\MSSQLSERVER01\\A379EE0B-385A-41A9-86C3-A5C9D1FFDE7F';sessionId <- 'A379EE0B-385A-41A9-86C3-A5C9D1FFDE7F';scriptFile <- file.path(sessionDirectory, paste(sessionId, '.R', sep=''));rxIgnoreCallResult <- .Call('RxSqlSessionStart', list(sessionDirectory=sessionDirectory, sessionId=sessionId, waitTime=-1));source(scriptFile)") completed with (00000000) for user (MSSQLSERVER01, (null)) with current directory C:\PROGRA~1\MICROS~2\MSSQL1~1.MSS\MSSQL\EXTENS~1\MSSQLSERVER01\A379EE0B-385A-41A9-86C3-A5C9D1FFDE7F [redirected:(C:\PROGRA~1\MICROS~2\MSSQL1~1.MSS\MSSQL\EXTENS~1\MSSQLSERVER01\A379EE0B-385A-41A9-86C3-A5C9D1FFDE7F\stdout.0.txt, C:\PROGRA~1\MICROS~2\MSSQL1~1.MSS\MSSQL\EXTENS~1\MSSQLSERVER01\A379EE0B-385A-41A9-86C3-A5C9D1FFDE7F\stderr.0.txt)]
Job PooledProcess-A379EE0B-385A-41A9-86C3-A5C9D1FFDE7F(00000854) configured with killOnClose=1, memoryLimit=0, silentBreakAway=0
Assigning PooledProcess(00000820, 00000844, A379EE0B-385A-41A9-86C3-A5C9D1FFDE7F, C:\Program Files\Microsoft SQL Server\MSSQL13.MSSQLSERVER\R_SERVICES\bin\x64\rterm.exe) to Job PooledProcess-A379EE0B-385A-41A9-86C3-A5C9D1FFDE7F(00000854)
Resume(PooledProcess(00000820, 00000844, A379EE0B-385A-41A9-86C3-A5C9D1FFDE7F, C:\Program Files\Microsoft SQL Server\MSSQL13.MSSQLSERVER\R_SERVICES\bin\x64\rterm.exe))

WorkingDirectory(C:\PROGRA~1\MICROS~2\MSSQL1~1.MSS\MSSQL\EXTENS~1\MSSQLSERVER01\8CE5541F-3A70-4538-9329-9A74FC0580DE) created (1)
CreateProces(C:\Program Files\Microsoft SQL Server\MSSQL13.MSSQLSERVER\R_SERVICES\bin\x64\rterm.exe  --slave --no-restore --no-save -e "library(RevoScaleR); sessionDirectory <- 'C:\\PROGRA~1\\MICROS~2\\MSSQL1~1.MSS\\MSSQL\\EXTENS~1\\MSSQLSERVER01\\8CE5541F-3A70-4538-9329-9A74FC0580DE';sessionId <- '8CE5541F-3A70-4538-9329-9A74FC0580DE';scriptFile <- file.path(sessionDirectory, paste(sessionId, '.R', sep=''));rxIgnoreCallResult <- .Call('RxSqlSessionStart', list(sessionDirectory=sessionDirectory, sessionId=sessionId, waitTime=-1));source(scriptFile)") completed with (00000000) for user (MSSQLSERVER01, (null)) with current directory C:\PROGRA~1\MICROS~2\MSSQL1~1.MSS\MSSQL\EXTENS~1\MSSQLSERVER01\8CE5541F-3A70-4538-9329-9A74FC0580DE [redirected:(C:\PROGRA~1\MICROS~2\MSSQL1~1.MSS\MSSQL\EXTENS~1\MSSQLSERVER01\8CE5541F-3A70-4538-9329-9A74FC0580DE\stdout.0.txt, C:\PROGRA~1\MICROS~2\MSSQL1~1.MSS\MSSQL\EXTENS~1\MSSQLSERVER01\8CE5541F-3A70-4538-9329-9A74FC0580DE\stderr.0.txt)]
Job PooledProcess-8CE5541F-3A70-4538-9329-9A74FC0580DE(00000860) configured with killOnClose=1, memoryLimit=0, silentBreakAway=0
Assigning PooledProcess(0000084C, 00000838, 8CE5541F-3A70-4538-9329-9A74FC0580DE, C:\Program Files\Microsoft SQL Server\MSSQL13.MSSQLSERVER\R_SERVICES\bin\x64\rterm.exe) to Job PooledProcess-8CE5541F-3A70-4538-9329-9A74FC0580DE(00000860)
Resume(PooledProcess(0000084C, 00000838, 8CE5541F-3A70-4538-9329-9A74FC0580DE, C:\Program Files\Microsoft SQL Server\MSSQL13.MSSQLSERVER\R_SERVICES\bin\x64\rterm.exe))

WorkingDirectory(C:\PROGRA~1\MICROS~2\MSSQL1~1.MSS\MSSQL\EXTENS~1\MSSQLSERVER01\97608E5B-B70D-4E69-9D6D-56BEC2FC0F81) created (1)
CreateProces(C:\Program Files\Microsoft SQL Server\MSSQL13.MSSQLSERVER\R_SERVICES\bin\x64\rterm.exe  --slave --no-restore --no-save -e "library(RevoScaleR); sessionDirectory <- 'C:\\PROGRA~1\\MICROS~2\\MSSQL1~1.MSS\\MSSQL\\EXTENS~1\\MSSQLSERVER01\\97608E5B-B70D-4E69-9D6D-56BEC2FC0F81';sessionId <- '97608E5B-B70D-4E69-9D6D-56BEC2FC0F81';scriptFile <- file.path(sessionDirectory, paste(sessionId, '.R', sep=''));rxIgnoreCallResult <- .Call('RxSqlSessionStart', list(sessionDirectory=sessionDirectory, sessionId=sessionId, waitTime=-1));source(scriptFile)") completed with (00000000) for user (MSSQLSERVER01, (null)) with current directory C:\PROGRA~1\MICROS~2\MSSQL1~1.MSS\MSSQL\EXTENS~1\MSSQLSERVER01\97608E5B-B70D-4E69-9D6D-56BEC2FC0F81 [redirected:(C:\PROGRA~1\MICROS~2\MSSQL1~1.MSS\MSSQL\EXTENS~1\MSSQLSERVER01\97608E5B-B70D-4E69-9D6D-56BEC2FC0F81\stdout.0.txt, C:\PROGRA~1\MICROS~2\MSSQL1~1.MSS\MSSQL\EXTENS~1\MSSQLSERVER01\97608E5B-B70D-4E69-9D6D-56BEC2FC0F81\stderr.0.txt)]
Job PooledProcess-97608E5B-B70D-4E69-9D6D-56BEC2FC0F81(00000864) configured with killOnClose=1, memoryLimit=0, silentBreakAway=0
Assigning PooledProcess(00000870, 0000086C, 97608E5B-B70D-4E69-9D6D-56BEC2FC0F81, C:\Program Files\Microsoft SQL Server\MSSQL13.MSSQLSERVER\R_SERVICES\bin\x64\rterm.exe) to Job PooledProcess-97608E5B-B70D-4E69-9D6D-56BEC2FC0F81(00000864)
Resume(PooledProcess(00000870, 0000086C, 97608E5B-B70D-4E69-9D6D-56BEC2FC0F81, C:\Program Files\Microsoft SQL Server\MSSQL13.MSSQLSERVER\R_SERVICES\bin\x64\rterm.exe))

WorkingDirectory(C:\PROGRA~1\MICROS~2\MSSQL1~1.MSS\MSSQL\EXTENS~1\MSSQLSERVER01\74E3C23C-56B6-4A16-B1E3-E4C00335FB97) created (1)
CreateProces(C:\Program Files\Microsoft SQL Server\MSSQL13.MSSQLSERVER\R_SERVICES\bin\x64\rterm.exe  --slave --no-restore --no-save -e "library(RevoScaleR); sessionDirectory <- 'C:\\PROGRA~1\\MICROS~2\\MSSQL1~1.MSS\\MSSQL\\EXTENS~1\\MSSQLSERVER01\\74E3C23C-56B6-4A16-B1E3-E4C00335FB97';sessionId <- '74E3C23C-56B6-4A16-B1E3-E4C00335FB97';scriptFile <- file.path(sessionDirectory, paste(sessionId, '.R', sep=''));rxIgnoreCallResult <- .Call('RxSqlSessionStart', list(sessionDirectory=sessionDirectory, sessionId=sessionId, waitTime=-1));source(scriptFile)") completed with (00000000) for user (MSSQLSERVER01, (null)) with current directory C:\PROGRA~1\MICROS~2\MSSQL1~1.MSS\MSSQL\EXTENS~1\MSSQLSERVER01\74E3C23C-56B6-4A16-B1E3-E4C00335FB97 [redirected:(C:\PROGRA~1\MICROS~2\MSSQL1~1.MSS\MSSQL\EXTENS~1\MSSQLSERVER01\74E3C23C-56B6-4A16-B1E3-E4C00335FB97\stdout.0.txt, C:\PROGRA~1\MICROS~2\MSSQL1~1.MSS\MSSQL\EXTENS~1\MSSQLSERVER01\74E3C23C-56B6-4A16-B1E3-E4C00335FB97\stderr.0.txt)]
Job PooledProcess-74E3C23C-56B6-4A16-B1E3-E4C00335FB97(00000878) configured with killOnClose=1, memoryLimit=0, silentBreakAway=0
Assigning PooledProcess(00000888, 00000884, 74E3C23C-56B6-4A16-B1E3-E4C00335FB97, C:\Program Files\Microsoft SQL Server\MSSQL13.MSSQLSERVER\R_SERVICES\bin\x64\rterm.exe) to Job PooledProcess-74E3C23C-56B6-4A16-B1E3-E4C00335FB97(00000878)
Resume(PooledProcess(00000888, 00000884, 74E3C23C-56B6-4A16-B1E3-E4C00335FB97, C:\Program Files\Microsoft SQL Server\MSSQL13.MSSQLSERVER\R_SERVICES\bin\x64\rterm.exe))





[2017-04-09 07:15:13.457][00002F4C][00002338][Info] ProcessPool(MSSQLSERVER01-ss-2) adding PooledProcess(00000828, 00000824, E7AB7781-A8C7-421F-BAA0-074075B41082, C:\Program Files\Microsoft SQL Server\MSSQL13.MSSQLSERVER\R_SERVICES\bin\x64\rterm.exe)
[2017-04-09 07:15:13.457][00002F4C][00002338][Info] ProcessPool(MSSQLSERVER01-ss-2) adding PooledProcess(00000820, 00000844, A379EE0B-385A-41A9-86C3-A5C9D1FFDE7F, C:\Program Files\Microsoft SQL Server\MSSQL13.MSSQLSERVER\R_SERVICES\bin\x64\rterm.exe)
[2017-04-09 07:15:13.457][00002F4C][00002338][Info] ProcessPool(MSSQLSERVER01-ss-2) adding PooledProcess(0000084C, 00000838, 8CE5541F-3A70-4538-9329-9A74FC0580DE, C:\Program Files\Microsoft SQL Server\MSSQL13.MSSQLSERVER\R_SERVICES\bin\x64\rterm.exe)
[2017-04-09 07:15:13.457][00002F4C][00002338][Info] ProcessPool(MSSQLSERVER01-ss-2) adding PooledProcess(00000870, 0000086C, 97608E5B-B70D-4E69-9D6D-56BEC2FC0F81, C:\Program Files\Microsoft SQL Server\MSSQL13.MSSQLSERVER\R_SERVICES\bin\x64\rterm.exe)
[2017-04-09 07:15:13.457][00002F4C][00002338][Info] ProcessPool(MSSQLSERVER01-ss-2) adding PooledProcess(00000888, 00000884, 74E3C23C-56B6-4A16-B1E3-E4C00335FB97, C:\Program Files\Microsoft SQL Server\MSSQL13.MSSQLSERVER\R_SERVICES\bin\x64\rterm.exe)
[2017-04-09 07:15:13.457][00002F4C][00002338][Info] ProcessPool(MSSQLSERVER01-ss-2) expanded from 0 to 5
[2017-04-09 07:15:14.648][00002F4C][00000FB4][Info] > SQLSatellite_LauncherCleanUp, dllmain.cpp, 381
[2017-04-09 07:15:14.658][00002F4C][00000FB4][Info] Job PooledProcess-5F3BEB48-4E0A-4D0C-ACCF-3D8C6EB972EF(0000081C) WaitAll(1, 5000) completed with 0
[2017-04-09 07:15:14.658][00002F4C][00000FB4][Info] Job PooledProcess-5F3BEB48-4E0A-4D0C-ACCF-3D8C6EB972EF(0000081C) WaitAll(1, -1) completed with 0
[2017-04-09 07:15:14.658][00002F4C][00000FB4][Info] Session(3291DD7C-4451-48E1-9838-C5A0DF67FA74) logged 2 output files
[2017-04-09 07:15:14.658][00002F4C][00000FB4][Info] Job PooledProcess-5F3BEB48-4E0A-4D0C-ACCF-3D8C6EB972EF(0000081C) WaitAll(1, -1) completed with 0
[2017-04-09 07:15:14.658][00002F4C][00000FB4][Info] Job PooledProcess-5F3BEB48-4E0A-4D0C-ACCF-3D8C6EB972EF(0000081C) destroyed
[2017-04-09 07:15:14.659][00002F4C][00000FB4][Info] ~WorkingDirectory(C:\PROGRA~1\MICROS~2\MSSQL1~1.MSS\MSSQL\EXTENS~1\MSSQLSERVER01\5F3BEB48-4E0A-4D0C-ACCF-3D8C6EB972EF) deleted (0)
[2017-04-09 07:15:14.659][00002F4C][000032FC][Info] StaleDirectoryCleaner starting directory deletions...
[2017-04-09 07:15:14.659][00002F4C][00000FB4][Info] Session 3291DD7C-4451-48E1-9838-C5A0DF67FA74 removed from MSSQLSERVER01 user
[2017-04-09 07:15:14.659][00002F4C][00000FB4][Perf] Session(3291DD7C-4451-48E1-9838-C5A0DF67FA74) [SqlSatellite] deleted. Elapsed time: 1222 msecs
[2017-04-09 07:15:14.659][00002F4C][00000FB4][Info] SQLSatellite_LauncherCleanUp(3291DD7C-4451-48E1-9838-C5A0DF67FA74) completed: 00000000
[2017-04-09 07:15:14.659][00002F4C][00000FB4][Info] < SQLSatellite_LauncherCleanUp, dllmain.cpp, 381 (11 msecs)
[2017-04-09 07:15:14.661][00002F4C][000032FC][Warning] StaleDirectoryCleaner() failed to delete C:\PROGRA~1\MICROS~2\MSSQL1~1.MSS\MSSQL\EXTENS~1\MSSQLSERVER01\5F3BEB48-4E0A-4D0C-ACCF-3D8C6EB972EF after 5 retries
[2017-04-09 07:15:14.661][00002F4C][000032FC][Info] StaleDirectoryCleaner completed directory deletions with 1
[2017-04-09 07:15:14.661][00002F4C][000032FC][Info] StaleDirectoryCleaner starting directory deletions...
[2017-04-09 07:15:14.661][00002F4C][000032FC][Info] StaleDirectoryCleaner completed directory deletions with 1


SQLSatellite_LaunchSatellite(1, 3291DD7C-4451-48E1-9838-C5A0DF67FA74, 1, 51008, nullptr, 00000042805FE880, C:\Program Files\Microsoft SQL Server\MSSQL13.MSSQLSERVER\MSSQL\ExtensibilityData\MSSQLSERVER01) completed: 00000000
[2017-04-09 07:15:13.447][00002F4C][00000FB4][Info] < SQLSatellite_LaunchSatellite, dllmain.cpp, 291 (11 msecs)